-------------------------------------------------------------------------------
Test set: dk.sdu.mmmi.cbse.asteroidsnetbeansmodules.ApplicationTest
-------------------------------------------------------------------------------
Tests run: 2, Failures: 1, Errors: 1, Skipped: 0, Time elapsed: 2.841 sec <<< FAILURE!
testApplication(dk.sdu.mmmi.cbse.asteroidsnetbeansmodules.ApplicationTest)  Time elapsed: 1.022 sec  <<< ERROR!
java.nio.file.NoSuchFileException: /Users/jcs/Workspace/GitHub/SB4-KOM-F20/AsteroidsNetbeansModules/application/src/test/resources/enemy/updates.xml
	at java.base/sun.nio.fs.UnixException.translateToIOException(UnixException.java:92)
	at java.base/sun.nio.fs.UnixException.rethrowAsIOException(UnixException.java:106)
	at java.base/sun.nio.fs.UnixException.rethrowAsIOException(UnixException.java:111)
	at java.base/sun.nio.fs.UnixCopyFile.copy(UnixCopyFile.java:546)
	at java.base/sun.nio.fs.UnixFileSystemProvider.copy(UnixFileSystemProvider.java:258)
	at java.base/java.nio.file.Files.copy(Files.java:1299)
	at dk.sdu.mmmi.cbse.asteroidsnetbeansmodules.ApplicationTest.testApplication(ApplicationTest.java:52)
	at java.base/jdk.internal.reflect.NativeMethodAccessorImpl.invoke0(Native Method)
	at java.base/jdk.internal.reflect.NativeMethodAccessorImpl.invoke(NativeMethodAccessorImpl.java:78)
	at java.base/jdk.internal.reflect.DelegatingMethodAccessorImpl.invoke(DelegatingMethodAccessorImpl.java:43)
	at java.base/java.lang.reflect.Method.invoke(Method.java:567)
	at junit.framework.TestCase.runTest(TestCase.java:176)
	at org.netbeans.junit.NbTestCase.access$200(NbTestCase.java:77)
	at org.netbeans.junit.NbTestCase$2.doSomething(NbTestCase.java:460)
	at org.netbeans.junit.NbTestCase$1Guard.run(NbTestCase.java:386)
	at org.netbeans.junit.NbTestCase.runBare(NbTestCase.java:479)
	at junit.framework.TestResult$1.protect(TestResult.java:122)
	at junit.framework.TestResult.runProtected(TestResult.java:142)
	at junit.framework.TestResult.run(TestResult.java:125)
	at junit.framework.TestCase.run(TestCase.java:129)
	at org.netbeans.junit.NbTestCase.run(NbTestCase.java:275)
	at junit.framework.TestSuite.runTest(TestSuite.java:252)
	at org.netbeans.junit.NbModuleSuite$NbTestSuiteLogCheck.runTest(NbModuleSuite.java:1608)
	at junit.framework.TestSuite.run(TestSuite.java:247)
	at junit.framework.TestSuite.runTest(TestSuite.java:252)
	at junit.framework.TestSuite.run(TestSuite.java:247)
	at org.netbeans.junit.NbModuleSuite$S.runInRuntimeContainer(NbModuleSuite.java:939)
	at org.netbeans.junit.NbModuleSuite$S.access$100(NbModuleSuite.java:660)
	at org.netbeans.junit.NbModuleSuite$S$1.protect(NbModuleSuite.java:681)
	at junit.framework.TestResult.runProtected(TestResult.java:142)
	at org.netbeans.junit.NbModuleSuite$S.run(NbModuleSuite.java:677)
	at org.junit.internal.runners.JUnit38ClassRunner.run(JUnit38ClassRunner.java:86)
	at org.apache.maven.surefire.junit4.JUnit4Provider.execute(JUnit4Provider.java:252)
	at org.apache.maven.surefire.junit4.JUnit4Provider.executeTestSet(JUnit4Provider.java:141)
	at org.apache.maven.surefire.junit4.JUnit4Provider.invoke(JUnit4Provider.java:112)
	at java.base/jdk.internal.reflect.NativeMethodAccessorImpl.invoke0(Native Method)
	at java.base/jdk.internal.reflect.NativeMethodAccessorImpl.invoke(NativeMethodAccessorImpl.java:78)
	at java.base/jdk.internal.reflect.DelegatingMethodAccessorImpl.invoke(DelegatingMethodAccessorImpl.java:43)
	at java.base/java.lang.reflect.Method.invoke(Method.java:567)
	at org.apache.maven.surefire.util.ReflectionUtils.invokeMethodWithArray(ReflectionUtils.java:189)
	at org.apache.maven.surefire.booter.ProviderFactory$ProviderProxy.invoke(ProviderFactory.java:165)
	at org.apache.maven.surefire.booter.ProviderFactory.invokeProvider(ProviderFactory.java:85)
	at org.apache.maven.surefire.booter.ForkedBooter.runSuitesInProcess(ForkedBooter.java:113)
	at org.apache.maven.surefire.booter.ForkedBooter.main(ForkedBooter.java:75)
testNoWarningsReportedDuringExecution(org.netbeans.junit.internal.NbModuleLogHandler$FailOnException)  Time elapsed: 1.08 sec  <<< FAILURE!
junit.framework.AssertionFailedError: NbModuleSuite has been started with failOnMessage(WARNING) and failOnException(INFO). The following failures have been captured:
[org.openide.util.Exceptions] THREAD: main MSG: null
java.lang.reflect.InaccessibleObjectException: Unable to make protected java.util.Enumeration java.lang.ClassLoader.findResources(java.lang.String) throws java.io.IOException accessible: module java.base does not "opens java.lang" to unnamed module @0
  java.base/java.lang.reflect.AccessibleObject.checkCanSetAccessible(AccessibleObject.java:357)
  java.base/java.lang.reflect.AccessibleObject.checkCanSetAccessible(AccessibleObject.java:297)
  java.base/java.lang.reflect.Method.checkCanSetAccessible(Method.java:199)
  java.base/java.lang.reflect.Method.setAccessible(Method.java:193)
  org.netbeans.Module.findResources(Module.java:567)
  org.netbeans.core.startup.NbInstaller.loadLayers(NbInstaller.java:605)
  org.netbeans.core.startup.NbInstaller.loadImpl(NbInstaller.java:332)
  org.netbeans.core.startup.NbInstaller.access$000(NbInstaller.java:77)
  org.netbeans.core.startup.NbInstaller$1.run(NbInstaller.java:322)
  org.openide.filesystems.FileUtil$2.run(FileUtil.java:413)
  org.openide.filesystems.EventControl.runAtomicAction(EventControl.java:102)
  org.openide.filesystems.FileSystem.runAtomicAction(FileSystem.java:494)
  org.openide.filesystems.FileUtil.runAtomicAction(FileUtil.java:397)
  org.openide.filesystems.FileUtil.runAtomicAction(FileUtil.java:417)
  org.netbeans.core.startup.NbInstaller.load(NbInstaller.java:319)
  org.netbeans.ModuleManager.enable(ModuleManager.java:1449)
  org.netbeans.ModuleManager.enable(ModuleManager.java:1254)
  org.netbeans.core.startup.ModuleList.installNew(ModuleList.java:315)
  org.netbeans.core.startup.ModuleList.trigger(ModuleList.java:251)
  org.netbeans.core.startup.ModuleSystem.restore(ModuleSystem.java:298)
  org.netbeans.core.startup.Main.getModuleSystem(Main.java:156)
  org.netbeans.core.startup.Main.getModuleSystem(Main.java:125)
  org.netbeans.core.startup.Main.start(Main.java:282)
  org.netbeans.core.startup.TopThreadGroup.run(TopThreadGroup.java:98)
  java.base/java.lang.Thread.run(Thread.java:831)

[org.openide.util.Exceptions] THREAD: main MSG: null
java.lang.IllegalAccessException: class org.netbeans.Module cannot access a member of class java.lang.ClassLoader (in module java.base) with modifiers "protected"
  java.base/jdk.internal.reflect.Reflection.newIllegalAccessException(Reflection.java:385)
  java.base/java.lang.reflect.AccessibleObject.checkAccess(AccessibleObject.java:687)
  java.base/java.lang.reflect.Method.invoke(Method.java:559)
  org.netbeans.Module.findResources(Module.java:570)
  org.netbeans.core.startup.NbInstaller.loadLayers(NbInstaller.java:587)
  org.netbeans.core.startup.NbInstaller.loadImpl(NbInstaller.java:332)
  org.netbeans.core.startup.NbInstaller.access$000(NbInstaller.java:77)
  org.netbeans.core.startup.NbInstaller$1.run(NbInstaller.java:322)
  org.openide.filesystems.FileUtil$2.run(FileUtil.java:413)
  org.openide.filesystems.EventControl.runAtomicAction(EventControl.java:102)
  org.openide.filesystems.FileSystem.runAtomicAction(FileSystem.java:494)
  org.openide.filesystems.FileUtil.runAtomicAction(FileUtil.java:397)
  org.openide.filesystems.FileUtil.runAtomicAction(FileUtil.java:417)
  org.netbeans.core.startup.NbInstaller.load(NbInstaller.java:319)
  org.netbeans.ModuleManager.enable(ModuleManager.java:1449)
  org.netbeans.ModuleManager.enable(ModuleManager.java:1254)
  org.netbeans.core.startup.ModuleList.installNew(ModuleList.java:315)
  org.netbeans.core.startup.ModuleList.trigger(ModuleList.java:251)
  org.netbeans.core.startup.ModuleSystem.restore(ModuleSystem.java:298)
  org.netbeans.core.startup.Main.getModuleSystem(Main.java:156)
  org.netbeans.core.startup.Main.getModuleSystem(Main.java:125)
  org.netbeans.core.startup.Main.start(Main.java:282)
  org.netbeans.core.startup.TopThreadGroup.run(TopThreadGroup.java:98)
  java.base/java.lang.Thread.run(Thread.java:831)

[org.openide.util.Exceptions] THREAD: main MSG: null
java.lang.IllegalAccessException: class org.netbeans.Module cannot access a member of class java.lang.ClassLoader (in module java.base) with modifiers "protected"
  java.base/jdk.internal.reflect.Reflection.newIllegalAccessException(Reflection.java:385)
  java.base/java.lang.reflect.AccessibleObject.checkAccess(AccessibleObject.java:687)
  java.base/java.lang.reflect.Method.invoke(Method.java:559)
  org.netbeans.Module.findResources(Module.java:570)
  org.netbeans.core.startup.NbInstaller.loadLayers(NbInstaller.java:587)
  org.netbeans.core.startup.NbInstaller.loadImpl(NbInstaller.java:332)
  org.netbeans.core.startup.NbInstaller.access$000(NbInstaller.java:77)
  org.netbeans.core.startup.NbInstaller$1.run(NbInstaller.java:322)
  org.openide.filesystems.FileUtil$2.run(FileUtil.java:413)
  org.openide.filesystems.EventControl.runAtomicAction(EventControl.java:102)
  org.openide.filesystems.FileSystem.runAtomicAction(FileSystem.java:494)
  org.openide.filesystems.FileUtil.runAtomicAction(FileUtil.java:397)
  org.openide.filesystems.FileUtil.runAtomicAction(FileUtil.java:417)
  org.netbeans.core.startup.NbInstaller.load(NbInstaller.java:319)
  org.netbeans.ModuleManager.enable(ModuleManager.java:1449)
  org.netbeans.ModuleManager.enable(ModuleManager.java:1254)
  org.netbeans.core.startup.ModuleList.installNew(ModuleList.java:315)
  org.netbeans.core.startup.ModuleList.trigger(ModuleList.java:251)
  org.netbeans.core.startup.ModuleSystem.restore(ModuleSystem.java:298)
  org.netbeans.core.startup.Main.getModuleSystem(Main.java:156)
  org.netbeans.core.startup.Main.getModuleSystem(Main.java:125)
  org.netbeans.core.startup.Main.start(Main.java:282)
  org.netbeans.core.startup.TopThreadGroup.run(TopThreadGroup.java:98)
  java.base/java.lang.Thread.run(Thread.java:831)

[org.openide.util.Exceptions] THREAD: main MSG: null
java.lang.IllegalAccessException: class org.netbeans.Module cannot access a member of class java.lang.ClassLoader (in module java.base) with modifiers "protected"
  java.base/jdk.internal.reflect.Reflection.newIllegalAccessException(Reflection.java:385)
  java.base/java.lang.reflect.AccessibleObject.checkAccess(AccessibleObject.java:687)
  java.base/java.lang.reflect.Method.invoke(Method.java:559)
  org.netbeans.Module.findResources(Module.java:570)
  org.netbeans.core.startup.NbInstaller.loadLayers(NbInstaller.java:587)
  org.netbeans.core.startup.NbInstaller.loadImpl(NbInstaller.java:332)
  org.netbeans.core.startup.NbInstaller.access$000(NbInstaller.java:77)
  org.netbeans.core.startup.NbInstaller$1.run(NbInstaller.java:322)
  org.openide.filesystems.FileUtil$2.run(FileUtil.java:413)
  org.openide.filesystems.EventControl.runAtomicAction(EventControl.java:102)
  org.openide.filesystems.FileSystem.runAtomicAction(FileSystem.java:494)
  org.openide.filesystems.FileUtil.runAtomicAction(FileUtil.java:397)
  org.openide.filesystems.FileUtil.runAtomicAction(FileUtil.java:417)
  org.netbeans.core.startup.NbInstaller.load(NbInstaller.java:319)
  org.netbeans.ModuleManager.enable(ModuleManager.java:1449)
  org.netbeans.ModuleManager.enable(ModuleManager.java:1254)
  org.netbeans.core.startup.ModuleList.installNew(ModuleList.java:315)
  org.netbeans.core.startup.ModuleList.trigger(ModuleList.java:251)
  org.netbeans.core.startup.ModuleSystem.restore(ModuleSystem.java:298)
  org.netbeans.core.startup.Main.getModuleSystem(Main.java:156)
  org.netbeans.core.startup.Main.getModuleSystem(Main.java:125)
  org.netbeans.core.startup.Main.start(Main.java:282)
  org.netbeans.core.startup.TopThreadGroup.run(TopThreadGroup.java:98)
  java.base/java.lang.Thread.run(Thread.java:831)

[org.openide.util.Exceptions] THREAD: main MSG: null
java.lang.IllegalAccessException: class org.netbeans.Module cannot access a member of class java.lang.ClassLoader (in module java.base) with modifiers "protected"
  java.base/jdk.internal.reflect.Reflection.newIllegalAccessException(Reflection.java:385)
  java.base/java.lang.reflect.AccessibleObject.checkAccess(AccessibleObject.java:687)
  java.base/java.lang.reflect.Method.invoke(Method.java:559)
  org.netbeans.Module.findResources(Module.java:570)
  org.netbeans.core.startup.NbInstaller.loadLayers(NbInstaller.java:587)
  org.netbeans.core.startup.NbInstaller.loadImpl(NbInstaller.java:332)
  org.netbeans.core.startup.NbInstaller.access$000(NbInstaller.java:77)
  org.netbeans.core.startup.NbInstaller$1.run(NbInstaller.java:322)
  org.openide.filesystems.FileUtil$2.run(FileUtil.java:413)
  org.openide.filesystems.EventControl.runAtomicAction(EventControl.java:102)
  org.openide.filesystems.FileSystem.runAtomicAction(FileSystem.java:494)
  org.openide.filesystems.FileUtil.runAtomicAction(FileUtil.java:397)
  org.openide.filesystems.FileUtil.runAtomicAction(FileUtil.java:417)
  org.netbeans.core.startup.NbInstaller.load(NbInstaller.java:319)
  org.netbeans.ModuleManager.enable(ModuleManager.java:1449)
  org.netbeans.ModuleManager.enable(ModuleManager.java:1254)
  org.netbeans.core.startup.ModuleList.installNew(ModuleList.java:315)
  org.netbeans.core.startup.ModuleList.trigger(ModuleList.java:251)
  org.netbeans.core.startup.ModuleSystem.restore(ModuleSystem.java:298)
  org.netbeans.core.startup.Main.getModuleSystem(Main.java:156)
  org.netbeans.core.startup.Main.getModuleSystem(Main.java:125)
  org.netbeans.core.startup.Main.start(Main.java:282)
  org.netbeans.core.startup.TopThreadGroup.run(TopThreadGroup.java:98)
  java.base/java.lang.Thread.run(Thread.java:831)

[org.openide.util.Exceptions] THREAD: main MSG: null
java.lang.IllegalAccessException: class org.netbeans.Module cannot access a member of class java.lang.ClassLoader (in module java.base) with modifiers "protected"
  java.base/jdk.internal.reflect.Reflection.newIllegalAccessException(Reflection.java:385)
  java.base/java.lang.reflect.AccessibleObject.checkAccess(AccessibleObject.java:687)
  java.base/java.lang.reflect.Method.invoke(Method.java:559)
  org.netbeans.Module.findResources(Module.java:570)
  org.netbeans.core.startup.NbInstaller.loadLayers(NbInstaller.java:587)
  org.netbeans.core.startup.NbInstaller.loadImpl(NbInstaller.java:332)
  org.netbeans.core.startup.NbInstaller.access$000(NbInstaller.java:77)
  org.netbeans.core.startup.NbInstaller$1.run(NbInstaller.java:322)
  org.openide.filesystems.FileUtil$2.run(FileUtil.java:413)
  org.openide.filesystems.EventControl.runAtomicAction(EventControl.java:102)
  org.openide.filesystems.FileSystem.runAtomicAction(FileSystem.java:494)
  org.openide.filesystems.FileUtil.runAtomicAction(FileUtil.java:397)
  org.openide.filesystems.FileUtil.runAtomicAction(FileUtil.java:417)
  org.netbeans.core.startup.NbInstaller.load(NbInstaller.java:319)
  org.netbeans.ModuleManager.enable(ModuleManager.java:1449)
  org.netbeans.ModuleManager.enable(ModuleManager.java:1254)
  org.netbeans.core.startup.ModuleList.installNew(ModuleList.java:315)
  org.netbeans.core.startup.ModuleList.trigger(ModuleList.java:251)
  org.netbeans.core.startup.ModuleSystem.restore(ModuleSystem.java:298)
  org.netbeans.core.startup.Main.getModuleSystem(Main.java:156)
  org.netbeans.core.startup.Main.getModuleSystem(Main.java:125)
  org.netbeans.core.startup.Main.start(Main.java:282)
  org.netbeans.core.startup.TopThreadGroup.run(TopThreadGroup.java:98)
  java.base/java.lang.Thread.run(Thread.java:831)

[org.openide.util.Exceptions] THREAD: main MSG: null
java.lang.IllegalAccessException: class org.netbeans.Module cannot access a member of class java.lang.ClassLoader (in module java.base) with modifiers "protected"
  java.base/jdk.internal.reflect.Reflection.newIllegalAccessException(Reflection.java:385)
  java.base/java.lang.reflect.AccessibleObject.checkAccess(AccessibleObject.java:687)
  java.base/java.lang.reflect.Method.invoke(Method.java:559)
  org.netbeans.Module.findResources(Module.java:570)
  org.netbeans.core.startup.NbInstaller.loadLayers(NbInstaller.java:587)
  org.netbeans.core.startup.NbInstaller.loadImpl(NbInstaller.java:332)
  org.netbeans.core.startup.NbInstaller.access$000(NbInstaller.java:77)
  org.netbeans.core.startup.NbInstaller$1.run(NbInstaller.java:322)
  org.openide.filesystems.FileUtil$2.run(FileUtil.java:413)
  org.openide.filesystems.EventControl.runAtomicAction(EventControl.java:102)
  org.openide.filesystems.FileSystem.runAtomicAction(FileSystem.java:494)
  org.openide.filesystems.FileUtil.runAtomicAction(FileUtil.java:397)
  org.openide.filesystems.FileUtil.runAtomicAction(FileUtil.java:417)
  org.netbeans.core.startup.NbInstaller.load(NbInstaller.java:319)
  org.netbeans.ModuleManager.enable(ModuleManager.java:1449)
  org.netbeans.ModuleManager.enable(ModuleManager.java:1254)
  org.netbeans.core.startup.ModuleList.installNew(ModuleList.java:315)
  org.netbeans.core.startup.ModuleList.trigger(ModuleList.java:251)
  org.netbeans.core.startup.ModuleSystem.restore(ModuleSystem.java:298)
  org.netbeans.core.startup.Main.getModuleSystem(Main.java:156)
  org.netbeans.core.startup.Main.getModuleSystem(Main.java:125)
  org.netbeans.core.startup.Main.start(Main.java:282)
  org.netbeans.core.startup.TopThreadGroup.run(TopThreadGroup.java:98)
  java.base/java.lang.Thread.run(Thread.java:831)

[org.openide.util.Exceptions] THREAD: main MSG: null
java.lang.IllegalAccessException: class org.netbeans.Module cannot access a member of class java.lang.ClassLoader (in module java.base) with modifiers "protected"
  java.base/jdk.internal.reflect.Reflection.newIllegalAccessException(Reflection.java:385)
  java.base/java.lang.reflect.AccessibleObject.checkAccess(AccessibleObject.java:687)
  java.base/java.lang.reflect.Method.invoke(Method.java:559)
  org.netbeans.Module.findResources(Module.java:570)
  org.netbeans.core.startup.NbInstaller.loadLayers(NbInstaller.java:587)
  org.netbeans.core.startup.NbInstaller.loadImpl(NbInstaller.java:332)
  org.netbeans.core.startup.NbInstaller.access$000(NbInstaller.java:77)
  org.netbeans.core.startup.NbInstaller$1.run(NbInstaller.java:322)
  org.openide.filesystems.FileUtil$2.run(FileUtil.java:413)
  org.openide.filesystems.EventControl.runAtomicAction(EventControl.java:102)
  org.openide.filesystems.FileSystem.runAtomicAction(FileSystem.java:494)
  org.openide.filesystems.FileUtil.runAtomicAction(FileUtil.java:397)
  org.openide.filesystems.FileUtil.runAtomicAction(FileUtil.java:417)
  org.netbeans.core.startup.NbInstaller.load(NbInstaller.java:319)
  org.netbeans.ModuleManager.enable(ModuleManager.java:1449)
  org.netbeans.ModuleManager.enable(ModuleManager.java:1254)
  org.netbeans.core.startup.ModuleList.installNew(ModuleList.java:315)
  org.netbeans.core.startup.ModuleList.trigger(ModuleList.java:251)
  org.netbeans.core.startup.ModuleSystem.restore(ModuleSystem.java:298)
  org.netbeans.core.startup.Main.getModuleSystem(Main.java:156)
  org.netbeans.core.startup.Main.getModuleSystem(Main.java:125)
  org.netbeans.core.startup.Main.start(Main.java:282)
  org.netbeans.core.startup.TopThreadGroup.run(TopThreadGroup.java:98)
  java.base/java.lang.Thread.run(Thread.java:831)

[org.openide.util.Exceptions] THREAD: main MSG: null
java.lang.IllegalAccessException: class org.netbeans.Module cannot access a member of class java.lang.ClassLoader (in module java.base) with modifiers "protected"
  java.base/jdk.internal.reflect.Reflection.newIllegalAccessException(Reflection.java:385)
  java.base/java.lang.reflect.AccessibleObject.checkAccess(AccessibleObject.java:687)
  java.base/java.lang.reflect.Method.invoke(Method.java:559)
  org.netbeans.Module.findResources(Module.java:570)
  org.netbeans.core.startup.NbInstaller.loadLayers(NbInstaller.java:587)
  org.netbeans.core.startup.NbInstaller.loadImpl(NbInstaller.java:332)
  org.netbeans.core.startup.NbInstaller.access$000(NbInstaller.java:77)
  org.netbeans.core.startup.NbInstaller$1.run(NbInstaller.java:322)
  org.openide.filesystems.FileUtil$2.run(FileUtil.java:413)
  org.openide.filesystems.EventControl.runAtomicAction(EventControl.java:102)
  org.openide.filesystems.FileSystem.runAtomicAction(FileSystem.java:494)
  org.openide.filesystems.FileUtil.runAtomicAction(FileUtil.java:397)
  org.openide.filesystems.FileUtil.runAtomicAction(FileUtil.java:417)
  org.netbeans.core.startup.NbInstaller.load(NbInstaller.java:319)
  org.netbeans.ModuleManager.enable(ModuleManager.java:1449)
  org.netbeans.ModuleManager.enable(ModuleManager.java:1254)
  org.netbeans.core.startup.ModuleList.installNew(ModuleList.java:315)
  org.netbeans.core.startup.ModuleList.trigger(ModuleList.java:251)
  org.netbeans.core.startup.ModuleSystem.restore(ModuleSystem.java:298)
  org.netbeans.core.startup.Main.getModuleSystem(Main.java:156)
  org.netbeans.core.startup.Main.getModuleSystem(Main.java:125)
  org.netbeans.core.startup.Main.start(Main.java:282)
  org.netbeans.core.startup.TopThreadGroup.run(TopThreadGroup.java:98)
  java.base/java.lang.Thread.run(Thread.java:831)

[org.openide.util.Exceptions] THREAD: main MSG: null
java.lang.IllegalAccessException: class org.netbeans.Module cannot access a member of class java.lang.ClassLoader (in module java.base) with modifiers "protected"
  java.base/jdk.internal.reflect.Reflection.newIllegalAccessException(Reflection.java:385)
  java.base/java.lang.reflect.AccessibleObject.checkAccess(AccessibleObject.java:687)
  java.base/java.lang.reflect.Method.invoke(Method.java:559)
  org.netbeans.Module.findResources(Module.java:570)
  org.netbeans.core.startup.NbInstaller.loadLayers(NbInstaller.java:587)
  org.netbeans.core.startup.NbInstaller.loadImpl(NbInstaller.java:332)
  org.netbeans.core.startup.NbInstaller.access$000(NbInstaller.java:77)
  org.netbeans.core.startup.NbInstaller$1.run(NbInstaller.java:322)
  org.openide.filesystems.FileUtil$2.run(FileUtil.java:413)
  org.openide.filesystems.EventControl.runAtomicAction(EventControl.java:102)
  org.openide.filesystems.FileSystem.runAtomicAction(FileSystem.java:494)
  org.openide.filesystems.FileUtil.runAtomicAction(FileUtil.java:397)
  org.openide.filesystems.FileUtil.runAtomicAction(FileUtil.java:417)
  org.netbeans.core.startup.NbInstaller.load(NbInstaller.java:319)
  org.netbeans.ModuleManager.enable(ModuleManager.java:1449)
  org.netbeans.ModuleManager.enable(ModuleManager.java:1254)
  org.netbeans.core.startup.ModuleList.installNew(ModuleList.java:315)
  org.netbeans.core.startup.ModuleList.trigger(ModuleList.java:251)
  org.netbeans.core.startup.ModuleSystem.restore(ModuleSystem.java:298)
  org.netbeans.core.startup.Main.getModuleSystem(Main.java:156)
  org.netbeans.core.startup.Main.getModuleSystem(Main.java:125)
  org.netbeans.core.startup.Main.start(Main.java:282)
  org.netbeans.core.startup.TopThreadGroup.run(TopThreadGroup.java:98)
  java.base/java.lang.Thread.run(Thread.java:831)

[org.openide.util.Exceptions] THREAD: main MSG: null
java.lang.IllegalAccessException: class org.netbeans.Module cannot access a member of class java.lang.ClassLoader (in module java.base) with modifiers "protected"
  java.base/jdk.internal.reflect.Reflection.newIllegalAccessException(Reflection.java:385)
  java.base/java.lang.reflect.AccessibleObject.checkAccess(AccessibleObject.java:687)
  java.base/java.lang.reflect.Method.invoke(Method.java:559)
  org.netbeans.Module.findResources(Module.java:570)
  org.netbeans.core.startup.NbInstaller.loadLayers(NbInstaller.java:587)
  org.netbeans.core.startup.NbInstaller.loadImpl(NbInstaller.java:332)
  org.netbeans.core.startup.NbInstaller.access$000(NbInstaller.java:77)
  org.netbeans.core.startup.NbInstaller$1.run(NbInstaller.java:322)
  org.openide.filesystems.FileUtil$2.run(FileUtil.java:413)
  org.openide.filesystems.EventControl.runAtomicAction(EventControl.java:102)
  org.openide.filesystems.FileSystem.runAtomicAction(FileSystem.java:494)
  org.openide.filesystems.FileUtil.runAtomicAction(FileUtil.java:397)
  org.openide.filesystems.FileUtil.runAtomicAction(FileUtil.java:417)
  org.netbeans.core.startup.NbInstaller.load(NbInstaller.java:319)
  org.netbeans.ModuleManager.enable(ModuleManager.java:1449)
  org.netbeans.ModuleManager.enable(ModuleManager.java:1254)
  org.netbeans.core.startup.ModuleList.installNew(ModuleList.java:315)
  org.netbeans.core.startup.ModuleList.trigger(ModuleList.java:251)
  org.netbeans.core.startup.ModuleSystem.restore(ModuleSystem.java:298)
  org.netbeans.core.startup.Main.getModuleSystem(Main.java:156)
  org.netbeans.core.startup.Main.getModuleSystem(Main.java:125)
  org.netbeans.core.startup.Main.start(Main.java:282)
  org.netbeans.core.startup.TopThreadGroup.run(TopThreadGroup.java:98)
  java.base/java.lang.Thread.run(Thread.java:831)

[org.openide.util.Exceptions] THREAD: main MSG: null
java.lang.IllegalAccessException: class org.netbeans.Module cannot access a member of class java.lang.ClassLoader (in module java.base) with modifiers "protected"
  java.base/jdk.internal.reflect.Reflection.newIllegalAccessException(Reflection.java:385)
  java.base/java.lang.reflect.AccessibleObject.checkAccess(AccessibleObject.java:687)
  java.base/java.lang.reflect.Method.invoke(Method.java:559)
  org.netbeans.Module.findResources(Module.java:570)
  org.netbeans.core.startup.NbInstaller.loadLayers(NbInstaller.java:587)
  org.netbeans.core.startup.NbInstaller.loadImpl(NbInstaller.java:332)
  org.netbeans.core.startup.NbInstaller.access$000(NbInstaller.java:77)
  org.netbeans.core.startup.NbInstaller$1.run(NbInstaller.java:322)
  org.openide.filesystems.FileUtil$2.run(FileUtil.java:413)
  org.openide.filesystems.EventControl.runAtomicAction(EventControl.java:102)
  org.openide.filesystems.FileSystem.runAtomicAction(FileSystem.java:494)
  org.openide.filesystems.FileUtil.runAtomicAction(FileUtil.java:397)
  org.openide.filesystems.FileUtil.runAtomicAction(FileUtil.java:417)
  org.netbeans.core.startup.NbInstaller.load(NbInstaller.java:319)
  org.netbeans.ModuleManager.enable(ModuleManager.java:1449)
  org.netbeans.ModuleManager.enable(ModuleManager.java:1254)
  org.netbeans.core.startup.ModuleList.installNew(ModuleList.java:315)
  org.netbeans.core.startup.ModuleList.trigger(ModuleList.java:251)
  org.netbeans.core.startup.ModuleSystem.restore(ModuleSystem.java:298)
  org.netbeans.core.startup.Main.getModuleSystem(Main.java:156)
  org.netbeans.core.startup.Main.getModuleSystem(Main.java:125)
  org.netbeans.core.startup.Main.start(Main.java:282)
  org.netbeans.core.startup.TopThreadGroup.run(TopThreadGroup.java:98)
  java.base/java.lang.Thread.run(Thread.java:831)

[org.openide.util.Exceptions] THREAD: main MSG: null
java.lang.IllegalAccessException: class org.netbeans.Module cannot access a member of class java.lang.ClassLoader (in module java.base) with modifiers "protected"
  java.base/jdk.internal.reflect.Reflection.newIllegalAccessException(Reflection.java:385)
  java.base/java.lang.reflect.AccessibleObject.checkAccess(AccessibleObject.java:687)
  java.base/java.lang.reflect.Method.invoke(Method.java:559)
  org.netbeans.Module.findResources(Module.java:570)
  org.netbeans.core.startup.NbInstaller.loadLayers(NbInstaller.java:587)
  org.netbeans.core.startup.NbInstaller.loadImpl(NbInstaller.java:332)
  org.netbeans.core.startup.NbInstaller.access$000(NbInstaller.java:77)
  org.netbeans.core.startup.NbInstaller$1.run(NbInstaller.java:322)
  org.openide.filesystems.FileUtil$2.run(FileUtil.java:413)
  org.openide.filesystems.EventControl.runAtomicAction(EventControl.java:102)
  org.openide.filesystems.FileSystem.runAtomicAction(FileSystem.java:494)
  org.openide.filesystems.FileUtil.runAtomicAction(FileUtil.java:397)
  org.openide.filesystems.FileUtil.runAtomicAction(FileUtil.java:417)
  org.netbeans.core.startup.NbInstaller.load(NbInstaller.java:319)
  org.netbeans.ModuleManager.enable(ModuleManager.java:1449)
  org.netbeans.ModuleManager.enable(ModuleManager.java:1254)
  org.netbeans.core.startup.ModuleList.installNew(ModuleList.java:315)
  org.netbeans.core.startup.ModuleList.trigger(ModuleList.java:251)
  org.netbeans.core.startup.ModuleSystem.restore(ModuleSystem.java:298)
  org.netbeans.core.startup.Main.getModuleSystem(Main.java:156)
  org.netbeans.core.startup.Main.getModuleSystem(Main.java:125)
  org.netbeans.core.startup.Main.start(Main.java:282)
  org.netbeans.core.startup.TopThreadGroup.run(TopThreadGroup.java:98)
  java.base/java.lang.Thread.run(Thread.java:831)

[org.openide.util.Exceptions] THREAD: main MSG: null
java.lang.IllegalAccessException: class org.netbeans.Module cannot access a member of class java.lang.ClassLoader (in module java.base) with modifiers "protected"
  java.base/jdk.internal.reflect.Reflection.newIllegalAccessException(Reflection.java:385)
  java.base/java.lang.reflect.AccessibleObject.checkAccess(AccessibleObject.java:687)
  java.base/java.lang.reflect.Method.invoke(Method.java:559)
  org.netbeans.Module.findResources(Module.java:570)
  org.netbeans.core.startup.NbInstaller.loadLayers(NbInstaller.java:605)
  org.netbeans.core.startup.NbInstaller.loadImpl(NbInstaller.java:332)
  org.netbeans.core.startup.NbInstaller.access$000(NbInstaller.java:77)
  org.netbeans.core.startup.NbInstaller$1.run(NbInstaller.java:322)
  org.openide.filesystems.FileUtil$2.run(FileUtil.java:413)
  org.openide.filesystems.EventControl.runAtomicAction(EventControl.java:102)
  org.openide.filesystems.FileSystem.runAtomicAction(FileSystem.java:494)
  org.openide.filesystems.FileUtil.runAtomicAction(FileUtil.java:397)
  org.openide.filesystems.FileUtil.runAtomicAction(FileUtil.java:417)
  org.netbeans.core.startup.NbInstaller.load(NbInstaller.java:319)
  org.netbeans.ModuleManager.enable(ModuleManager.java:1449)
  org.netbeans.ModuleManager.enable(ModuleManager.java:1254)
  org.netbeans.core.startup.ModuleList.installNew(ModuleList.java:315)
  org.netbeans.core.startup.ModuleList.trigger(ModuleList.java:251)
  org.netbeans.core.startup.ModuleSystem.restore(ModuleSystem.java:298)
  org.netbeans.core.startup.Main.getModuleSystem(Main.java:156)
  org.netbeans.core.startup.Main.getModuleSystem(Main.java:125)
  org.netbeans.core.startup.Main.start(Main.java:282)
  org.netbeans.core.startup.TopThreadGroup.run(TopThreadGroup.java:98)
  java.base/java.lang.Thread.run(Thread.java:831)

[org.openide.util.Exceptions] THREAD: main MSG: null
java.lang.IllegalAccessException: class org.netbeans.Module cannot access a member of class java.lang.ClassLoader (in module java.base) with modifiers "protected"
  java.base/jdk.internal.reflect.Reflection.newIllegalAccessException(Reflection.java:385)
  java.base/java.lang.reflect.AccessibleObject.checkAccess(AccessibleObject.java:687)
  java.base/java.lang.reflect.Method.invoke(Method.java:559)
  org.netbeans.Module.findResources(Module.java:570)
  org.netbeans.core.startup.NbInstaller.loadLayers(NbInstaller.java:605)
  org.netbeans.core.startup.NbInstaller.loadImpl(NbInstaller.java:332)
  org.netbeans.core.startup.NbInstaller.access$000(NbInstaller.java:77)
  org.netbeans.core.startup.NbInstaller$1.run(NbInstaller.java:322)
  org.openide.filesystems.FileUtil$2.run(FileUtil.java:413)
  org.openide.filesystems.EventControl.runAtomicAction(EventControl.java:102)
  org.openide.filesystems.FileSystem.runAtomicAction(FileSystem.java:494)
  org.openide.filesystems.FileUtil.runAtomicAction(FileUtil.java:397)
  org.openide.filesystems.FileUtil.runAtomicAction(FileUtil.java:417)
  org.netbeans.core.startup.NbInstaller.load(NbInstaller.java:319)
  org.netbeans.ModuleManager.enable(ModuleManager.java:1449)
  org.netbeans.ModuleManager.enable(ModuleManager.java:1254)
  org.netbeans.core.startup.ModuleList.installNew(ModuleList.java:315)
  org.netbeans.core.startup.ModuleList.trigger(ModuleList.java:251)
  org.netbeans.core.startup.ModuleSystem.restore(ModuleSystem.java:298)
  org.netbeans.core.startup.Main.getModuleSystem(Main.java:156)
  org.netbeans.core.startup.Main.getModuleSystem(Main.java:125)
  org.netbeans.core.startup.Main.start(Main.java:282)
  org.netbeans.core.startup.TopThreadGroup.run(TopThreadGroup.java:98)
  java.base/java.lang.Thread.run(Thread.java:831)

[org.openide.util.Exceptions] THREAD: main MSG: null
java.lang.IllegalAccessException: class org.netbeans.Module cannot access a member of class java.lang.ClassLoader (in module java.base) with modifiers "protected"
  java.base/jdk.internal.reflect.Reflection.newIllegalAccessException(Reflection.java:385)
  java.base/java.lang.reflect.AccessibleObject.checkAccess(AccessibleObject.java:687)
  java.base/java.lang.reflect.Method.invoke(Method.java:559)
  org.netbeans.Module.findResources(Module.java:570)
  org.netbeans.core.startup.NbInstaller.loadLayers(NbInstaller.java:605)
  org.netbeans.core.startup.NbInstaller.loadImpl(NbInstaller.java:332)
  org.netbeans.core.startup.NbInstaller.access$000(NbInstaller.java:77)
  org.netbeans.core.startup.NbInstaller$1.run(NbInstaller.java:322)
  org.openide.filesystems.FileUtil$2.run(FileUtil.java:413)
  org.openide.filesystems.EventControl.runAtomicAction(EventControl.java:102)
  org.openide.filesystems.FileSystem.runAtomicAction(FileSystem.java:494)
  org.openide.filesystems.FileUtil.runAtomicAction(FileUtil.java:397)
  org.openide.filesystems.FileUtil.runAtomicAction(FileUtil.java:417)
  org.netbeans.core.startup.NbInstaller.load(NbInstaller.java:319)
  org.netbeans.ModuleManager.enable(ModuleManager.java:1449)
  org.netbeans.ModuleManager.enable(ModuleManager.java:1254)
  org.netbeans.core.startup.ModuleList.installNew(ModuleList.java:315)
  org.netbeans.core.startup.ModuleList.trigger(ModuleList.java:251)
  org.netbeans.core.startup.ModuleSystem.restore(ModuleSystem.java:298)
  org.netbeans.core.startup.Main.getModuleSystem(Main.java:156)
  org.netbeans.core.startup.Main.getModuleSystem(Main.java:125)
  org.netbeans.core.startup.Main.start(Main.java:282)
  org.netbeans.core.startup.TopThreadGroup.run(TopThreadGroup.java:98)
  java.base/java.lang.Thread.run(Thread.java:831)

[org.openide.util.Exceptions] THREAD: main MSG: null
java.lang.IllegalAccessException: class org.netbeans.Module cannot access a member of class java.lang.ClassLoader (in module java.base) with modifiers "protected"
  java.base/jdk.internal.reflect.Reflection.newIllegalAccessException(Reflection.java:385)
  java.base/java.lang.reflect.AccessibleObject.checkAccess(AccessibleObject.java:687)
  java.base/java.lang.reflect.Method.invoke(Method.java:559)
  org.netbeans.Module.findResources(Module.java:570)
  org.netbeans.core.startup.NbInstaller.loadLayers(NbInstaller.java:605)
  org.netbeans.core.startup.NbInstaller.loadImpl(NbInstaller.java:332)
  org.netbeans.core.startup.NbInstaller.access$000(NbInstaller.java:77)
  org.netbeans.core.startup.NbInstaller$1.run(NbInstaller.java:322)
  org.openide.filesystems.FileUtil$2.run(FileUtil.java:413)
  org.openide.filesystems.EventControl.runAtomicAction(EventControl.java:102)
  org.openide.filesystems.FileSystem.runAtomicAction(FileSystem.java:494)
  org.openide.filesystems.FileUtil.runAtomicAction(FileUtil.java:397)
  org.openide.filesystems.FileUtil.runAtomicAction(FileUtil.java:417)
  org.netbeans.core.startup.NbInstaller.load(NbInstaller.java:319)
  org.netbeans.ModuleManager.enable(ModuleManager.java:1449)
  org.netbeans.ModuleManager.enable(ModuleManager.java:1254)
  org.netbeans.core.startup.ModuleList.installNew(ModuleList.java:315)
  org.netbeans.core.startup.ModuleList.trigger(ModuleList.java:251)
  org.netbeans.core.startup.ModuleSystem.restore(ModuleSystem.java:298)
  org.netbeans.core.startup.Main.getModuleSystem(Main.java:156)
  org.netbeans.core.startup.Main.getModuleSystem(Main.java:125)
  org.netbeans.core.startup.Main.start(Main.java:282)
  org.netbeans.core.startup.TopThreadGroup.run(TopThreadGroup.java:98)
  java.base/java.lang.Thread.run(Thread.java:831)

[org.openide.util.Exceptions] THREAD: main MSG: null
java.lang.IllegalAccessException: class org.netbeans.Module cannot access a member of class java.lang.ClassLoader (in module java.base) with modifiers "protected"
  java.base/jdk.internal.reflect.Reflection.newIllegalAccessException(Reflection.java:385)
  java.base/java.lang.reflect.AccessibleObject.checkAccess(AccessibleObject.java:687)
  java.base/java.lang.reflect.Method.invoke(Method.java:559)
  org.netbeans.Module.findResources(Module.java:570)
  org.netbeans.core.startup.NbInstaller.loadLayers(NbInstaller.java:605)
  org.netbeans.core.startup.NbInstaller.loadImpl(NbInstaller.java:332)
  org.netbeans.core.startup.NbInstaller.access$000(NbInstaller.java:77)
  org.netbeans.core.startup.NbInstaller$1.run(NbInstaller.java:322)
  org.openide.filesystems.FileUtil$2.run(FileUtil.java:413)
  org.openide.filesystems.EventControl.runAtomicAction(EventControl.java:102)
  org.openide.filesystems.FileSystem.runAtomicAction(FileSystem.java:494)
  org.openide.filesystems.FileUtil.runAtomicAction(FileUtil.java:397)
  org.openide.filesystems.FileUtil.runAtomicAction(FileUtil.java:417)
  org.netbeans.core.startup.NbInstaller.load(NbInstaller.java:319)
  org.netbeans.ModuleManager.enable(ModuleManager.java:1449)
  org.netbeans.ModuleManager.enable(ModuleManager.java:1254)
  org.netbeans.core.startup.ModuleList.installNew(ModuleList.java:315)
  org.netbeans.core.startup.ModuleList.trigger(ModuleList.java:251)
  org.netbeans.core.startup.ModuleSystem.restore(ModuleSystem.java:298)
  org.netbeans.core.startup.Main.getModuleSystem(Main.java:156)
  org.netbeans.core.startup.Main.getModuleSystem(Main.java:125)
  org.netbeans.core.startup.Main.start(Main.java:282)
  org.netbeans.core.startup.TopThreadGroup.run(TopThreadGroup.java:98)
  java.base/java.lang.Thread.run(Thread.java:831)

[org.openide.util.Exceptions] THREAD: main MSG: null
java.lang.IllegalAccessException: class org.netbeans.Module cannot access a member of class java.lang.ClassLoader (in module java.base) with modifiers "protected"
  java.base/jdk.internal.reflect.Reflection.newIllegalAccessException(Reflection.java:385)
  java.base/java.lang.reflect.AccessibleObject.checkAccess(AccessibleObject.java:687)
  java.base/java.lang.reflect.Method.invoke(Method.java:559)
  org.netbeans.Module.findResources(Module.java:570)
  org.netbeans.core.startup.NbInstaller.loadLayers(NbInstaller.java:587)
  org.netbeans.core.startup.NbInstaller.loadImpl(NbInstaller.java:332)
  org.netbeans.core.startup.NbInstaller.access$000(NbInstaller.java:77)
  org.netbeans.core.startup.NbInstaller$1.run(NbInstaller.java:322)
  org.openide.filesystems.FileUtil$2.run(FileUtil.java:413)
  org.openide.filesystems.EventControl.runAtomicAction(EventControl.java:102)
  org.openide.filesystems.FileSystem.runAtomicAction(FileSystem.java:494)
  org.openide.filesystems.FileUtil.runAtomicAction(FileUtil.java:397)
  org.openide.filesystems.FileUtil.runAtomicAction(FileUtil.java:417)
  org.netbeans.core.startup.NbInstaller.load(NbInstaller.java:319)
  org.netbeans.ModuleManager.enable(ModuleManager.java:1449)
  org.netbeans.ModuleManager.enable(ModuleManager.java:1254)
  org.netbeans.core.startup.ModuleList.installNew(ModuleList.java:315)
  org.netbeans.core.startup.ModuleList.trigger(ModuleList.java:251)
  org.netbeans.core.startup.ModuleSystem.restore(ModuleSystem.java:298)
  org.netbeans.core.startup.Main.getModuleSystem(Main.java:156)
  org.netbeans.core.startup.Main.getModuleSystem(Main.java:125)
  org.netbeans.core.startup.Main.start(Main.java:282)
  org.netbeans.core.startup.TopThreadGroup.run(TopThreadGroup.java:98)
  java.base/java.lang.Thread.run(Thread.java:831)

[org.openide.util.Exceptions] THREAD: main MSG: null
java.lang.IllegalAccessException: class org.netbeans.Module cannot access a member of class java.lang.ClassLoader (in module java.base) with modifiers "protected"
  java.base/jdk.internal.reflect.Reflection.newIllegalAccessException(Reflection.java:385)
  java.base/java.lang.reflect.AccessibleObject.checkAccess(AccessibleObject.java:687)
  java.base/java.lang.reflect.Method.invoke(Method.java:559)
  org.netbeans.Module.findResources(Module.java:570)
  org.netbeans.core.startup.NbInstaller.loadLayers(NbInstaller.java:587)
  org.netbeans.core.startup.NbInstaller.loadImpl(NbInstaller.java:332)
  org.netbeans.core.startup.NbInstaller.access$000(NbInstaller.java:77)
  org.netbeans.core.startup.NbInstaller$1.run(NbInstaller.java:322)
  org.openide.filesystems.FileUtil$2.run(FileUtil.java:413)
  org.openide.filesystems.EventControl.runAtomicAction(EventControl.java:102)
  org.openide.filesystems.FileSystem.runAtomicAction(FileSystem.java:494)
  org.openide.filesystems.FileUtil.runAtomicAction(FileUtil.java:397)
  org.openide.filesystems.FileUtil.runAtomicAction(FileUtil.java:417)
  org.netbeans.core.startup.NbInstaller.load(NbInstaller.java:319)
  org.netbeans.ModuleManager.enable(ModuleManager.java:1449)
  org.netbeans.ModuleManager.enable(ModuleManager.java:1254)
  org.netbeans.core.startup.ModuleList.installNew(ModuleList.java:315)
  org.netbeans.core.startup.ModuleList.trigger(ModuleList.java:251)
  org.netbeans.core.startup.ModuleSystem.restore(ModuleSystem.java:298)
  org.netbeans.core.startup.Main.getModuleSystem(Main.java:156)
  org.netbeans.core.startup.Main.getModuleSystem(Main.java:125)
  org.netbeans.core.startup.Main.start(Main.java:282)
  org.netbeans.core.startup.TopThreadGroup.run(TopThreadGroup.java:98)
  java.base/java.lang.Thread.run(Thread.java:831)

[org.openide.util.Exceptions] THREAD: main MSG: null
java.lang.IllegalAccessException: class org.netbeans.Module cannot access a member of class java.lang.ClassLoader (in module java.base) with modifiers "protected"
  java.base/jdk.internal.reflect.Reflection.newIllegalAccessException(Reflection.java:385)
  java.base/java.lang.reflect.AccessibleObject.checkAccess(AccessibleObject.java:687)
  java.base/java.lang.reflect.Method.invoke(Method.java:559)
  org.netbeans.Module.findResources(Module.java:570)
  org.netbeans.core.startup.NbInstaller.loadLayers(NbInstaller.java:587)
  org.netbeans.core.startup.NbInstaller.loadImpl(NbInstaller.java:332)
  org.netbeans.core.startup.NbInstaller.access$000(NbInstaller.java:77)
  org.netbeans.core.startup.NbInstaller$1.run(NbInstaller.java:322)
  org.openide.filesystems.FileUtil$2.run(FileUtil.java:413)
  org.openide.filesystems.EventControl.runAtomicAction(EventControl.java:102)
  org.openide.filesystems.FileSystem.runAtomicAction(FileSystem.java:494)
  org.openide.filesystems.FileUtil.runAtomicAction(FileUtil.java:397)
  org.openide.filesystems.FileUtil.runAtomicAction(FileUtil.java:417)
  org.netbeans.core.startup.NbInstaller.load(NbInstaller.java:319)
  org.netbeans.ModuleManager.enable(ModuleManager.java:1449)
  org.netbeans.ModuleManager.enable(ModuleManager.java:1254)
  org.netbeans.core.startup.ModuleList.installNew(ModuleList.java:315)
  org.netbeans.core.startup.ModuleList.trigger(ModuleList.java:251)
  org.netbeans.core.startup.ModuleSystem.restore(ModuleSystem.java:298)
  org.netbeans.core.startup.Main.getModuleSystem(Main.java:156)
  org.netbeans.core.startup.Main.getModuleSystem(Main.java:125)
  org.netbeans.core.startup.Main.start(Main.java:282)
  org.netbeans.core.startup.TopThreadGroup.run(TopThreadGroup.java:98)
  java.base/java.lang.Thread.run(Thread.java:831)

[org.openide.util.Exceptions] THREAD: main MSG: null
java.lang.IllegalAccessException: class org.netbeans.Module cannot access a member of class java.lang.ClassLoader (in module java.base) with modifiers "protected"
  java.base/jdk.internal.reflect.Reflection.newIllegalAccessException(Reflection.java:385)
  java.base/java.lang.reflect.AccessibleObject.checkAccess(AccessibleObject.java:687)
  java.base/java.lang.reflect.Method.invoke(Method.java:559)
  org.netbeans.Module.findResources(Module.java:570)
  org.netbeans.core.startup.NbInstaller.loadLayers(NbInstaller.java:587)
  org.netbeans.core.startup.NbInstaller.loadImpl(NbInstaller.java:332)
  org.netbeans.core.startup.NbInstaller.access$000(NbInstaller.java:77)
  org.netbeans.core.startup.NbInstaller$1.run(NbInstaller.java:322)
  org.openide.filesystems.FileUtil$2.run(FileUtil.java:413)
  org.openide.filesystems.EventControl.runAtomicAction(EventControl.java:102)
  org.openide.filesystems.FileSystem.runAtomicAction(FileSystem.java:494)
  org.openide.filesystems.FileUtil.runAtomicAction(FileUtil.java:397)
  org.openide.filesystems.FileUtil.runAtomicAction(FileUtil.java:417)
  org.netbeans.core.startup.NbInstaller.load(NbInstaller.java:319)
  org.netbeans.ModuleManager.enable(ModuleManager.java:1449)
  org.netbeans.ModuleManager.enable(ModuleManager.java:1254)
  org.netbeans.core.startup.ModuleList.installNew(ModuleList.java:315)
  org.netbeans.core.startup.ModuleList.trigger(ModuleList.java:251)
  org.netbeans.core.startup.ModuleSystem.restore(ModuleSystem.java:298)
  org.netbeans.core.startup.Main.getModuleSystem(Main.java:156)
  org.netbeans.core.startup.Main.getModuleSystem(Main.java:125)
  org.netbeans.core.startup.Main.start(Main.java:282)
  org.netbeans.core.startup.TopThreadGroup.run(TopThreadGroup.java:98)
  java.base/java.lang.Thread.run(Thread.java:831)

[org.openide.util.Exceptions] THREAD: main MSG: null
java.lang.IllegalAccessException: class org.netbeans.Module cannot access a member of class java.lang.ClassLoader (in module java.base) with modifiers "protected"
  java.base/jdk.internal.reflect.Reflection.newIllegalAccessException(Reflection.java:385)
  java.base/java.lang.reflect.AccessibleObject.checkAccess(AccessibleObject.java:687)
  java.base/java.lang.reflect.Method.invoke(Method.java:559)
  org.netbeans.Module.findResources(Module.java:570)
  org.netbeans.core.startup.NbInstaller.loadLayers(NbInstaller.java:587)
  org.netbeans.core.startup.NbInstaller.loadImpl(NbInstaller.java:332)
  org.netbeans.core.startup.NbInstaller.access$000(NbInstaller.java:77)
  org.netbeans.core.startup.NbInstaller$1.run(NbInstaller.java:322)
  org.openide.filesystems.FileUtil$2.run(FileUtil.java:413)
  org.openide.filesystems.EventControl.runAtomicAction(EventControl.java:102)
  org.openide.filesystems.FileSystem.runAtomicAction(FileSystem.java:494)
  org.openide.filesystems.FileUtil.runAtomicAction(FileUtil.java:397)
  org.openide.filesystems.FileUtil.runAtomicAction(FileUtil.java:417)
  org.netbeans.core.startup.NbInstaller.load(NbInstaller.java:319)
  org.netbeans.ModuleManager.enable(ModuleManager.java:1449)
  org.netbeans.ModuleManager.enable(ModuleManager.java:1254)
  org.netbeans.core.startup.ModuleList.installNew(ModuleList.java:315)
  org.netbeans.core.startup.ModuleList.trigger(ModuleList.java:251)
  org.netbeans.core.startup.ModuleSystem.restore(ModuleSystem.java:298)
  org.netbeans.core.startup.Main.getModuleSystem(Main.java:156)
  org.netbeans.core.startup.Main.getModuleSystem(Main.java:125)
  org.netbeans.core.startup.Main.start(Main.java:282)
  org.netbeans.core.startup.TopThreadGroup.run(TopThreadGroup.java:98)
  java.base/java.lang.Thread.run(Thread.java:831)

[org.openide.util.Exceptions] THREAD: main MSG: null
java.lang.IllegalAccessException: class org.netbeans.Module cannot access a member of class java.lang.ClassLoader (in module java.base) with modifiers "protected"
  java.base/jdk.internal.reflect.Reflection.newIllegalAccessException(Reflection.java:385)
  java.base/java.lang.reflect.AccessibleObject.checkAccess(AccessibleObject.java:687)
  java.base/java.lang.reflect.Method.invoke(Method.java:559)
  org.netbeans.Module.findResources(Module.java:570)
  org.netbeans.core.startup.NbInstaller.loadLayers(NbInstaller.java:587)
  org.netbeans.core.startup.NbInstaller.loadImpl(NbInstaller.java:332)
  org.netbeans.core.startup.NbInstaller.access$000(NbInstaller.java:77)
  org.netbeans.core.startup.NbInstaller$1.run(NbInstaller.java:322)
  org.openide.filesystems.FileUtil$2.run(FileUtil.java:413)
  org.openide.filesystems.EventControl.runAtomicAction(EventControl.java:102)
  org.openide.filesystems.FileSystem.runAtomicAction(FileSystem.java:494)
  org.openide.filesystems.FileUtil.runAtomicAction(FileUtil.java:397)
  org.openide.filesystems.FileUtil.runAtomicAction(FileUtil.java:417)
  org.netbeans.core.startup.NbInstaller.load(NbInstaller.java:319)
  org.netbeans.ModuleManager.enable(ModuleManager.java:1449)
  org.netbeans.ModuleManager.enable(ModuleManager.java:1254)
  org.netbeans.core.startup.ModuleList.installNew(ModuleList.java:315)
  org.netbeans.core.startup.ModuleList.trigger(ModuleList.java:251)
  org.netbeans.core.startup.ModuleSystem.restore(ModuleSystem.java:298)
  org.netbeans.core.startup.Main.getModuleSystem(Main.java:156)
  org.netbeans.core.startup.Main.getModuleSystem(Main.java:125)
  org.netbeans.core.startup.Main.start(Main.java:282)
  org.netbeans.core.startup.TopThreadGroup.run(TopThreadGroup.java:98)
  java.base/java.lang.Thread.run(Thread.java:831)

[org.openide.util.Exceptions] THREAD: main MSG: null
java.lang.IllegalAccessException: class org.netbeans.Module cannot access a member of class java.lang.ClassLoader (in module java.base) with modifiers "protected"
  java.base/jdk.internal.reflect.Reflection.newIllegalAccessException(Reflection.java:385)
  java.base/java.lang.reflect.AccessibleObject.checkAccess(AccessibleObject.java:687)
  java.base/java.lang.reflect.Method.invoke(Method.java:559)
  org.netbeans.Module.findResources(Module.java:570)
  org.netbeans.core.startup.NbInstaller.loadLayers(NbInstaller.java:605)
  org.netbeans.core.startup.NbInstaller.loadImpl(NbInstaller.java:332)
  org.netbeans.core.startup.NbInstaller.access$000(NbInstaller.java:77)
  org.netbeans.core.startup.NbInstaller$1.run(NbInstaller.java:322)
  org.openide.filesystems.FileUtil$2.run(FileUtil.java:413)
  org.openide.filesystems.EventControl.runAtomicAction(EventControl.java:102)
  org.openide.filesystems.FileSystem.runAtomicAction(FileSystem.java:494)
  org.openide.filesystems.FileUtil.runAtomicAction(FileUtil.java:397)
  org.openide.filesystems.FileUtil.runAtomicAction(FileUtil.java:417)
  org.netbeans.core.startup.NbInstaller.load(NbInstaller.java:319)
  org.netbeans.ModuleManager.enable(ModuleManager.java:1449)
  org.netbeans.ModuleManager.enable(ModuleManager.java:1254)
  org.netbeans.core.startup.ModuleList.installNew(ModuleList.java:315)
  org.netbeans.core.startup.ModuleList.trigger(ModuleList.java:251)
  org.netbeans.core.startup.ModuleSystem.restore(ModuleSystem.java:298)
  org.netbeans.core.startup.Main.getModuleSystem(Main.java:156)
  org.netbeans.core.startup.Main.getModuleSystem(Main.java:125)
  org.netbeans.core.startup.Main.start(Main.java:282)
  org.netbeans.core.startup.TopThreadGroup.run(TopThreadGroup.java:98)
  java.base/java.lang.Thread.run(Thread.java:831)

[org.openide.util.Exceptions] THREAD: main MSG: null
java.lang.IllegalAccessException: class org.netbeans.Module cannot access a member of class java.lang.ClassLoader (in module java.base) with modifiers "protected"
  java.base/jdk.internal.reflect.Reflection.newIllegalAccessException(Reflection.java:385)
  java.base/java.lang.reflect.AccessibleObject.checkAccess(AccessibleObject.java:687)
  java.base/java.lang.reflect.Method.invoke(Method.java:559)
  org.netbeans.Module.findResources(Module.java:570)
  org.netbeans.core.startup.NbInstaller.loadLayers(NbInstaller.java:605)
  org.netbeans.core.startup.NbInstaller.loadImpl(NbInstaller.java:332)
  org.netbeans.core.startup.NbInstaller.access$000(NbInstaller.java:77)
  org.netbeans.core.startup.NbInstaller$1.run(NbInstaller.java:322)
  org.openide.filesystems.FileUtil$2.run(FileUtil.java:413)
  org.openide.filesystems.EventControl.runAtomicAction(EventControl.java:102)
  org.openide.filesystems.FileSystem.runAtomicAction(FileSystem.java:494)
  org.openide.filesystems.FileUtil.runAtomicAction(FileUtil.java:397)
  org.openide.filesystems.FileUtil.runAtomicAction(FileUtil.java:417)
  org.netbeans.core.startup.NbInstaller.load(NbInstaller.java:319)
  org.netbeans.ModuleManager.enable(ModuleManager.java:1449)
  org.netbeans.ModuleManager.enable(ModuleManager.java:1254)
  org.netbeans.core.startup.ModuleList.installNew(ModuleList.java:315)
  org.netbeans.core.startup.ModuleList.trigger(ModuleList.java:251)
  org.netbeans.core.startup.ModuleSystem.restore(ModuleSystem.java:298)
  org.netbeans.core.startup.Main.getModuleSystem(Main.java:156)
  org.netbeans.core.startup.Main.getModuleSystem(Main.java:125)
  org.netbeans.core.startup.Main.start(Main.java:282)
  org.netbeans.core.startup.TopThreadGroup.run(TopThreadGroup.java:98)
  java.base/java.lang.Thread.run(Thread.java:831)

[org.openide.util.Exceptions] THREAD: main MSG: null
java.lang.IllegalAccessException: class org.netbeans.Module cannot access a member of class java.lang.ClassLoader (in module java.base) with modifiers "protected"
  java.base/jdk.internal.reflect.Reflection.newIllegalAccessException(Reflection.java:385)
  java.base/java.lang.reflect.AccessibleObject.checkAccess(AccessibleObject.java:687)
  java.base/java.lang.reflect.Method.invoke(Method.java:559)
  org.netbeans.Module.findResources(Module.java:570)
  org.netbeans.core.startup.NbInstaller.loadLayers(NbInstaller.java:605)
  org.netbeans.core.startup.NbInstaller.loadImpl(NbInstaller.java:332)
  org.netbeans.core.startup.NbInstaller.access$000(NbInstaller.java:77)
  org.netbeans.core.startup.NbInstaller$1.run(NbInstaller.java:322)
  org.openide.filesystems.FileUtil$2.run(FileUtil.java:413)
  org.openide.filesystems.EventControl.runAtomicAction(EventControl.java:102)
  org.openide.filesystems.FileSystem.runAtomicAction(FileSystem.java:494)
  org.openide.filesystems.FileUtil.runAtomicAction(FileUtil.java:397)
  org.openide.filesystems.FileUtil.runAtomicAction(FileUtil.java:417)
  org.netbeans.core.startup.NbInstaller.load(NbInstaller.java:319)
  org.netbeans.ModuleManager.enable(ModuleManager.java:1449)
  org.netbeans.ModuleManager.enable(ModuleManager.java:1254)
  org.netbeans.core.startup.ModuleList.installNew(ModuleList.java:315)
  org.netbeans.core.startup.ModuleList.trigger(ModuleList.java:251)
  org.netbeans.core.startup.ModuleSystem.restore(ModuleSystem.java:298)
  org.netbeans.core.startup.Main.getModuleSystem(Main.java:156)
  org.netbeans.core.startup.Main.getModuleSystem(Main.java:125)
  org.netbeans.core.startup.Main.start(Main.java:282)
  org.netbeans.core.startup.TopThreadGroup.run(TopThreadGroup.java:98)
  java.base/java.lang.Thread.run(Thread.java:831)

[org.openide.util.Exceptions] THREAD: main MSG: null
java.lang.IllegalAccessException: class org.netbeans.Module cannot access a member of class java.lang.ClassLoader (in module java.base) with modifiers "protected"
  java.base/jdk.internal.reflect.Reflection.newIllegalAccessException(Reflection.java:385)
  java.base/java.lang.reflect.AccessibleObject.checkAccess(AccessibleObject.java:687)
  java.base/java.lang.reflect.Method.invoke(Method.java:559)
  org.netbeans.Module.findResources(Module.java:570)
  org.netbeans.core.startup.NbInstaller.loadLayers(NbInstaller.java:605)
  org.netbeans.core.startup.NbInstaller.loadImpl(NbInstaller.java:332)
  org.netbeans.core.startup.NbInstaller.access$000(NbInstaller.java:77)
  org.netbeans.core.startup.NbInstaller$1.run(NbInstaller.java:322)
  org.openide.filesystems.FileUtil$2.run(FileUtil.java:413)
  org.openide.filesystems.EventControl.runAtomicAction(EventControl.java:102)
  org.openide.filesystems.FileSystem.runAtomicAction(FileSystem.java:494)
  org.openide.filesystems.FileUtil.runAtomicAction(FileUtil.java:397)
  org.openide.filesystems.FileUtil.runAtomicAction(FileUtil.java:417)
  org.netbeans.core.startup.NbInstaller.load(NbInstaller.java:319)
  org.netbeans.ModuleManager.enable(ModuleManager.java:1449)
  org.netbeans.ModuleManager.enable(ModuleManager.java:1254)
  org.netbeans.core.startup.ModuleList.installNew(ModuleList.java:315)
  org.netbeans.core.startup.ModuleList.trigger(ModuleList.java:251)
  org.netbeans.core.startup.ModuleSystem.restore(ModuleSystem.java:298)
  org.netbeans.core.startup.Main.getModuleSystem(Main.java:156)
  org.netbeans.core.startup.Main.getModuleSystem(Main.java:125)
  org.netbeans.core.startup.Main.start(Main.java:282)
  org.netbeans.core.startup.TopThreadGroup.run(TopThreadGroup.java:98)
  java.base/java.lang.Thread.run(Thread.java:831)

[org.openide.util.Exceptions] THREAD: main MSG: null
java.lang.IllegalAccessException: class org.netbeans.Module cannot access a member of class java.lang.ClassLoader (in module java.base) with modifiers "protected"
  java.base/jdk.internal.reflect.Reflection.newIllegalAccessException(Reflection.java:385)
  java.base/java.lang.reflect.AccessibleObject.checkAccess(AccessibleObject.java:687)
  java.base/java.lang.reflect.Method.invoke(Method.java:559)
  org.netbeans.Module.findResources(Module.java:570)
  org.netbeans.core.startup.NbInstaller.loadLayers(NbInstaller.java:605)
  org.netbeans.core.startup.NbInstaller.loadImpl(NbInstaller.java:332)
  org.netbeans.core.startup.NbInstaller.access$000(NbInstaller.java:77)
  org.netbeans.core.startup.NbInstaller$1.run(NbInstaller.java:322)
  org.openide.filesystems.FileUtil$2.run(FileUtil.java:413)
  org.openide.filesystems.EventControl.runAtomicAction(EventControl.java:102)
  org.openide.filesystems.FileSystem.runAtomicAction(FileSystem.java:494)
  org.openide.filesystems.FileUtil.runAtomicAction(FileUtil.java:397)
  org.openide.filesystems.FileUtil.runAtomicAction(FileUtil.java:417)
  org.netbeans.core.startup.NbInstaller.load(NbInstaller.java:319)
  org.netbeans.ModuleManager.enable(ModuleManager.java:1449)
  org.netbeans.ModuleManager.enable(ModuleManager.java:1254)
  org.netbeans.core.startup.ModuleList.installNew(ModuleList.java:315)
  org.netbeans.core.startup.ModuleList.trigger(ModuleList.java:251)
  org.netbeans.core.startup.ModuleSystem.restore(ModuleSystem.java:298)
  org.netbeans.core.startup.Main.getModuleSystem(Main.java:156)
  org.netbeans.core.startup.Main.getModuleSystem(Main.java:125)
  org.netbeans.core.startup.Main.start(Main.java:282)
  org.netbeans.core.startup.TopThreadGroup.run(TopThreadGroup.java:98)
  java.base/java.lang.Thread.run(Thread.java:831)

[org.openide.util.Exceptions] THREAD: main MSG: null
java.lang.IllegalAccessException: class org.netbeans.Module cannot access a member of class java.lang.ClassLoader (in module java.base) with modifiers "protected"
  java.base/jdk.internal.reflect.Reflection.newIllegalAccessException(Reflection.java:385)
  java.base/java.lang.reflect.AccessibleObject.checkAccess(AccessibleObject.java:687)
  java.base/java.lang.reflect.Method.invoke(Method.java:559)
  org.netbeans.Module.findResources(Module.java:570)
  org.netbeans.core.startup.NbInstaller.loadLayers(NbInstaller.java:605)
  org.netbeans.core.startup.NbInstaller.loadImpl(NbInstaller.java:332)
  org.netbeans.core.startup.NbInstaller.access$000(NbInstaller.java:77)
  org.netbeans.core.startup.NbInstaller$1.run(NbInstaller.java:322)
  org.openide.filesystems.FileUtil$2.run(FileUtil.java:413)
  org.openide.filesystems.EventControl.runAtomicAction(EventControl.java:102)
  org.openide.filesystems.FileSystem.runAtomicAction(FileSystem.java:494)
  org.openide.filesystems.FileUtil.runAtomicAction(FileUtil.java:397)
  org.openide.filesystems.FileUtil.runAtomicAction(FileUtil.java:417)
  org.netbeans.core.startup.NbInstaller.load(NbInstaller.java:319)
  org.netbeans.ModuleManager.enable(ModuleManager.java:1449)
  org.netbeans.ModuleManager.enable(ModuleManager.java:1254)
  org.netbeans.core.startup.ModuleList.installNew(ModuleList.java:315)
  org.netbeans.core.startup.ModuleList.trigger(ModuleList.java:251)
  org.netbeans.core.startup.ModuleSystem.restore(ModuleSystem.java:298)
  org.netbeans.core.startup.Main.getModuleSystem(Main.java:156)
  org.netbeans.core.startup.Main.getModuleSystem(Main.java:125)
  org.netbeans.core.startup.Main.start(Main.java:282)
  org.netbeans.core.startup.TopThreadGroup.run(TopThreadGroup.java:98)
  java.base/java.lang.Thread.run(Thread.java:831)

[org.openide.util.Exceptions] THREAD: main MSG: null
java.lang.IllegalAccessException: class org.netbeans.Module cannot access a member of class java.lang.ClassLoader (in module java.base) with modifiers "protected"
  java.base/jdk.internal.reflect.Reflection.newIllegalAccessException(Reflection.java:385)
  java.base/java.lang.reflect.AccessibleObject.checkAccess(AccessibleObject.java:687)
  java.base/java.lang.reflect.Method.invoke(Method.java:559)
  org.netbeans.Module.findResources(Module.java:570)
  org.netbeans.core.startup.NbInstaller.loadLayers(NbInstaller.java:605)
  org.netbeans.core.startup.NbInstaller.loadImpl(NbInstaller.java:332)
  org.netbeans.core.startup.NbInstaller.access$000(NbInstaller.java:77)
  org.netbeans.core.startup.NbInstaller$1.run(NbInstaller.java:322)
  org.openide.filesystems.FileUtil$2.run(FileUtil.java:413)
  org.openide.filesystems.EventControl.runAtomicAction(EventControl.java:102)
  org.openide.filesystems.FileSystem.runAtomicAction(FileSystem.java:494)
  org.openide.filesystems.FileUtil.runAtomicAction(FileUtil.java:397)
  org.openide.filesystems.FileUtil.runAtomicAction(FileUtil.java:417)
  org.netbeans.core.startup.NbInstaller.load(NbInstaller.java:319)
  org.netbeans.ModuleManager.enable(ModuleManager.java:1449)
  org.netbeans.ModuleManager.enable(ModuleManager.java:1254)
  org.netbeans.core.startup.ModuleList.installNew(ModuleList.java:315)
  org.netbeans.core.startup.ModuleList.trigger(ModuleList.java:251)
  org.netbeans.core.startup.ModuleSystem.restore(ModuleSystem.java:298)
  org.netbeans.core.startup.Main.getModuleSystem(Main.java:156)
  org.netbeans.core.startup.Main.getModuleSystem(Main.java:125)
  org.netbeans.core.startup.Main.start(Main.java:282)
  org.netbeans.core.startup.TopThreadGroup.run(TopThreadGroup.java:98)
  java.base/java.lang.Thread.run(Thread.java:831)

[org.openide.util.Exceptions] THREAD: main MSG: null
java.lang.IllegalAccessException: class org.netbeans.Module cannot access a member of class java.lang.ClassLoader (in module java.base) with modifiers "protected"
  java.base/jdk.internal.reflect.Reflection.newIllegalAccessException(Reflection.java:385)
  java.base/java.lang.reflect.AccessibleObject.checkAccess(AccessibleObject.java:687)
  java.base/java.lang.reflect.Method.invoke(Method.java:559)
  org.netbeans.Module.findResources(Module.java:570)
  org.netbeans.core.startup.NbInstaller.loadLayers(NbInstaller.java:587)
  org.netbeans.core.startup.NbInstaller.loadImpl(NbInstaller.java:332)
  org.netbeans.core.startup.NbInstaller.access$000(NbInstaller.java:77)
  org.netbeans.core.startup.NbInstaller$1.run(NbInstaller.java:322)
  org.openide.filesystems.FileUtil$2.run(FileUtil.java:413)
  org.openide.filesystems.EventControl.runAtomicAction(EventControl.java:102)
  org.openide.filesystems.FileSystem.runAtomicAction(FileSystem.java:494)
  org.openide.filesystems.FileUtil.runAtomicAction(FileUtil.java:397)
  org.openide.filesystems.FileUtil.runAtomicAction(FileUtil.java:417)
  org.netbeans.core.startup.NbInstaller.load(NbInstaller.java:319)
  org.netbeans.ModuleManager.enable(ModuleManager.java:1449)
  org.netbeans.ModuleManager.enable(ModuleManager.java:1254)
  org.netbeans.core.startup.ModuleList.installNew(ModuleList.java:315)
  org.netbeans.core.startup.ModuleList.trigger(ModuleList.java:251)
  org.netbeans.core.startup.ModuleSystem.restore(ModuleSystem.java:298)
  org.netbeans.core.startup.Main.getModuleSystem(Main.java:156)
  org.netbeans.core.startup.Main.getModuleSystem(Main.java:125)
  org.netbeans.core.startup.Main.start(Main.java:282)
  org.netbeans.core.startup.TopThreadGroup.run(TopThreadGroup.java:98)
  java.base/java.lang.Thread.run(Thread.java:831)

[org.openide.util.Exceptions] THREAD: main MSG: null
java.lang.IllegalAccessException: class org.netbeans.Module cannot access a member of class java.lang.ClassLoader (in module java.base) with modifiers "protected"
  java.base/jdk.internal.reflect.Reflection.newIllegalAccessException(Reflection.java:385)
  java.base/java.lang.reflect.AccessibleObject.checkAccess(AccessibleObject.java:687)
  java.base/java.lang.reflect.Method.invoke(Method.java:559)
  org.netbeans.Module.findResources(Module.java:570)
  org.netbeans.core.startup.NbInstaller.loadLayers(NbInstaller.java:587)
  org.netbeans.core.startup.NbInstaller.loadImpl(NbInstaller.java:332)
  org.netbeans.core.startup.NbInstaller.access$000(NbInstaller.java:77)
  org.netbeans.core.startup.NbInstaller$1.run(NbInstaller.java:322)
  org.openide.filesystems.FileUtil$2.run(FileUtil.java:413)
  org.openide.filesystems.EventControl.runAtomicAction(EventControl.java:102)
  org.openide.filesystems.FileSystem.runAtomicAction(FileSystem.java:494)
  org.openide.filesystems.FileUtil.runAtomicAction(FileUtil.java:397)
  org.openide.filesystems.FileUtil.runAtomicAction(FileUtil.java:417)
  org.netbeans.core.startup.NbInstaller.load(NbInstaller.java:319)
  org.netbeans.ModuleManager.enable(ModuleManager.java:1449)
  org.netbeans.ModuleManager.enable(ModuleManager.java:1254)
  org.netbeans.core.startup.ModuleList.installNew(ModuleList.java:315)
  org.netbeans.core.startup.ModuleList.trigger(ModuleList.java:251)
  org.netbeans.core.startup.ModuleSystem.restore(ModuleSystem.java:298)
  org.netbeans.core.startup.Main.getModuleSystem(Main.java:156)
  org.netbeans.core.startup.Main.getModuleSystem(Main.java:125)
  org.netbeans.core.startup.Main.start(Main.java:282)
  org.netbeans.core.startup.TopThreadGroup.run(TopThreadGroup.java:98)
  java.base/java.lang.Thread.run(Thread.java:831)

[org.openide.util.Exceptions] THREAD: main MSG: null
java.lang.IllegalAccessException: class org.netbeans.Module cannot access a member of class java.lang.ClassLoader (in module java.base) with modifiers "protected"
  java.base/jdk.internal.reflect.Reflection.newIllegalAccessException(Reflection.java:385)
  java.base/java.lang.reflect.AccessibleObject.checkAccess(AccessibleObject.java:687)
  java.base/java.lang.reflect.Method.invoke(Method.java:559)
  org.netbeans.Module.findResources(Module.java:570)
  org.netbeans.core.startup.NbInstaller.loadLayers(NbInstaller.java:587)
  org.netbeans.core.startup.NbInstaller.loadImpl(NbInstaller.java:332)
  org.netbeans.core.startup.NbInstaller.access$000(NbInstaller.java:77)
  org.netbeans.core.startup.NbInstaller$1.run(NbInstaller.java:322)
  org.openide.filesystems.FileUtil$2.run(FileUtil.java:413)
  org.openide.filesystems.EventControl.runAtomicAction(EventControl.java:102)
  org.openide.filesystems.FileSystem.runAtomicAction(FileSystem.java:494)
  org.openide.filesystems.FileUtil.runAtomicAction(FileUtil.java:397)
  org.openide.filesystems.FileUtil.runAtomicAction(FileUtil.java:417)
  org.netbeans.core.startup.NbInstaller.load(NbInstaller.java:319)
  org.netbeans.ModuleManager.enable(ModuleManager.java:1449)
  org.netbeans.ModuleManager.enable(ModuleManager.java:1254)
  org.netbeans.core.startup.ModuleList.installNew(ModuleList.java:315)
  org.netbeans.core.startup.ModuleList.trigger(ModuleList.java:251)
  org.netbeans.core.startup.ModuleSystem.restore(ModuleSystem.java:298)
  org.netbeans.core.startup.Main.getModuleSystem(Main.java:156)
  org.netbeans.core.startup.Main.getModuleSystem(Main.java:125)
  org.netbeans.core.startup.Main.start(Main.java:282)
  org.netbeans.core.startup.TopThreadGroup.run(TopThreadGroup.java:98)
  java.base/java.lang.Thread.run(Thread.java:831)

[org.openide.util.Exceptions] THREAD: main MSG: null
java.lang.IllegalAccessException: class org.netbeans.Module cannot access a member of class java.lang.ClassLoader (in module java.base) with modifiers "protected"
  java.base/jdk.internal.reflect.Reflection.newIllegalAccessException(Reflection.java:385)
  java.base/java.lang.reflect.AccessibleObject.checkAccess(AccessibleObject.java:687)
  java.base/java.lang.reflect.Method.invoke(Method.java:559)
  org.netbeans.Module.findResources(Module.java:570)
  org.netbeans.core.startup.NbInstaller.loadLayers(NbInstaller.java:587)
  org.netbeans.core.startup.NbInstaller.loadImpl(NbInstaller.java:332)
  org.netbeans.core.startup.NbInstaller.access$000(NbInstaller.java:77)
  org.netbeans.core.startup.NbInstaller$1.run(NbInstaller.java:322)
  org.openide.filesystems.FileUtil$2.run(FileUtil.java:413)
  org.openide.filesystems.EventControl.runAtomicAction(EventControl.java:102)
  org.openide.filesystems.FileSystem.runAtomicAction(FileSystem.java:494)
  org.openide.filesystems.FileUtil.runAtomicAction(FileUtil.java:397)
  org.openide.filesystems.FileUtil.runAtomicAction(FileUtil.java:417)
  org.netbeans.core.startup.NbInstaller.load(NbInstaller.java:319)
  org.netbeans.ModuleManager.enable(ModuleManager.java:1449)
  org.netbeans.ModuleManager.enable(ModuleManager.java:1254)
  org.netbeans.core.startup.ModuleList.installNew(ModuleList.java:315)
  org.netbeans.core.startup.ModuleList.trigger(ModuleList.java:251)
  org.netbeans.core.startup.ModuleSystem.restore(ModuleSystem.java:298)
  org.netbeans.core.startup.Main.getModuleSystem(Main.java:156)
  org.netbeans.core.startup.Main.getModuleSystem(Main.java:125)
  org.netbeans.core.startup.Main.start(Main.java:282)
  org.netbeans.core.startup.TopThreadGroup.run(TopThreadGroup.java:98)
  java.base/java.lang.Thread.run(Thread.java:831)

[org.openide.util.Exceptions] THREAD: main MSG: null
java.lang.IllegalAccessException: class org.netbeans.Module cannot access a member of class java.lang.ClassLoader (in module java.base) with modifiers "protected"
  java.base/jdk.internal.reflect.Reflection.newIllegalAccessException(Reflection.java:385)
  java.base/java.lang.reflect.AccessibleObject.checkAccess(AccessibleObject.java:687)
  java.base/java.lang.reflect.Method.invoke(Method.java:559)
  org.netbeans.Module.findResources(Module.java:570)
  org.netbeans.core.startup.NbInstaller.loadLayers(NbInstaller.java:587)
  org.netbeans.core.startup.NbInstaller.loadImpl(NbInstaller.java:332)
  org.netbeans.core.startup.NbInstaller.access$000(NbInstaller.java:77)
  org.netbeans.core.startup.NbInstaller$1.run(NbInstaller.java:322)
  org.openide.filesystems.FileUtil$2.run(FileUtil.java:413)
  org.openide.filesystems.EventControl.runAtomicAction(EventControl.java:102)
  org.openide.filesystems.FileSystem.runAtomicAction(FileSystem.java:494)
  org.openide.filesystems.FileUtil.runAtomicAction(FileUtil.java:397)
  org.openide.filesystems.FileUtil.runAtomicAction(FileUtil.java:417)
  org.netbeans.core.startup.NbInstaller.load(NbInstaller.java:319)
  org.netbeans.ModuleManager.enable(ModuleManager.java:1449)
  org.netbeans.ModuleManager.enable(ModuleManager.java:1254)
  org.netbeans.core.startup.ModuleList.installNew(ModuleList.java:315)
  org.netbeans.core.startup.ModuleList.trigger(ModuleList.java:251)
  org.netbeans.core.startup.ModuleSystem.restore(ModuleSystem.java:298)
  org.netbeans.core.startup.Main.getModuleSystem(Main.java:156)
  org.netbeans.core.startup.Main.getModuleSystem(Main.java:125)
  org.netbeans.core.startup.Main.start(Main.java:282)
  org.netbeans.core.startup.TopThreadGroup.run(TopThreadGroup.java:98)
  java.base/java.lang.Thread.run(Thread.java:831)

[org.openide.util.Exceptions] THREAD: main MSG: null
java.lang.IllegalAccessException: class org.netbeans.Module cannot access a member of class java.lang.ClassLoader (in module java.base) with modifiers "protected"
  java.base/jdk.internal.reflect.Reflection.newIllegalAccessException(Reflection.java:385)
  java.base/java.lang.reflect.AccessibleObject.checkAccess(AccessibleObject.java:687)
  java.base/java.lang.reflect.Method.invoke(Method.java:559)
  org.netbeans.Module.findResources(Module.java:570)
  org.netbeans.core.startup.NbInstaller.loadLayers(NbInstaller.java:587)
  org.netbeans.core.startup.NbInstaller.loadImpl(NbInstaller.java:332)
  org.netbeans.core.startup.NbInstaller.access$000(NbInstaller.java:77)
  org.netbeans.core.startup.NbInstaller$1.run(NbInstaller.java:322)
  org.openide.filesystems.FileUtil$2.run(FileUtil.java:413)
  org.openide.filesystems.EventControl.runAtomicAction(EventControl.java:102)
  org.openide.filesystems.FileSystem.runAtomicAction(FileSystem.java:494)
  org.openide.filesystems.FileUtil.runAtomicAction(FileUtil.java:397)
  org.openide.filesystems.FileUtil.runAtomicAction(FileUtil.java:417)
  org.netbeans.core.startup.NbInstaller.load(NbInstaller.java:319)
  org.netbeans.ModuleManager.enable(ModuleManager.java:1449)
  org.netbeans.ModuleManager.enable(ModuleManager.java:1254)
  org.netbeans.core.startup.ModuleList.installNew(ModuleList.java:315)
  org.netbeans.core.startup.ModuleList.trigger(ModuleList.java:251)
  org.netbeans.core.startup.ModuleSystem.restore(ModuleSystem.java:298)
  org.netbeans.core.startup.Main.getModuleSystem(Main.java:156)
  org.netbeans.core.startup.Main.getModuleSystem(Main.java:125)
  org.netbeans.core.startup.Main.start(Main.java:282)
  org.netbeans.core.startup.TopThreadGroup.run(TopThreadGroup.java:98)
  java.base/java.lang.Thread.run(Thread.java:831)

[org.openide.util.Exceptions] THREAD: main MSG: null
java.lang.IllegalAccessException: class org.netbeans.Module cannot access a member of class java.lang.ClassLoader (in module java.base) with modifiers "protected"
  java.base/jdk.internal.reflect.Reflection.newIllegalAccessException(Reflection.java:385)
  java.base/java.lang.reflect.AccessibleObject.checkAccess(AccessibleObject.java:687)
  java.base/java.lang.reflect.Method.invoke(Method.java:559)
  org.netbeans.Module.findResources(Module.java:570)
  org.netbeans.core.startup.NbInstaller.loadLayers(NbInstaller.java:605)
  org.netbeans.core.startup.NbInstaller.loadImpl(NbInstaller.java:332)
  org.netbeans.core.startup.NbInstaller.access$000(NbInstaller.java:77)
  org.netbeans.core.startup.NbInstaller$1.run(NbInstaller.java:322)
  org.openide.filesystems.FileUtil$2.run(FileUtil.java:413)
  org.openide.filesystems.EventControl.runAtomicAction(EventControl.java:102)
  org.openide.filesystems.FileSystem.runAtomicAction(FileSystem.java:494)
  org.openide.filesystems.FileUtil.runAtomicAction(FileUtil.java:397)
  org.openide.filesystems.FileUtil.runAtomicAction(FileUtil.java:417)
  org.netbeans.core.startup.NbInstaller.load(NbInstaller.java:319)
  org.netbeans.ModuleManager.enable(ModuleManager.java:1449)
  org.netbeans.ModuleManager.enable(ModuleManager.java:1254)
  org.netbeans.core.startup.ModuleList.installNew(ModuleList.java:315)
  org.netbeans.core.startup.ModuleList.trigger(ModuleList.java:251)
  org.netbeans.core.startup.ModuleSystem.restore(ModuleSystem.java:298)
  org.netbeans.core.startup.Main.getModuleSystem(Main.java:156)
  org.netbeans.core.startup.Main.getModuleSystem(Main.java:125)
  org.netbeans.core.startup.Main.start(Main.java:282)
  org.netbeans.core.startup.TopThreadGroup.run(TopThreadGroup.java:98)
  java.base/java.lang.Thread.run(Thread.java:831)

[org.openide.util.Exceptions] THREAD: main MSG: null
java.lang.IllegalAccessException: class org.netbeans.Module cannot access a member of class java.lang.ClassLoader (in module java.base) with modifiers "protected"
  java.base/jdk.internal.reflect.Reflection.newIllegalAccessException(Reflection.java:385)
  java.base/java.lang.reflect.AccessibleObject.checkAccess(AccessibleObject.java:687)
  java.base/java.lang.reflect.Method.invoke(Method.java:559)
  org.netbeans.Module.findResources(Module.java:570)
  org.netbeans.core.startup.NbInstaller.loadLayers(NbInstaller.java:605)
  org.netbeans.core.startup.NbInstaller.loadImpl(NbInstaller.java:332)
  org.netbeans.core.startup.NbInstaller.access$000(NbInstaller.java:77)
  org.netbeans.core.startup.NbInstaller$1.run(NbInstaller.java:322)
  org.openide.filesystems.FileUtil$2.run(FileUtil.java:413)
  org.openide.filesystems.EventControl.runAtomicAction(EventControl.java:102)
  org.openide.filesystems.FileSystem.runAtomicAction(FileSystem.java:494)
  org.openide.filesystems.FileUtil.runAtomicAction(FileUtil.java:397)
  org.openide.filesystems.FileUtil.runAtomicAction(FileUtil.java:417)
  org.netbeans.core.startup.NbInstaller.load(NbInstaller.java:319)
  org.netbeans.ModuleManager.enable(ModuleManager.java:1449)
  org.netbeans.ModuleManager.enable(ModuleManager.java:1254)
  org.netbeans.core.startup.ModuleList.installNew(ModuleList.java:315)
  org.netbeans.core.startup.ModuleList.trigger(ModuleList.java:251)
  org.netbeans.core.startup.ModuleSystem.restore(ModuleSystem.java:298)
  org.netbeans.core.startup.Main.getModuleSystem(Main.java:156)
  org.netbeans.core.startup.Main.getModuleSystem(Main.java:125)
  org.netbeans.core.startup.Main.start(Main.java:282)
  org.netbeans.core.startup.TopThreadGroup.run(TopThreadGroup.java:98)
  java.base/java.lang.Thread.run(Thread.java:831)

[org.openide.util.Exceptions] THREAD: main MSG: null
java.lang.IllegalAccessException: class org.netbeans.Module cannot access a member of class java.lang.ClassLoader (in module java.base) with modifiers "protected"
  java.base/jdk.internal.reflect.Reflection.newIllegalAccessException(Reflection.java:385)
  java.base/java.lang.reflect.AccessibleObject.checkAccess(AccessibleObject.java:687)
  java.base/java.lang.reflect.Method.invoke(Method.java:559)
  org.netbeans.Module.findResources(Module.java:570)
  org.netbeans.core.startup.NbInstaller.loadLayers(NbInstaller.java:605)
  org.netbeans.core.startup.NbInstaller.loadImpl(NbInstaller.java:332)
  org.netbeans.core.startup.NbInstaller.access$000(NbInstaller.java:77)
  org.netbeans.core.startup.NbInstaller$1.run(NbInstaller.java:322)
  org.openide.filesystems.FileUtil$2.run(FileUtil.java:413)
  org.openide.filesystems.EventControl.runAtomicAction(EventControl.java:102)
  org.openide.filesystems.FileSystem.runAtomicAction(FileSystem.java:494)
  org.openide.filesystems.FileUtil.runAtomicAction(FileUtil.java:397)
  org.openide.filesystems.FileUtil.runAtomicAction(FileUtil.java:417)
  org.netbeans.core.startup.NbInstaller.load(NbInstaller.java:319)
  org.netbeans.ModuleManager.enable(ModuleManager.java:1449)
  org.netbeans.ModuleManager.enable(ModuleManager.java:1254)
  org.netbeans.core.startup.ModuleList.installNew(ModuleList.java:315)
  org.netbeans.core.startup.ModuleList.trigger(ModuleList.java:251)
  org.netbeans.core.startup.ModuleSystem.restore(ModuleSystem.java:298)
  org.netbeans.core.startup.Main.getModuleSystem(Main.java:156)
  org.netbeans.core.startup.Main.getModuleSystem(Main.java:125)
  org.netbeans.core.startup.Main.start(Main.java:282)
  org.netbeans.core.startup.TopThreadGroup.run(TopThreadGroup.java:98)
  java.base/java.lang.Thread.run(Thread.java:831)

[org.openide.util.Exceptions] THREAD: main MSG: null
java.lang.IllegalAccessException: class org.netbeans.Module cannot access a member of class java.lang.ClassLoader (in module java.base) with modifiers "protected"
  java.base/jdk.internal.reflect.Reflection.newIllegalAccessException(Reflection.java:385)
  java.base/java.lang.reflect.AccessibleObject.checkAccess(AccessibleObject.java:687)
  java.base/java.lang.reflect.Method.invoke(Method.java:559)
  org.netbeans.Module.findResources(Module.java:570)
  org.netbeans.core.startup.NbInstaller.loadLayers(NbInstaller.java:605)
  org.netbeans.core.startup.NbInstaller.loadImpl(NbInstaller.java:332)
  org.netbeans.core.startup.NbInstaller.access$000(NbInstaller.java:77)
  org.netbeans.core.startup.NbInstaller$1.run(NbInstaller.java:322)
  org.openide.filesystems.FileUtil$2.run(FileUtil.java:413)
  org.openide.filesystems.EventControl.runAtomicAction(EventControl.java:102)
  org.openide.filesystems.FileSystem.runAtomicAction(FileSystem.java:494)
  org.openide.filesystems.FileUtil.runAtomicAction(FileUtil.java:397)
  org.openide.filesystems.FileUtil.runAtomicAction(FileUtil.java:417)
  org.netbeans.core.startup.NbInstaller.load(NbInstaller.java:319)
  org.netbeans.ModuleManager.enable(ModuleManager.java:1449)
  org.netbeans.ModuleManager.enable(ModuleManager.java:1254)
  org.netbeans.core.startup.ModuleList.installNew(ModuleList.java:315)
  org.netbeans.core.startup.ModuleList.trigger(ModuleList.java:251)
  org.netbeans.core.startup.ModuleSystem.restore(ModuleSystem.java:298)
  org.netbeans.core.startup.Main.getModuleSystem(Main.java:156)
  org.netbeans.core.startup.Main.getModuleSystem(Main.java:125)
  org.netbeans.core.startup.Main.start(Main.java:282)
  org.netbeans.core.startup.TopThreadGroup.run(TopThreadGroup.java:98)
  java.base/java.lang.Thread.run(Thread.java:831)

[org.openide.util.Exceptions] THREAD: main MSG: null
java.lang.IllegalAccessException: class org.netbeans.Module cannot access a member of class java.lang.ClassLoader (in module java.base) with modifiers "protected"
  java.base/jdk.internal.reflect.Reflection.newIllegalAccessException(Reflection.java:385)
  java.base/java.lang.reflect.AccessibleObject.checkAccess(AccessibleObject.java:687)
  java.base/java.lang.reflect.Method.invoke(Method.java:559)
  org.netbeans.Module.findResources(Module.java:570)
  org.netbeans.core.startup.NbInstaller.loadLayers(NbInstaller.java:605)
  org.netbeans.core.startup.NbInstaller.loadImpl(NbInstaller.java:332)
  org.netbeans.core.startup.NbInstaller.access$000(NbInstaller.java:77)
  org.netbeans.core.startup.NbInstaller$1.run(NbInstaller.java:322)
  org.openide.filesystems.FileUtil$2.run(FileUtil.java:413)
  org.openide.filesystems.EventControl.runAtomicAction(EventControl.java:102)
  org.openide.filesystems.FileSystem.runAtomicAction(FileSystem.java:494)
  org.openide.filesystems.FileUtil.runAtomicAction(FileUtil.java:397)
  org.openide.filesystems.FileUtil.runAtomicAction(FileUtil.java:417)
  org.netbeans.core.startup.NbInstaller.load(NbInstaller.java:319)
  org.netbeans.ModuleManager.enable(ModuleManager.java:1449)
  org.netbeans.ModuleManager.enable(ModuleManager.java:1254)
  org.netbeans.core.startup.ModuleList.installNew(ModuleList.java:315)
  org.netbeans.core.startup.ModuleList.trigger(ModuleList.java:251)
  org.netbeans.core.startup.ModuleSystem.restore(ModuleSystem.java:298)
  org.netbeans.core.startup.Main.getModuleSystem(Main.java:156)
  org.netbeans.core.startup.Main.getModuleSystem(Main.java:125)
  org.netbeans.core.startup.Main.start(Main.java:282)
  org.netbeans.core.startup.TopThreadGroup.run(TopThreadGroup.java:98)
  java.base/java.lang.Thread.run(Thread.java:831)


	at org.netbeans.junit.internal.NbModuleLogHandler.checkFailures(NbModuleLogHandler.java:200)
	at org.netbeans.junit.internal.NbModuleLogHandler$FailOnException.run(NbModuleLogHandler.java:222)
	at junit.framework.TestSuite.runTest(TestSuite.java:252)
	at junit.framework.TestSuite.run(TestSuite.java:247)
	at org.netbeans.junit.NbModuleSuite$S.runInRuntimeContainer(NbModuleSuite.java:939)
	at org.netbeans.junit.NbModuleSuite$S.access$100(NbModuleSuite.java:660)
	at org.netbeans.junit.NbModuleSuite$S$1.protect(NbModuleSuite.java:681)
	at junit.framework.TestResult.runProtected(TestResult.java:142)
	at org.netbeans.junit.NbModuleSuite$S.run(NbModuleSuite.java:677)
	at org.junit.internal.runners.JUnit38ClassRunner.run(JUnit38ClassRunner.java:86)
	at org.apache.maven.surefire.junit4.JUnit4Provider.execute(JUnit4Provider.java:252)
	at org.apache.maven.surefire.junit4.JUnit4Provider.executeTestSet(JUnit4Provider.java:141)
	at org.apache.maven.surefire.junit4.JUnit4Provider.invoke(JUnit4Provider.java:112)
	at java.base/jdk.internal.reflect.NativeMethodAccessorImpl.invoke0(Native Method)
	at java.base/jdk.internal.reflect.NativeMethodAccessorImpl.invoke(NativeMethodAccessorImpl.java:78)
	at java.base/jdk.internal.reflect.DelegatingMethodAccessorImpl.invoke(DelegatingMethodAccessorImpl.java:43)
	at java.base/java.lang.reflect.Method.invoke(Method.java:567)
	at org.apache.maven.surefire.util.ReflectionUtils.invokeMethodWithArray(ReflectionUtils.java:189)
	at org.apache.maven.surefire.booter.ProviderFactory$ProviderProxy.invoke(ProviderFactory.java:165)
	at org.apache.maven.surefire.booter.ProviderFactory.invokeProvider(ProviderFactory.java:85)
	at org.apache.maven.surefire.booter.ForkedBooter.runSuitesInProcess(ForkedBooter.java:113)
	at org.apache.maven.surefire.booter.ForkedBooter.main(ForkedBooter.java:75)
