<?xml version="1.0" encoding="UTF-8" ?>
<testsuite tests="2" failures="1" name="dk.sdu.mmmi.cbse.asteroidsnetbeansmodules.ApplicationTest" time="2.102" errors="1" skipped="0">
  <properties>
[...]
</properties>
  <testcase classname="dk.sdu.mmmi.cbse.asteroidsnetbeansmodules.ApplicationTest" name="testApplication" time="1.022">
    <error message="/Users/jcs/Workspace/GitHub/SB4-KOM-F20/AsteroidsNetbeansModules/application/src/test/resources/enemy/updates.xml" type="java.nio.file.NoSuchFileException">java.nio.file.NoSuchFileException: /Users/jcs/Workspace/GitHub/SB4-KOM-F20/AsteroidsNetbeansModules/application/src/test/resources/enemy/updates.xml
	at java.base/sun.nio.fs.UnixException.translateToIOException(UnixException.java:92)
	at java.base/sun.nio.fs.UnixException.rethrowAsIOException(UnixException.java:106)
	at java.base/sun.nio.fs.UnixException.rethrowAsIOException(UnixException.java:111)
	at java.base/sun.nio.fs.UnixCopyFile.copy(UnixCopyFile.java:546)
	at java.base/sun.nio.fs.UnixFileSystemProvider.copy(UnixFileSystemProvider.java:258)
	at java.base/java.nio.file.Files.copy(Files.java:1299)
	at dk.sdu.mmmi.cbse.asteroidsnetbeansmodules.ApplicationTest.testApplication(ApplicationTest.java:52)
	at java.base/jdk.internal.reflect.NativeMethodAccessorImpl.invoke0(Native Method)
	at java.base/jdk.internal.reflect.NativeMethodAccessorImpl.invoke(NativeMethodAccessorImpl.java:78)
	at java.base/jdk.internal.reflect.DelegatingMethodAccessorImpl.invoke(DelegatingMethodAccessorImpl.java:43)
	at java.base/java.lang.reflect.Method.invoke(Method.java:567)
	at junit.framework.TestCase.runTest(TestCase.java:176)
	at org.netbeans.junit.NbTestCase.access$200(NbTestCase.java:77)
	at org.netbeans.junit.NbTestCase$2.doSomething(NbTestCase.java:460)
	at org.netbeans.junit.NbTestCase$1Guard.run(NbTestCase.java:386)
	at org.netbeans.junit.NbTestCase.runBare(NbTestCase.java:479)
	at junit.framework.TestResult$1.protect(TestResult.java:122)
	at junit.framework.TestResult.runProtected(TestResult.java:142)
	at junit.framework.TestResult.run(TestResult.java:125)
	at junit.framework.TestCase.run(TestCase.java:129)
	at org.netbeans.junit.NbTestCase.run(NbTestCase.java:275)
	at junit.framework.TestSuite.runTest(TestSuite.java:252)
	at org.netbeans.junit.NbModuleSuite$NbTestSuiteLogCheck.runTest(NbModuleSuite.java:1608)
	at junit.framework.TestSuite.run(TestSuite.java:247)
	at junit.framework.TestSuite.runTest(TestSuite.java:252)
	at junit.framework.TestSuite.run(TestSuite.java:247)
	at org.netbeans.junit.NbModuleSuite$S.runInRuntimeContainer(NbModuleSuite.java:939)
	at org.netbeans.junit.NbModuleSuite$S.access$100(NbModuleSuite.java:660)
	at org.netbeans.junit.NbModuleSuite$S$1.protect(NbModuleSuite.java:681)
	at junit.framework.TestResult.runProtected(TestResult.java:142)
	at org.netbeans.junit.NbModuleSuite$S.run(NbModuleSuite.java:677)
	at org.junit.internal.runners.JUnit38ClassRunner.run(JUnit38ClassRunner.java:86)
	at org.apache.maven.surefire.junit4.JUnit4Provider.execute(JUnit4Provider.java:252)
	at org.apache.maven.surefire.junit4.JUnit4Provider.executeTestSet(JUnit4Provider.java:141)
	at org.apache.maven.surefire.junit4.JUnit4Provider.invoke(JUnit4Provider.java:112)
	at java.base/jdk.internal.reflect.NativeMethodAccessorImpl.invoke0(Native Method)
	at java.base/jdk.internal.reflect.NativeMethodAccessorImpl.invoke(NativeMethodAccessorImpl.java:78)
	at java.base/jdk.internal.reflect.DelegatingMethodAccessorImpl.invoke(DelegatingMethodAccessorImpl.java:43)
	at java.base/java.lang.reflect.Method.invoke(Method.java:567)
	at org.apache.maven.surefire.util.ReflectionUtils.invokeMethodWithArray(ReflectionUtils.java:189)
	at org.apache.maven.surefire.booter.ProviderFactory$ProviderProxy.invoke(ProviderFactory.java:165)
	at org.apache.maven.surefire.booter.ProviderFactory.invokeProvider(ProviderFactory.java:85)
	at org.apache.maven.surefire.booter.ForkedBooter.runSuitesInProcess(ForkedBooter.java:113)
	at org.apache.maven.surefire.booter.ForkedBooter.main(ForkedBooter.java:75)
</error>
    <system-err>Mar 09, 2022 9:18:47 AM org.netbeans.ProxyURLStreamHandlerFactory register
SEVERE: No way to find original stream handler for jar protocol
java.lang.reflect.InaccessibleObjectException: Unable to make field transient java.net.URLStreamHandler java.net.URL.handler accessible: module java.base does not &quot;opens java.net&quot; to unnamed module @66048bfd
	at java.base/java.lang.reflect.AccessibleObject.checkCanSetAccessible(AccessibleObject.java:357)
	at java.base/java.lang.reflect.AccessibleObject.checkCanSetAccessible(AccessibleObject.java:297)
	at java.base/java.lang.reflect.Field.checkCanSetAccessible(Field.java:177)
	at java.base/java.lang.reflect.Field.setAccessible(Field.java:171)
	at org.netbeans.ProxyURLStreamHandlerFactory.register(ProxyURLStreamHandlerFactory.java:59)
	at org.netbeans.JarClassLoader.&lt;clinit&gt;(JarClassLoader.java:116)
	at org.netbeans.MainImpl.execute(MainImpl.java:153)
	at org.netbeans.MainImpl.main(MainImpl.java:60)
	at org.netbeans.Main.main(Main.java:58)
	at java.base/jdk.internal.reflect.NativeMethodAccessorImpl.invoke0(Native Method)
	at java.base/jdk.internal.reflect.NativeMethodAccessorImpl.invoke(NativeMethodAccessorImpl.java:78)
	at java.base/jdk.internal.reflect.DelegatingMethodAccessorImpl.invoke(DelegatingMethodAccessorImpl.java:43)
	at java.base/java.lang.reflect.Method.invoke(Method.java:567)
	at org.netbeans.junit.NbModuleSuite$S.runInRuntimeContainer(NbModuleSuite.java:905)
	at org.netbeans.junit.NbModuleSuite$S.access$100(NbModuleSuite.java:660)
	at org.netbeans.junit.NbModuleSuite$S$1.protect(NbModuleSuite.java:681)
	at junit.framework.TestResult.runProtected(TestResult.java:142)
	at org.netbeans.junit.NbModuleSuite$S.run(NbModuleSuite.java:677)
	at org.junit.internal.runners.JUnit38ClassRunner.run(JUnit38ClassRunner.java:86)
	at org.apache.maven.surefire.junit4.JUnit4Provider.execute(JUnit4Provider.java:252)
	at org.apache.maven.surefire.junit4.JUnit4Provider.executeTestSet(JUnit4Provider.java:141)
	at org.apache.maven.surefire.junit4.JUnit4Provider.invoke(JUnit4Provider.java:112)
	at java.base/jdk.internal.reflect.NativeMethodAccessorImpl.invoke0(Native Method)
	at java.base/jdk.internal.reflect.NativeMethodAccessorImpl.invoke(NativeMethodAccessorImpl.java:78)
	at java.base/jdk.internal.reflect.DelegatingMethodAccessorImpl.invoke(DelegatingMethodAccessorImpl.java:43)
	at java.base/java.lang.reflect.Method.invoke(Method.java:567)
	at org.apache.maven.surefire.util.ReflectionUtils.invokeMethodWithArray(ReflectionUtils.java:189)
	at org.apache.maven.surefire.booter.ProviderFactory$ProviderProxy.invoke(ProviderFactory.java:165)
	at org.apache.maven.surefire.booter.ProviderFactory.invokeProvider(ProviderFactory.java:85)
	at org.apache.maven.surefire.booter.ForkedBooter.runSuitesInProcess(ForkedBooter.java:113)
	at org.apache.maven.surefire.booter.ForkedBooter.main(ForkedBooter.java:75)

System class loader patches: /Users/sk/Documents/Uni/SoftwareEngineering/4Semester/Component-Based-Systems-SE-Semester4-f22/projects/SB4-KOM-F20-master/AsteroidsNetbeansModules/application/target/test-classes
-------------------------------------------------------------------------------
&gt;Log Session: Wednesday, March 9, 2022 at 9:18:47 AM Central European Standard Time
&gt;System Info: 
  Product Version         = Apache NetBeans Platform Dev (Build 11.2-d04fb24027334c4b6fd8397b5d0cdd33187a8f54)
  Operating System        = Mac OS X version 11.1 running on x86_64
  Java; VM; Vendor        = 16.0.2; OpenJDK 64-Bit Server VM 16.0.2+7-67; Oracle Corporation
  Runtime                 = OpenJDK Runtime Environment 16.0.2+7-67
  Java Home               = /Users/sk/Library/Java/JavaVirtualMachines/openjdk-16.0.2/Contents/Home
  System Locale; Encoding = en_US (asteroidsnetbeansmodules); UTF-8
  Home Directory          = /Users/sk
  Current Directory       = /Users/sk/Documents/Uni/SoftwareEngineering/4Semester/Component-Based-Systems-SE-Semester4-f22/projects/SB4-KOM-F20-master/AsteroidsNetbeansModules/application
  User Directory          = /var/folders/54/76vjfwl5301f54g2791yjj5m0000gn/T/tests-sk/userdir0
  Cache Directory         = /var/folders/54/76vjfwl5301f54g2791yjj5m0000gn/T/tests-sk/userdir0/var/cache
  Installation            = /Users/sk/Documents/Uni/SoftwareEngineering/4Semester/Component-Based-Systems-SE-Semester4-f22/projects/SB4-KOM-F20-master/AsteroidsNetbeansModules/application/target/asteroidsnetbeansmodules/asteroidsnetbeansmodules
                            /Users/sk/Documents/Uni/SoftwareEngineering/4Semester/Component-Based-Systems-SE-Semester4-f22/projects/SB4-KOM-F20-master/AsteroidsNetbeansModules/application/target/asteroidsnetbeansmodules/platform
  Boot &amp; Ext. Classpath   = 
  Application Classpath   = loaded by URLClassLoader file:/Users/sk/Documents/Uni/SoftwareEngineering/4Semester/Component-Based-Systems-SE-Semester4-f22/projects/SB4-KOM-F20-master/AsteroidsNetbeansModules/application/target/asteroidsnetbeansmodules/platform/lib/org-openide-util-lookup.jar file:/Users/sk/Documents/Uni/SoftwareEngineering/4Semester/Component-Based-Systems-SE-Semester4-f22/projects/SB4-KOM-F20-master/AsteroidsNetbeansModules/application/target/asteroidsnetbeansmodules/platform/lib/org-openide-modules.jar file:/Users/sk/Documents/Uni/SoftwareEngineering/4Semester/Component-Based-Systems-SE-Semester4-f22/projects/SB4-KOM-F20-master/AsteroidsNetbeansModules/application/target/asteroidsnetbeansmodules/platform/lib/org-openide-util-ui.jar file:/Users/sk/Documents/Uni/SoftwareEngineering/4Semester/Component-Based-Systems-SE-Semester4-f22/projects/SB4-KOM-F20-master/AsteroidsNetbeansModules/application/target/asteroidsnetbeansmodules/platform/lib/boot.jar file:/Users/sk/Documents/Uni/SoftwareEngineering/4Semester/Component-Based-Systems-SE-Semester4-f22/projects/SB4-KOM-F20-master/AsteroidsNetbeansModules/application/target/asteroidsnetbeansmodules/platform/lib/org-openide-util.jar file:/Users/sk/Library/Java/JavaVirtualMachines/openjdk-16.0.2/Contents/Home/lib/jrt-fs.jar
  Startup Classpath       = /Users/sk/Documents/Uni/SoftwareEngineering/4Semester/Component-Based-Systems-SE-Semester4-f22/projects/SB4-KOM-F20-master/AsteroidsNetbeansModules/application/target/asteroidsnetbeansmodules/platform/core/org-netbeans-libs-asm.jar:/Users/sk/Documents/Uni/SoftwareEngineering/4Semester/Component-Based-Systems-SE-Semester4-f22/projects/SB4-KOM-F20-master/AsteroidsNetbeansModules/application/target/asteroidsnetbeansmodules/platform/core/asm-all-5.0.1.jar:/Users/sk/Documents/Uni/SoftwareEngineering/4Semester/Component-Based-Systems-SE-Semester4-f22/projects/SB4-KOM-F20-master/AsteroidsNetbeansModules/application/target/asteroidsnetbeansmodules/platform/core/org-openide-filesystems.jar:/Users/sk/Documents/Uni/SoftwareEngineering/4Semester/Component-Based-Systems-SE-Semester4-f22/projects/SB4-KOM-F20-master/AsteroidsNetbeansModules/application/target/asteroidsnetbeansmodules/platform/core/core.jar:/Users/sk/Documents/Uni/SoftwareEngineering/4Semester/Component-Based-Systems-SE-Semester4-f22/projects/SB4-KOM-F20-master/AsteroidsNetbeansModules/application/target/asteroidsnetbeansmodules/platform/core/core-base.jar
-------------------------------------------------------------------------------
SEVERE [org.openide.util.Exceptions]
java.lang.reflect.InaccessibleObjectException: Unable to make protected java.util.Enumeration java.lang.ClassLoader.findResources(java.lang.String) throws java.io.IOException accessible: module java.base does not &quot;opens java.lang&quot; to unnamed module @66048bfd
	at java.base/java.lang.reflect.AccessibleObject.checkCanSetAccessible(AccessibleObject.java:357)
	at java.base/java.lang.reflect.AccessibleObject.checkCanSetAccessible(AccessibleObject.java:297)
	at java.base/java.lang.reflect.Method.checkCanSetAccessible(Method.java:199)
	at java.base/java.lang.reflect.Method.setAccessible(Method.java:193)
[catch] at org.netbeans.Module.findResources(Module.java:567)
	at org.netbeans.core.startup.NbInstaller.loadLayers(NbInstaller.java:605)
	at org.netbeans.core.startup.NbInstaller.loadImpl(NbInstaller.java:332)
	at org.netbeans.core.startup.NbInstaller.access$000(NbInstaller.java:77)
	at org.netbeans.core.startup.NbInstaller$1.run(NbInstaller.java:322)
	at org.openide.filesystems.FileUtil$2.run(FileUtil.java:413)
	at org.openide.filesystems.EventControl.runAtomicAction(EventControl.java:102)
	at org.openide.filesystems.FileSystem.runAtomicAction(FileSystem.java:494)
	at org.openide.filesystems.FileUtil.runAtomicAction(FileUtil.java:397)
	at org.openide.filesystems.FileUtil.runAtomicAction(FileUtil.java:417)
	at org.netbeans.core.startup.NbInstaller.load(NbInstaller.java:319)
	at org.netbeans.ModuleManager.enable(ModuleManager.java:1449)
	at org.netbeans.ModuleManager.enable(ModuleManager.java:1254)
	at org.netbeans.core.startup.ModuleList.installNew(ModuleList.java:315)
	at org.netbeans.core.startup.ModuleList.trigger(ModuleList.java:251)
	at org.netbeans.core.startup.ModuleSystem.restore(ModuleSystem.java:298)
	at org.netbeans.core.startup.Main.getModuleSystem(Main.java:156)
	at org.netbeans.core.startup.Main.getModuleSystem(Main.java:125)
	at org.netbeans.core.startup.Main.start(Main.java:282)
	at org.netbeans.core.startup.TopThreadGroup.run(TopThreadGroup.java:98)
	at java.base/java.lang.Thread.run(Thread.java:831)
SEVERE [org.openide.util.Exceptions]
java.lang.IllegalAccessException: class org.netbeans.Module cannot access a member of class java.lang.ClassLoader (in module java.base) with modifiers &quot;protected&quot;
	at java.base/jdk.internal.reflect.Reflection.newIllegalAccessException(Reflection.java:385)
	at java.base/java.lang.reflect.AccessibleObject.checkAccess(AccessibleObject.java:687)
	at java.base/java.lang.reflect.Method.invoke(Method.java:559)
[catch] at org.netbeans.Module.findResources(Module.java:570)
	at org.netbeans.core.startup.NbInstaller.loadLayers(NbInstaller.java:587)
	at org.netbeans.core.startup.NbInstaller.loadImpl(NbInstaller.java:332)
	at org.netbeans.core.startup.NbInstaller.access$000(NbInstaller.java:77)
	at org.netbeans.core.startup.NbInstaller$1.run(NbInstaller.java:322)
	at org.openide.filesystems.FileUtil$2.run(FileUtil.java:413)
	at org.openide.filesystems.EventControl.runAtomicAction(EventControl.java:102)
	at org.openide.filesystems.FileSystem.runAtomicAction(FileSystem.java:494)
	at org.openide.filesystems.FileUtil.runAtomicAction(FileUtil.java:397)
	at org.openide.filesystems.FileUtil.runAtomicAction(FileUtil.java:417)
	at org.netbeans.core.startup.NbInstaller.load(NbInstaller.java:319)
	at org.netbeans.ModuleManager.enable(ModuleManager.java:1449)
	at org.netbeans.ModuleManager.enable(ModuleManager.java:1254)
	at org.netbeans.core.startup.ModuleList.installNew(ModuleList.java:315)
	at org.netbeans.core.startup.ModuleList.trigger(ModuleList.java:251)
	at org.netbeans.core.startup.ModuleSystem.restore(ModuleSystem.java:298)
	at org.netbeans.core.startup.Main.getModuleSystem(Main.java:156)
	at org.netbeans.core.startup.Main.getModuleSystem(Main.java:125)
	at org.netbeans.core.startup.Main.start(Main.java:282)
	at org.netbeans.core.startup.TopThreadGroup.run(TopThreadGroup.java:98)
	at java.base/java.lang.Thread.run(Thread.java:831)
SEVERE [org.openide.util.Exceptions]
java.lang.IllegalAccessException: class org.netbeans.Module cannot access a member of class java.lang.ClassLoader (in module java.base) with modifiers &quot;protected&quot;
	at java.base/jdk.internal.reflect.Reflection.newIllegalAccessException(Reflection.java:385)
	at java.base/java.lang.reflect.AccessibleObject.checkAccess(AccessibleObject.java:687)
	at java.base/java.lang.reflect.Method.invoke(Method.java:559)
[catch] at org.netbeans.Module.findResources(Module.java:570)
	at org.netbeans.core.startup.NbInstaller.loadLayers(NbInstaller.java:587)
	at org.netbeans.core.startup.NbInstaller.loadImpl(NbInstaller.java:332)
	at org.netbeans.core.startup.NbInstaller.access$000(NbInstaller.java:77)
	at org.netbeans.core.startup.NbInstaller$1.run(NbInstaller.java:322)
	at org.openide.filesystems.FileUtil$2.run(FileUtil.java:413)
	at org.openide.filesystems.EventControl.runAtomicAction(EventControl.java:102)
	at org.openide.filesystems.FileSystem.runAtomicAction(FileSystem.java:494)
	at org.openide.filesystems.FileUtil.runAtomicAction(FileUtil.java:397)
	at org.openide.filesystems.FileUtil.runAtomicAction(FileUtil.java:417)
	at org.netbeans.core.startup.NbInstaller.load(NbInstaller.java:319)
	at org.netbeans.ModuleManager.enable(ModuleManager.java:1449)
	at org.netbeans.ModuleManager.enable(ModuleManager.java:1254)
	at org.netbeans.core.startup.ModuleList.installNew(ModuleList.java:315)
	at org.netbeans.core.startup.ModuleList.trigger(ModuleList.java:251)
	at org.netbeans.core.startup.ModuleSystem.restore(ModuleSystem.java:298)
	at org.netbeans.core.startup.Main.getModuleSystem(Main.java:156)
	at org.netbeans.core.startup.Main.getModuleSystem(Main.java:125)
	at org.netbeans.core.startup.Main.start(Main.java:282)
	at org.netbeans.core.startup.TopThreadGroup.run(TopThreadGroup.java:98)
	at java.base/java.lang.Thread.run(Thread.java:831)
SEVERE [org.openide.util.Exceptions]
java.lang.IllegalAccessException: class org.netbeans.Module cannot access a member of class java.lang.ClassLoader (in module java.base) with modifiers &quot;protected&quot;
	at java.base/jdk.internal.reflect.Reflection.newIllegalAccessException(Reflection.java:385)
	at java.base/java.lang.reflect.AccessibleObject.checkAccess(AccessibleObject.java:687)
	at java.base/java.lang.reflect.Method.invoke(Method.java:559)
[catch] at org.netbeans.Module.findResources(Module.java:570)
	at org.netbeans.core.startup.NbInstaller.loadLayers(NbInstaller.java:587)
	at org.netbeans.core.startup.NbInstaller.loadImpl(NbInstaller.java:332)
	at org.netbeans.core.startup.NbInstaller.access$000(NbInstaller.java:77)
	at org.netbeans.core.startup.NbInstaller$1.run(NbInstaller.java:322)
	at org.openide.filesystems.FileUtil$2.run(FileUtil.java:413)
	at org.openide.filesystems.EventControl.runAtomicAction(EventControl.java:102)
	at org.openide.filesystems.FileSystem.runAtomicAction(FileSystem.java:494)
	at org.openide.filesystems.FileUtil.runAtomicAction(FileUtil.java:397)
	at org.openide.filesystems.FileUtil.runAtomicAction(FileUtil.java:417)
	at org.netbeans.core.startup.NbInstaller.load(NbInstaller.java:319)
	at org.netbeans.ModuleManager.enable(ModuleManager.java:1449)
	at org.netbeans.ModuleManager.enable(ModuleManager.java:1254)
	at org.netbeans.core.startup.ModuleList.installNew(ModuleList.java:315)
	at org.netbeans.core.startup.ModuleList.trigger(ModuleList.java:251)
	at org.netbeans.core.startup.ModuleSystem.restore(ModuleSystem.java:298)
	at org.netbeans.core.startup.Main.getModuleSystem(Main.java:156)
	at org.netbeans.core.startup.Main.getModuleSystem(Main.java:125)
	at org.netbeans.core.startup.Main.start(Main.java:282)
	at org.netbeans.core.startup.TopThreadGroup.run(TopThreadGroup.java:98)
	at java.base/java.lang.Thread.run(Thread.java:831)
SEVERE [org.openide.util.Exceptions]
java.lang.IllegalAccessException: class org.netbeans.Module cannot access a member of class java.lang.ClassLoader (in module java.base) with modifiers &quot;protected&quot;
	at java.base/jdk.internal.reflect.Reflection.newIllegalAccessException(Reflection.java:385)
	at java.base/java.lang.reflect.AccessibleObject.checkAccess(AccessibleObject.java:687)
	at java.base/java.lang.reflect.Method.invoke(Method.java:559)
[catch] at org.netbeans.Module.findResources(Module.java:570)
	at org.netbeans.core.startup.NbInstaller.loadLayers(NbInstaller.java:587)
	at org.netbeans.core.startup.NbInstaller.loadImpl(NbInstaller.java:332)
	at org.netbeans.core.startup.NbInstaller.access$000(NbInstaller.java:77)
	at org.netbeans.core.startup.NbInstaller$1.run(NbInstaller.java:322)
	at org.openide.filesystems.FileUtil$2.run(FileUtil.java:413)
	at org.openide.filesystems.EventControl.runAtomicAction(EventControl.java:102)
	at org.openide.filesystems.FileSystem.runAtomicAction(FileSystem.java:494)
	at org.openide.filesystems.FileUtil.runAtomicAction(FileUtil.java:397)
	at org.openide.filesystems.FileUtil.runAtomicAction(FileUtil.java:417)
	at org.netbeans.core.startup.NbInstaller.load(NbInstaller.java:319)
	at org.netbeans.ModuleManager.enable(ModuleManager.java:1449)
	at org.netbeans.ModuleManager.enable(ModuleManager.java:1254)
	at org.netbeans.core.startup.ModuleList.installNew(ModuleList.java:315)
	at org.netbeans.core.startup.ModuleList.trigger(ModuleList.java:251)
	at org.netbeans.core.startup.ModuleSystem.restore(ModuleSystem.java:298)
	at org.netbeans.core.startup.Main.getModuleSystem(Main.java:156)
	at org.netbeans.core.startup.Main.getModuleSystem(Main.java:125)
	at org.netbeans.core.startup.Main.start(Main.java:282)
	at org.netbeans.core.startup.TopThreadGroup.run(TopThreadGroup.java:98)
	at java.base/java.lang.Thread.run(Thread.java:831)
SEVERE [org.openide.util.Exceptions]
java.lang.IllegalAccessException: class org.netbeans.Module cannot access a member of class java.lang.ClassLoader (in module java.base) with modifiers &quot;protected&quot;
	at java.base/jdk.internal.reflect.Reflection.newIllegalAccessException(Reflection.java:385)
	at java.base/java.lang.reflect.AccessibleObject.checkAccess(AccessibleObject.java:687)
	at java.base/java.lang.reflect.Method.invoke(Method.java:559)
[catch] at org.netbeans.Module.findResources(Module.java:570)
	at org.netbeans.core.startup.NbInstaller.loadLayers(NbInstaller.java:587)
	at org.netbeans.core.startup.NbInstaller.loadImpl(NbInstaller.java:332)
	at org.netbeans.core.startup.NbInstaller.access$000(NbInstaller.java:77)
	at org.netbeans.core.startup.NbInstaller$1.run(NbInstaller.java:322)
	at org.openide.filesystems.FileUtil$2.run(FileUtil.java:413)
	at org.openide.filesystems.EventControl.runAtomicAction(EventControl.java:102)
	at org.openide.filesystems.FileSystem.runAtomicAction(FileSystem.java:494)
	at org.openide.filesystems.FileUtil.runAtomicAction(FileUtil.java:397)
	at org.openide.filesystems.FileUtil.runAtomicAction(FileUtil.java:417)
	at org.netbeans.core.startup.NbInstaller.load(NbInstaller.java:319)
	at org.netbeans.ModuleManager.enable(ModuleManager.java:1449)
	at org.netbeans.ModuleManager.enable(ModuleManager.java:1254)
	at org.netbeans.core.startup.ModuleList.installNew(ModuleList.java:315)
	at org.netbeans.core.startup.ModuleList.trigger(ModuleList.java:251)
	at org.netbeans.core.startup.ModuleSystem.restore(ModuleSystem.java:298)
	at org.netbeans.core.startup.Main.getModuleSystem(Main.java:156)
	at org.netbeans.core.startup.Main.getModuleSystem(Main.java:125)
	at org.netbeans.core.startup.Main.start(Main.java:282)
	at org.netbeans.core.startup.TopThreadGroup.run(TopThreadGroup.java:98)
	at java.base/java.lang.Thread.run(Thread.java:831)
SEVERE [org.openide.util.Exceptions]
java.lang.IllegalAccessException: class org.netbeans.Module cannot access a member of class java.lang.ClassLoader (in module java.base) with modifiers &quot;protected&quot;
	at java.base/jdk.internal.reflect.Reflection.newIllegalAccessException(Reflection.java:385)
	at java.base/java.lang.reflect.AccessibleObject.checkAccess(AccessibleObject.java:687)
	at java.base/java.lang.reflect.Method.invoke(Method.java:559)
[catch] at org.netbeans.Module.findResources(Module.java:570)
	at org.netbeans.core.startup.NbInstaller.loadLayers(NbInstaller.java:587)
	at org.netbeans.core.startup.NbInstaller.loadImpl(NbInstaller.java:332)
	at org.netbeans.core.startup.NbInstaller.access$000(NbInstaller.java:77)
	at org.netbeans.core.startup.NbInstaller$1.run(NbInstaller.java:322)
	at org.openide.filesystems.FileUtil$2.run(FileUtil.java:413)
	at org.openide.filesystems.EventControl.runAtomicAction(EventControl.java:102)
	at org.openide.filesystems.FileSystem.runAtomicAction(FileSystem.java:494)
	at org.openide.filesystems.FileUtil.runAtomicAction(FileUtil.java:397)
	at org.openide.filesystems.FileUtil.runAtomicAction(FileUtil.java:417)
	at org.netbeans.core.startup.NbInstaller.load(NbInstaller.java:319)
	at org.netbeans.ModuleManager.enable(ModuleManager.java:1449)
	at org.netbeans.ModuleManager.enable(ModuleManager.java:1254)
	at org.netbeans.core.startup.ModuleList.installNew(ModuleList.java:315)
	at org.netbeans.core.startup.ModuleList.trigger(ModuleList.java:251)
	at org.netbeans.core.startup.ModuleSystem.restore(ModuleSystem.java:298)
	at org.netbeans.core.startup.Main.getModuleSystem(Main.java:156)
	at org.netbeans.core.startup.Main.getModuleSystem(Main.java:125)
	at org.netbeans.core.startup.Main.start(Main.java:282)
	at org.netbeans.core.startup.TopThreadGroup.run(TopThreadGroup.java:98)
	at java.base/java.lang.Thread.run(Thread.java:831)
SEVERE [org.openide.util.Exceptions]
java.lang.IllegalAccessException: class org.netbeans.Module cannot access a member of class java.lang.ClassLoader (in module java.base) with modifiers &quot;protected&quot;
	at java.base/jdk.internal.reflect.Reflection.newIllegalAccessException(Reflection.java:385)
	at java.base/java.lang.reflect.AccessibleObject.checkAccess(AccessibleObject.java:687)
	at java.base/java.lang.reflect.Method.invoke(Method.java:559)
[catch] at org.netbeans.Module.findResources(Module.java:570)
	at org.netbeans.core.startup.NbInstaller.loadLayers(NbInstaller.java:587)
	at org.netbeans.core.startup.NbInstaller.loadImpl(NbInstaller.java:332)
	at org.netbeans.core.startup.NbInstaller.access$000(NbInstaller.java:77)
	at org.netbeans.core.startup.NbInstaller$1.run(NbInstaller.java:322)
	at org.openide.filesystems.FileUtil$2.run(FileUtil.java:413)
	at org.openide.filesystems.EventControl.runAtomicAction(EventControl.java:102)
	at org.openide.filesystems.FileSystem.runAtomicAction(FileSystem.java:494)
	at org.openide.filesystems.FileUtil.runAtomicAction(FileUtil.java:397)
	at org.openide.filesystems.FileUtil.runAtomicAction(FileUtil.java:417)
	at org.netbeans.core.startup.NbInstaller.load(NbInstaller.java:319)
	at org.netbeans.ModuleManager.enable(ModuleManager.java:1449)
	at org.netbeans.ModuleManager.enable(ModuleManager.java:1254)
	at org.netbeans.core.startup.ModuleList.installNew(ModuleList.java:315)
	at org.netbeans.core.startup.ModuleList.trigger(ModuleList.java:251)
	at org.netbeans.core.startup.ModuleSystem.restore(ModuleSystem.java:298)
	at org.netbeans.core.startup.Main.getModuleSystem(Main.java:156)
	at org.netbeans.core.startup.Main.getModuleSystem(Main.java:125)
	at org.netbeans.core.startup.Main.start(Main.java:282)
	at org.netbeans.core.startup.TopThreadGroup.run(TopThreadGroup.java:98)
	at java.base/java.lang.Thread.run(Thread.java:831)
SEVERE [org.openide.util.Exceptions]
java.lang.IllegalAccessException: class org.netbeans.Module cannot access a member of class java.lang.ClassLoader (in module java.base) with modifiers &quot;protected&quot;
	at java.base/jdk.internal.reflect.Reflection.newIllegalAccessException(Reflection.java:385)
	at java.base/java.lang.reflect.AccessibleObject.checkAccess(AccessibleObject.java:687)
	at java.base/java.lang.reflect.Method.invoke(Method.java:559)
[catch] at org.netbeans.Module.findResources(Module.java:570)
	at org.netbeans.core.startup.NbInstaller.loadLayers(NbInstaller.java:587)
	at org.netbeans.core.startup.NbInstaller.loadImpl(NbInstaller.java:332)
	at org.netbeans.core.startup.NbInstaller.access$000(NbInstaller.java:77)
	at org.netbeans.core.startup.NbInstaller$1.run(NbInstaller.java:322)
	at org.openide.filesystems.FileUtil$2.run(FileUtil.java:413)
	at org.openide.filesystems.EventControl.runAtomicAction(EventControl.java:102)
	at org.openide.filesystems.FileSystem.runAtomicAction(FileSystem.java:494)
	at org.openide.filesystems.FileUtil.runAtomicAction(FileUtil.java:397)
	at org.openide.filesystems.FileUtil.runAtomicAction(FileUtil.java:417)
	at org.netbeans.core.startup.NbInstaller.load(NbInstaller.java:319)
	at org.netbeans.ModuleManager.enable(ModuleManager.java:1449)
	at org.netbeans.ModuleManager.enable(ModuleManager.java:1254)
	at org.netbeans.core.startup.ModuleList.installNew(ModuleList.java:315)
	at org.netbeans.core.startup.ModuleList.trigger(ModuleList.java:251)
	at org.netbeans.core.startup.ModuleSystem.restore(ModuleSystem.java:298)
	at org.netbeans.core.startup.Main.getModuleSystem(Main.java:156)
	at org.netbeans.core.startup.Main.getModuleSystem(Main.java:125)
	at org.netbeans.core.startup.Main.start(Main.java:282)
	at org.netbeans.core.startup.TopThreadGroup.run(TopThreadGroup.java:98)
	at java.base/java.lang.Thread.run(Thread.java:831)
SEVERE [org.openide.util.Exceptions]
java.lang.IllegalAccessException: class org.netbeans.Module cannot access a member of class java.lang.ClassLoader (in module java.base) with modifiers &quot;protected&quot;
	at java.base/jdk.internal.reflect.Reflection.newIllegalAccessException(Reflection.java:385)
	at java.base/java.lang.reflect.AccessibleObject.checkAccess(AccessibleObject.java:687)
	at java.base/java.lang.reflect.Method.invoke(Method.java:559)
[catch] at org.netbeans.Module.findResources(Module.java:570)
	at org.netbeans.core.startup.NbInstaller.loadLayers(NbInstaller.java:587)
	at org.netbeans.core.startup.NbInstaller.loadImpl(NbInstaller.java:332)
	at org.netbeans.core.startup.NbInstaller.access$000(NbInstaller.java:77)
	at org.netbeans.core.startup.NbInstaller$1.run(NbInstaller.java:322)
	at org.openide.filesystems.FileUtil$2.run(FileUtil.java:413)
	at org.openide.filesystems.EventControl.runAtomicAction(EventControl.java:102)
	at org.openide.filesystems.FileSystem.runAtomicAction(FileSystem.java:494)
	at org.openide.filesystems.FileUtil.runAtomicAction(FileUtil.java:397)
	at org.openide.filesystems.FileUtil.runAtomicAction(FileUtil.java:417)
	at org.netbeans.core.startup.NbInstaller.load(NbInstaller.java:319)
	at org.netbeans.ModuleManager.enable(ModuleManager.java:1449)
	at org.netbeans.ModuleManager.enable(ModuleManager.java:1254)
	at org.netbeans.core.startup.ModuleList.installNew(ModuleList.java:315)
	at org.netbeans.core.startup.ModuleList.trigger(ModuleList.java:251)
	at org.netbeans.core.startup.ModuleSystem.restore(ModuleSystem.java:298)
	at org.netbeans.core.startup.Main.getModuleSystem(Main.java:156)
	at org.netbeans.core.startup.Main.getModuleSystem(Main.java:125)
	at org.netbeans.core.startup.Main.start(Main.java:282)
	at org.netbeans.core.startup.TopThreadGroup.run(TopThreadGroup.java:98)
	at java.base/java.lang.Thread.run(Thread.java:831)
SEVERE [org.openide.util.Exceptions]
java.lang.IllegalAccessException: class org.netbeans.Module cannot access a member of class java.lang.ClassLoader (in module java.base) with modifiers &quot;protected&quot;
	at java.base/jdk.internal.reflect.Reflection.newIllegalAccessException(Reflection.java:385)
	at java.base/java.lang.reflect.AccessibleObject.checkAccess(AccessibleObject.java:687)
	at java.base/java.lang.reflect.Method.invoke(Method.java:559)
[catch] at org.netbeans.Module.findResources(Module.java:570)
	at org.netbeans.core.startup.NbInstaller.loadLayers(NbInstaller.java:587)
	at org.netbeans.core.startup.NbInstaller.loadImpl(NbInstaller.java:332)
	at org.netbeans.core.startup.NbInstaller.access$000(NbInstaller.java:77)
	at org.netbeans.core.startup.NbInstaller$1.run(NbInstaller.java:322)
	at org.openide.filesystems.FileUtil$2.run(FileUtil.java:413)
	at org.openide.filesystems.EventControl.runAtomicAction(EventControl.java:102)
	at org.openide.filesystems.FileSystem.runAtomicAction(FileSystem.java:494)
	at org.openide.filesystems.FileUtil.runAtomicAction(FileUtil.java:397)
	at org.openide.filesystems.FileUtil.runAtomicAction(FileUtil.java:417)
	at org.netbeans.core.startup.NbInstaller.load(NbInstaller.java:319)
	at org.netbeans.ModuleManager.enable(ModuleManager.java:1449)
	at org.netbeans.ModuleManager.enable(ModuleManager.java:1254)
	at org.netbeans.core.startup.ModuleList.installNew(ModuleList.java:315)
	at org.netbeans.core.startup.ModuleList.trigger(ModuleList.java:251)
	at org.netbeans.core.startup.ModuleSystem.restore(ModuleSystem.java:298)
	at org.netbeans.core.startup.Main.getModuleSystem(Main.java:156)
	at org.netbeans.core.startup.Main.getModuleSystem(Main.java:125)
	at org.netbeans.core.startup.Main.start(Main.java:282)
	at org.netbeans.core.startup.TopThreadGroup.run(TopThreadGroup.java:98)
	at java.base/java.lang.Thread.run(Thread.java:831)
SEVERE [org.openide.util.Exceptions]
java.lang.IllegalAccessException: class org.netbeans.Module cannot access a member of class java.lang.ClassLoader (in module java.base) with modifiers &quot;protected&quot;
	at java.base/jdk.internal.reflect.Reflection.newIllegalAccessException(Reflection.java:385)
	at java.base/java.lang.reflect.AccessibleObject.checkAccess(AccessibleObject.java:687)
	at java.base/java.lang.reflect.Method.invoke(Method.java:559)
[catch] at org.netbeans.Module.findResources(Module.java:570)
	at org.netbeans.core.startup.NbInstaller.loadLayers(NbInstaller.java:587)
	at org.netbeans.core.startup.NbInstaller.loadImpl(NbInstaller.java:332)
	at org.netbeans.core.startup.NbInstaller.access$000(NbInstaller.java:77)
	at org.netbeans.core.startup.NbInstaller$1.run(NbInstaller.java:322)
	at org.openide.filesystems.FileUtil$2.run(FileUtil.java:413)
	at org.openide.filesystems.EventControl.runAtomicAction(EventControl.java:102)
	at org.openide.filesystems.FileSystem.runAtomicAction(FileSystem.java:494)
	at org.openide.filesystems.FileUtil.runAtomicAction(FileUtil.java:397)
	at org.openide.filesystems.FileUtil.runAtomicAction(FileUtil.java:417)
	at org.netbeans.core.startup.NbInstaller.load(NbInstaller.java:319)
	at org.netbeans.ModuleManager.enable(ModuleManager.java:1449)
	at org.netbeans.ModuleManager.enable(ModuleManager.java:1254)
	at org.netbeans.core.startup.ModuleList.installNew(ModuleList.java:315)
	at org.netbeans.core.startup.ModuleList.trigger(ModuleList.java:251)
	at org.netbeans.core.startup.ModuleSystem.restore(ModuleSystem.java:298)
	at org.netbeans.core.startup.Main.getModuleSystem(Main.java:156)
	at org.netbeans.core.startup.Main.getModuleSystem(Main.java:125)
	at org.netbeans.core.startup.Main.start(Main.java:282)
	at org.netbeans.core.startup.TopThreadGroup.run(TopThreadGroup.java:98)
	at java.base/java.lang.Thread.run(Thread.java:831)
SEVERE [org.openide.util.Exceptions]
java.lang.IllegalAccessException: class org.netbeans.Module cannot access a member of class java.lang.ClassLoader (in module java.base) with modifiers &quot;protected&quot;
	at java.base/jdk.internal.reflect.Reflection.newIllegalAccessException(Reflection.java:385)
	at java.base/java.lang.reflect.AccessibleObject.checkAccess(AccessibleObject.java:687)
	at java.base/java.lang.reflect.Method.invoke(Method.java:559)
[catch] at org.netbeans.Module.findResources(Module.java:570)
	at org.netbeans.core.startup.NbInstaller.loadLayers(NbInstaller.java:587)
	at org.netbeans.core.startup.NbInstaller.loadImpl(NbInstaller.java:332)
	at org.netbeans.core.startup.NbInstaller.access$000(NbInstaller.java:77)
	at org.netbeans.core.startup.NbInstaller$1.run(NbInstaller.java:322)
	at org.openide.filesystems.FileUtil$2.run(FileUtil.java:413)
	at org.openide.filesystems.EventControl.runAtomicAction(EventControl.java:102)
	at org.openide.filesystems.FileSystem.runAtomicAction(FileSystem.java:494)
	at org.openide.filesystems.FileUtil.runAtomicAction(FileUtil.java:397)
	at org.openide.filesystems.FileUtil.runAtomicAction(FileUtil.java:417)
	at org.netbeans.core.startup.NbInstaller.load(NbInstaller.java:319)
	at org.netbeans.ModuleManager.enable(ModuleManager.java:1449)
	at org.netbeans.ModuleManager.enable(ModuleManager.java:1254)
	at org.netbeans.core.startup.ModuleList.installNew(ModuleList.java:315)
	at org.netbeans.core.startup.ModuleList.trigger(ModuleList.java:251)
	at org.netbeans.core.startup.ModuleSystem.restore(ModuleSystem.java:298)
	at org.netbeans.core.startup.Main.getModuleSystem(Main.java:156)
	at org.netbeans.core.startup.Main.getModuleSystem(Main.java:125)
	at org.netbeans.core.startup.Main.start(Main.java:282)
	at org.netbeans.core.startup.TopThreadGroup.run(TopThreadGroup.java:98)
	at java.base/java.lang.Thread.run(Thread.java:831)
SEVERE [org.openide.util.Exceptions]
java.lang.IllegalAccessException: class org.netbeans.Module cannot access a member of class java.lang.ClassLoader (in module java.base) with modifiers &quot;protected&quot;
	at java.base/jdk.internal.reflect.Reflection.newIllegalAccessException(Reflection.java:385)
	at java.base/java.lang.reflect.AccessibleObject.checkAccess(AccessibleObject.java:687)
	at java.base/java.lang.reflect.Method.invoke(Method.java:559)
[catch] at org.netbeans.Module.findResources(Module.java:570)
	at org.netbeans.core.startup.NbInstaller.loadLayers(NbInstaller.java:605)
	at org.netbeans.core.startup.NbInstaller.loadImpl(NbInstaller.java:332)
	at org.netbeans.core.startup.NbInstaller.access$000(NbInstaller.java:77)
	at org.netbeans.core.startup.NbInstaller$1.run(NbInstaller.java:322)
	at org.openide.filesystems.FileUtil$2.run(FileUtil.java:413)
	at org.openide.filesystems.EventControl.runAtomicAction(EventControl.java:102)
	at org.openide.filesystems.FileSystem.runAtomicAction(FileSystem.java:494)
	at org.openide.filesystems.FileUtil.runAtomicAction(FileUtil.java:397)
	at org.openide.filesystems.FileUtil.runAtomicAction(FileUtil.java:417)
	at org.netbeans.core.startup.NbInstaller.load(NbInstaller.java:319)
	at org.netbeans.ModuleManager.enable(ModuleManager.java:1449)
	at org.netbeans.ModuleManager.enable(ModuleManager.java:1254)
	at org.netbeans.core.startup.ModuleList.installNew(ModuleList.java:315)
	at org.netbeans.core.startup.ModuleList.trigger(ModuleList.java:251)
	at org.netbeans.core.startup.ModuleSystem.restore(ModuleSystem.java:298)
	at org.netbeans.core.startup.Main.getModuleSystem(Main.java:156)
	at org.netbeans.core.startup.Main.getModuleSystem(Main.java:125)
	at org.netbeans.core.startup.Main.start(Main.java:282)
	at org.netbeans.core.startup.TopThreadGroup.run(TopThreadGroup.java:98)
	at java.base/java.lang.Thread.run(Thread.java:831)
SEVERE [org.openide.util.Exceptions]
java.lang.IllegalAccessException: class org.netbeans.Module cannot access a member of class java.lang.ClassLoader (in module java.base) with modifiers &quot;protected&quot;
	at java.base/jdk.internal.reflect.Reflection.newIllegalAccessException(Reflection.java:385)
	at java.base/java.lang.reflect.AccessibleObject.checkAccess(AccessibleObject.java:687)
	at java.base/java.lang.reflect.Method.invoke(Method.java:559)
[catch] at org.netbeans.Module.findResources(Module.java:570)
	at org.netbeans.core.startup.NbInstaller.loadLayers(NbInstaller.java:605)
	at org.netbeans.core.startup.NbInstaller.loadImpl(NbInstaller.java:332)
	at org.netbeans.core.startup.NbInstaller.access$000(NbInstaller.java:77)
	at org.netbeans.core.startup.NbInstaller$1.run(NbInstaller.java:322)
	at org.openide.filesystems.FileUtil$2.run(FileUtil.java:413)
	at org.openide.filesystems.EventControl.runAtomicAction(EventControl.java:102)
	at org.openide.filesystems.FileSystem.runAtomicAction(FileSystem.java:494)
	at org.openide.filesystems.FileUtil.runAtomicAction(FileUtil.java:397)
	at org.openide.filesystems.FileUtil.runAtomicAction(FileUtil.java:417)
	at org.netbeans.core.startup.NbInstaller.load(NbInstaller.java:319)
	at org.netbeans.ModuleManager.enable(ModuleManager.java:1449)
	at org.netbeans.ModuleManager.enable(ModuleManager.java:1254)
	at org.netbeans.core.startup.ModuleList.installNew(ModuleList.java:315)
	at org.netbeans.core.startup.ModuleList.trigger(ModuleList.java:251)
	at org.netbeans.core.startup.ModuleSystem.restore(ModuleSystem.java:298)
	at org.netbeans.core.startup.Main.getModuleSystem(Main.java:156)
	at org.netbeans.core.startup.Main.getModuleSystem(Main.java:125)
	at org.netbeans.core.startup.Main.start(Main.java:282)
	at org.netbeans.core.startup.TopThreadGroup.run(TopThreadGroup.java:98)
	at java.base/java.lang.Thread.run(Thread.java:831)
SEVERE [org.openide.util.Exceptions]
java.lang.IllegalAccessException: class org.netbeans.Module cannot access a member of class java.lang.ClassLoader (in module java.base) with modifiers &quot;protected&quot;
	at java.base/jdk.internal.reflect.Reflection.newIllegalAccessException(Reflection.java:385)
	at java.base/java.lang.reflect.AccessibleObject.checkAccess(AccessibleObject.java:687)
	at java.base/java.lang.reflect.Method.invoke(Method.java:559)
[catch] at org.netbeans.Module.findResources(Module.java:570)
	at org.netbeans.core.startup.NbInstaller.loadLayers(NbInstaller.java:605)
	at org.netbeans.core.startup.NbInstaller.loadImpl(NbInstaller.java:332)
	at org.netbeans.core.startup.NbInstaller.access$000(NbInstaller.java:77)
	at org.netbeans.core.startup.NbInstaller$1.run(NbInstaller.java:322)
	at org.openide.filesystems.FileUtil$2.run(FileUtil.java:413)
	at org.openide.filesystems.EventControl.runAtomicAction(EventControl.java:102)
	at org.openide.filesystems.FileSystem.runAtomicAction(FileSystem.java:494)
	at org.openide.filesystems.FileUtil.runAtomicAction(FileUtil.java:397)
	at org.openide.filesystems.FileUtil.runAtomicAction(FileUtil.java:417)
	at org.netbeans.core.startup.NbInstaller.load(NbInstaller.java:319)
	at org.netbeans.ModuleManager.enable(ModuleManager.java:1449)
	at org.netbeans.ModuleManager.enable(ModuleManager.java:1254)
	at org.netbeans.core.startup.ModuleList.installNew(ModuleList.java:315)
	at org.netbeans.core.startup.ModuleList.trigger(ModuleList.java:251)
	at org.netbeans.core.startup.ModuleSystem.restore(ModuleSystem.java:298)
	at org.netbeans.core.startup.Main.getModuleSystem(Main.java:156)
	at org.netbeans.core.startup.Main.getModuleSystem(Main.java:125)
	at org.netbeans.core.startup.Main.start(Main.java:282)
	at org.netbeans.core.startup.TopThreadGroup.run(TopThreadGroup.java:98)
	at java.base/java.lang.Thread.run(Thread.java:831)
SEVERE [org.openide.util.Exceptions]
java.lang.IllegalAccessException: class org.netbeans.Module cannot access a member of class java.lang.ClassLoader (in module java.base) with modifiers &quot;protected&quot;
	at java.base/jdk.internal.reflect.Reflection.newIllegalAccessException(Reflection.java:385)
	at java.base/java.lang.reflect.AccessibleObject.checkAccess(AccessibleObject.java:687)
	at java.base/java.lang.reflect.Method.invoke(Method.java:559)
[catch] at org.netbeans.Module.findResources(Module.java:570)
	at org.netbeans.core.startup.NbInstaller.loadLayers(NbInstaller.java:605)
	at org.netbeans.core.startup.NbInstaller.loadImpl(NbInstaller.java:332)
	at org.netbeans.core.startup.NbInstaller.access$000(NbInstaller.java:77)
	at org.netbeans.core.startup.NbInstaller$1.run(NbInstaller.java:322)
	at org.openide.filesystems.FileUtil$2.run(FileUtil.java:413)
	at org.openide.filesystems.EventControl.runAtomicAction(EventControl.java:102)
	at org.openide.filesystems.FileSystem.runAtomicAction(FileSystem.java:494)
	at org.openide.filesystems.FileUtil.runAtomicAction(FileUtil.java:397)
	at org.openide.filesystems.FileUtil.runAtomicAction(FileUtil.java:417)
	at org.netbeans.core.startup.NbInstaller.load(NbInstaller.java:319)
	at org.netbeans.ModuleManager.enable(ModuleManager.java:1449)
	at org.netbeans.ModuleManager.enable(ModuleManager.java:1254)
	at org.netbeans.core.startup.ModuleList.installNew(ModuleList.java:315)
	at org.netbeans.core.startup.ModuleList.trigger(ModuleList.java:251)
	at org.netbeans.core.startup.ModuleSystem.restore(ModuleSystem.java:298)
	at org.netbeans.core.startup.Main.getModuleSystem(Main.java:156)
	at org.netbeans.core.startup.Main.getModuleSystem(Main.java:125)
	at org.netbeans.core.startup.Main.start(Main.java:282)
	at org.netbeans.core.startup.TopThreadGroup.run(TopThreadGroup.java:98)
	at java.base/java.lang.Thread.run(Thread.java:831)
SEVERE [org.openide.util.Exceptions]
java.lang.IllegalAccessException: class org.netbeans.Module cannot access a member of class java.lang.ClassLoader (in module java.base) with modifiers &quot;protected&quot;
	at java.base/jdk.internal.reflect.Reflection.newIllegalAccessException(Reflection.java:385)
	at java.base/java.lang.reflect.AccessibleObject.checkAccess(AccessibleObject.java:687)
	at java.base/java.lang.reflect.Method.invoke(Method.java:559)
[catch] at org.netbeans.Module.findResources(Module.java:570)
	at org.netbeans.core.startup.NbInstaller.loadLayers(NbInstaller.java:605)
	at org.netbeans.core.startup.NbInstaller.loadImpl(NbInstaller.java:332)
	at org.netbeans.core.startup.NbInstaller.access$000(NbInstaller.java:77)
	at org.netbeans.core.startup.NbInstaller$1.run(NbInstaller.java:322)
	at org.openide.filesystems.FileUtil$2.run(FileUtil.java:413)
	at org.openide.filesystems.EventControl.runAtomicAction(EventControl.java:102)
	at org.openide.filesystems.FileSystem.runAtomicAction(FileSystem.java:494)
	at org.openide.filesystems.FileUtil.runAtomicAction(FileUtil.java:397)
	at org.openide.filesystems.FileUtil.runAtomicAction(FileUtil.java:417)
	at org.netbeans.core.startup.NbInstaller.load(NbInstaller.java:319)
	at org.netbeans.ModuleManager.enable(ModuleManager.java:1449)
	at org.netbeans.ModuleManager.enable(ModuleManager.java:1254)
	at org.netbeans.core.startup.ModuleList.installNew(ModuleList.java:315)
	at org.netbeans.core.startup.ModuleList.trigger(ModuleList.java:251)
	at org.netbeans.core.startup.ModuleSystem.restore(ModuleSystem.java:298)
	at org.netbeans.core.startup.Main.getModuleSystem(Main.java:156)
	at org.netbeans.core.startup.Main.getModuleSystem(Main.java:125)
	at org.netbeans.core.startup.Main.start(Main.java:282)
	at org.netbeans.core.startup.TopThreadGroup.run(TopThreadGroup.java:98)
	at java.base/java.lang.Thread.run(Thread.java:831)
SEVERE [org.openide.util.Exceptions]
java.lang.IllegalAccessException: class org.netbeans.Module cannot access a member of class java.lang.ClassLoader (in module java.base) with modifiers &quot;protected&quot;
	at java.base/jdk.internal.reflect.Reflection.newIllegalAccessException(Reflection.java:385)
	at java.base/java.lang.reflect.AccessibleObject.checkAccess(AccessibleObject.java:687)
	at java.base/java.lang.reflect.Method.invoke(Method.java:559)
[catch] at org.netbeans.Module.findResources(Module.java:570)
	at org.netbeans.core.startup.NbInstaller.loadLayers(NbInstaller.java:587)
	at org.netbeans.core.startup.NbInstaller.loadImpl(NbInstaller.java:332)
	at org.netbeans.core.startup.NbInstaller.access$000(NbInstaller.java:77)
	at org.netbeans.core.startup.NbInstaller$1.run(NbInstaller.java:322)
	at org.openide.filesystems.FileUtil$2.run(FileUtil.java:413)
	at org.openide.filesystems.EventControl.runAtomicAction(EventControl.java:102)
	at org.openide.filesystems.FileSystem.runAtomicAction(FileSystem.java:494)
	at org.openide.filesystems.FileUtil.runAtomicAction(FileUtil.java:397)
	at org.openide.filesystems.FileUtil.runAtomicAction(FileUtil.java:417)
	at org.netbeans.core.startup.NbInstaller.load(NbInstaller.java:319)
	at org.netbeans.ModuleManager.enable(ModuleManager.java:1449)
	at org.netbeans.ModuleManager.enable(ModuleManager.java:1254)
	at org.netbeans.core.startup.ModuleList.installNew(ModuleList.java:315)
	at org.netbeans.core.startup.ModuleList.trigger(ModuleList.java:251)
	at org.netbeans.core.startup.ModuleSystem.restore(ModuleSystem.java:298)
	at org.netbeans.core.startup.Main.getModuleSystem(Main.java:156)
	at org.netbeans.core.startup.Main.getModuleSystem(Main.java:125)
	at org.netbeans.core.startup.Main.start(Main.java:282)
	at org.netbeans.core.startup.TopThreadGroup.run(TopThreadGroup.java:98)
	at java.base/java.lang.Thread.run(Thread.java:831)
SEVERE [org.openide.util.Exceptions]
java.lang.IllegalAccessException: class org.netbeans.Module cannot access a member of class java.lang.ClassLoader (in module java.base) with modifiers &quot;protected&quot;
	at java.base/jdk.internal.reflect.Reflection.newIllegalAccessException(Reflection.java:385)
	at java.base/java.lang.reflect.AccessibleObject.checkAccess(AccessibleObject.java:687)
	at java.base/java.lang.reflect.Method.invoke(Method.java:559)
[catch] at org.netbeans.Module.findResources(Module.java:570)
	at org.netbeans.core.startup.NbInstaller.loadLayers(NbInstaller.java:587)
	at org.netbeans.core.startup.NbInstaller.loadImpl(NbInstaller.java:332)
	at org.netbeans.core.startup.NbInstaller.access$000(NbInstaller.java:77)
	at org.netbeans.core.startup.NbInstaller$1.run(NbInstaller.java:322)
	at org.openide.filesystems.FileUtil$2.run(FileUtil.java:413)
	at org.openide.filesystems.EventControl.runAtomicAction(EventControl.java:102)
	at org.openide.filesystems.FileSystem.runAtomicAction(FileSystem.java:494)
	at org.openide.filesystems.FileUtil.runAtomicAction(FileUtil.java:397)
	at org.openide.filesystems.FileUtil.runAtomicAction(FileUtil.java:417)
	at org.netbeans.core.startup.NbInstaller.load(NbInstaller.java:319)
	at org.netbeans.ModuleManager.enable(ModuleManager.java:1449)
	at org.netbeans.ModuleManager.enable(ModuleManager.java:1254)
	at org.netbeans.core.startup.ModuleList.installNew(ModuleList.java:315)
	at org.netbeans.core.startup.ModuleList.trigger(ModuleList.java:251)
	at org.netbeans.core.startup.ModuleSystem.restore(ModuleSystem.java:298)
	at org.netbeans.core.startup.Main.getModuleSystem(Main.java:156)
	at org.netbeans.core.startup.Main.getModuleSystem(Main.java:125)
	at org.netbeans.core.startup.Main.start(Main.java:282)
	at org.netbeans.core.startup.TopThreadGroup.run(TopThreadGroup.java:98)
	at java.base/java.lang.Thread.run(Thread.java:831)
SEVERE [org.openide.util.Exceptions]
java.lang.IllegalAccessException: class org.netbeans.Module cannot access a member of class java.lang.ClassLoader (in module java.base) with modifiers &quot;protected&quot;
	at java.base/jdk.internal.reflect.Reflection.newIllegalAccessException(Reflection.java:385)
	at java.base/java.lang.reflect.AccessibleObject.checkAccess(AccessibleObject.java:687)
	at java.base/java.lang.reflect.Method.invoke(Method.java:559)
[catch] at org.netbeans.Module.findResources(Module.java:570)
	at org.netbeans.core.startup.NbInstaller.loadLayers(NbInstaller.java:587)
	at org.netbeans.core.startup.NbInstaller.loadImpl(NbInstaller.java:332)
	at org.netbeans.core.startup.NbInstaller.access$000(NbInstaller.java:77)
	at org.netbeans.core.startup.NbInstaller$1.run(NbInstaller.java:322)
	at org.openide.filesystems.FileUtil$2.run(FileUtil.java:413)
	at org.openide.filesystems.EventControl.runAtomicAction(EventControl.java:102)
	at org.openide.filesystems.FileSystem.runAtomicAction(FileSystem.java:494)
	at org.openide.filesystems.FileUtil.runAtomicAction(FileUtil.java:397)
	at org.openide.filesystems.FileUtil.runAtomicAction(FileUtil.java:417)
	at org.netbeans.core.startup.NbInstaller.load(NbInstaller.java:319)
	at org.netbeans.ModuleManager.enable(ModuleManager.java:1449)
	at org.netbeans.ModuleManager.enable(ModuleManager.java:1254)
	at org.netbeans.core.startup.ModuleList.installNew(ModuleList.java:315)
	at org.netbeans.core.startup.ModuleList.trigger(ModuleList.java:251)
	at org.netbeans.core.startup.ModuleSystem.restore(ModuleSystem.java:298)
	at org.netbeans.core.startup.Main.getModuleSystem(Main.java:156)
	at org.netbeans.core.startup.Main.getModuleSystem(Main.java:125)
	at org.netbeans.core.startup.Main.start(Main.java:282)
	at org.netbeans.core.startup.TopThreadGroup.run(TopThreadGroup.java:98)
	at java.base/java.lang.Thread.run(Thread.java:831)
SEVERE [org.openide.util.Exceptions]
java.lang.IllegalAccessException: class org.netbeans.Module cannot access a member of class java.lang.ClassLoader (in module java.base) with modifiers &quot;protected&quot;
	at java.base/jdk.internal.reflect.Reflection.newIllegalAccessException(Reflection.java:385)
	at java.base/java.lang.reflect.AccessibleObject.checkAccess(AccessibleObject.java:687)
	at java.base/java.lang.reflect.Method.invoke(Method.java:559)
[catch] at org.netbeans.Module.findResources(Module.java:570)
	at org.netbeans.core.startup.NbInstaller.loadLayers(NbInstaller.java:587)
	at org.netbeans.core.startup.NbInstaller.loadImpl(NbInstaller.java:332)
	at org.netbeans.core.startup.NbInstaller.access$000(NbInstaller.java:77)
	at org.netbeans.core.startup.NbInstaller$1.run(NbInstaller.java:322)
	at org.openide.filesystems.FileUtil$2.run(FileUtil.java:413)
	at org.openide.filesystems.EventControl.runAtomicAction(EventControl.java:102)
	at org.openide.filesystems.FileSystem.runAtomicAction(FileSystem.java:494)
	at org.openide.filesystems.FileUtil.runAtomicAction(FileUtil.java:397)
	at org.openide.filesystems.FileUtil.runAtomicAction(FileUtil.java:417)
	at org.netbeans.core.startup.NbInstaller.load(NbInstaller.java:319)
	at org.netbeans.ModuleManager.enable(ModuleManager.java:1449)
	at org.netbeans.ModuleManager.enable(ModuleManager.java:1254)
	at org.netbeans.core.startup.ModuleList.installNew(ModuleList.java:315)
	at org.netbeans.core.startup.ModuleList.trigger(ModuleList.java:251)
	at org.netbeans.core.startup.ModuleSystem.restore(ModuleSystem.java:298)
	at org.netbeans.core.startup.Main.getModuleSystem(Main.java:156)
	at org.netbeans.core.startup.Main.getModuleSystem(Main.java:125)
	at org.netbeans.core.startup.Main.start(Main.java:282)
	at org.netbeans.core.startup.TopThreadGroup.run(TopThreadGroup.java:98)
	at java.base/java.lang.Thread.run(Thread.java:831)
SEVERE [org.openide.util.Exceptions]
java.lang.IllegalAccessException: class org.netbeans.Module cannot access a member of class java.lang.ClassLoader (in module java.base) with modifiers &quot;protected&quot;
	at java.base/jdk.internal.reflect.Reflection.newIllegalAccessException(Reflection.java:385)
	at java.base/java.lang.reflect.AccessibleObject.checkAccess(AccessibleObject.java:687)
	at java.base/java.lang.reflect.Method.invoke(Method.java:559)
[catch] at org.netbeans.Module.findResources(Module.java:570)
	at org.netbeans.core.startup.NbInstaller.loadLayers(NbInstaller.java:587)
	at org.netbeans.core.startup.NbInstaller.loadImpl(NbInstaller.java:332)
	at org.netbeans.core.startup.NbInstaller.access$000(NbInstaller.java:77)
	at org.netbeans.core.startup.NbInstaller$1.run(NbInstaller.java:322)
	at org.openide.filesystems.FileUtil$2.run(FileUtil.java:413)
	at org.openide.filesystems.EventControl.runAtomicAction(EventControl.java:102)
	at org.openide.filesystems.FileSystem.runAtomicAction(FileSystem.java:494)
	at org.openide.filesystems.FileUtil.runAtomicAction(FileUtil.java:397)
	at org.openide.filesystems.FileUtil.runAtomicAction(FileUtil.java:417)
	at org.netbeans.core.startup.NbInstaller.load(NbInstaller.java:319)
	at org.netbeans.ModuleManager.enable(ModuleManager.java:1449)
	at org.netbeans.ModuleManager.enable(ModuleManager.java:1254)
	at org.netbeans.core.startup.ModuleList.installNew(ModuleList.java:315)
	at org.netbeans.core.startup.ModuleList.trigger(ModuleList.java:251)
	at org.netbeans.core.startup.ModuleSystem.restore(ModuleSystem.java:298)
	at org.netbeans.core.startup.Main.getModuleSystem(Main.java:156)
	at org.netbeans.core.startup.Main.getModuleSystem(Main.java:125)
	at org.netbeans.core.startup.Main.start(Main.java:282)
	at org.netbeans.core.startup.TopThreadGroup.run(TopThreadGroup.java:98)
	at java.base/java.lang.Thread.run(Thread.java:831)
SEVERE [org.openide.util.Exceptions]
java.lang.IllegalAccessException: class org.netbeans.Module cannot access a member of class java.lang.ClassLoader (in module java.base) with modifiers &quot;protected&quot;
	at java.base/jdk.internal.reflect.Reflection.newIllegalAccessException(Reflection.java:385)
	at java.base/java.lang.reflect.AccessibleObject.checkAccess(AccessibleObject.java:687)
	at java.base/java.lang.reflect.Method.invoke(Method.java:559)
[catch] at org.netbeans.Module.findResources(Module.java:570)
	at org.netbeans.core.startup.NbInstaller.loadLayers(NbInstaller.java:587)
	at org.netbeans.core.startup.NbInstaller.loadImpl(NbInstaller.java:332)
	at org.netbeans.core.startup.NbInstaller.access$000(NbInstaller.java:77)
	at org.netbeans.core.startup.NbInstaller$1.run(NbInstaller.java:322)
	at org.openide.filesystems.FileUtil$2.run(FileUtil.java:413)
	at org.openide.filesystems.EventControl.runAtomicAction(EventControl.java:102)
	at org.openide.filesystems.FileSystem.runAtomicAction(FileSystem.java:494)
	at org.openide.filesystems.FileUtil.runAtomicAction(FileUtil.java:397)
	at org.openide.filesystems.FileUtil.runAtomicAction(FileUtil.java:417)
	at org.netbeans.core.startup.NbInstaller.load(NbInstaller.java:319)
	at org.netbeans.ModuleManager.enable(ModuleManager.java:1449)
	at org.netbeans.ModuleManager.enable(ModuleManager.java:1254)
	at org.netbeans.core.startup.ModuleList.installNew(ModuleList.java:315)
	at org.netbeans.core.startup.ModuleList.trigger(ModuleList.java:251)
	at org.netbeans.core.startup.ModuleSystem.restore(ModuleSystem.java:298)
	at org.netbeans.core.startup.Main.getModuleSystem(Main.java:156)
	at org.netbeans.core.startup.Main.getModuleSystem(Main.java:125)
	at org.netbeans.core.startup.Main.start(Main.java:282)
	at org.netbeans.core.startup.TopThreadGroup.run(TopThreadGroup.java:98)
	at java.base/java.lang.Thread.run(Thread.java:831)
SEVERE [org.openide.util.Exceptions]
java.lang.IllegalAccessException: class org.netbeans.Module cannot access a member of class java.lang.ClassLoader (in module java.base) with modifiers &quot;protected&quot;
	at java.base/jdk.internal.reflect.Reflection.newIllegalAccessException(Reflection.java:385)
	at java.base/java.lang.reflect.AccessibleObject.checkAccess(AccessibleObject.java:687)
	at java.base/java.lang.reflect.Method.invoke(Method.java:559)
[catch] at org.netbeans.Module.findResources(Module.java:570)
	at org.netbeans.core.startup.NbInstaller.loadLayers(NbInstaller.java:605)
	at org.netbeans.core.startup.NbInstaller.loadImpl(NbInstaller.java:332)
	at org.netbeans.core.startup.NbInstaller.access$000(NbInstaller.java:77)
	at org.netbeans.core.startup.NbInstaller$1.run(NbInstaller.java:322)
	at org.openide.filesystems.FileUtil$2.run(FileUtil.java:413)
	at org.openide.filesystems.EventControl.runAtomicAction(EventControl.java:102)
	at org.openide.filesystems.FileSystem.runAtomicAction(FileSystem.java:494)
	at org.openide.filesystems.FileUtil.runAtomicAction(FileUtil.java:397)
	at org.openide.filesystems.FileUtil.runAtomicAction(FileUtil.java:417)
	at org.netbeans.core.startup.NbInstaller.load(NbInstaller.java:319)
	at org.netbeans.ModuleManager.enable(ModuleManager.java:1449)
	at org.netbeans.ModuleManager.enable(ModuleManager.java:1254)
	at org.netbeans.core.startup.ModuleList.installNew(ModuleList.java:315)
	at org.netbeans.core.startup.ModuleList.trigger(ModuleList.java:251)
	at org.netbeans.core.startup.ModuleSystem.restore(ModuleSystem.java:298)
	at org.netbeans.core.startup.Main.getModuleSystem(Main.java:156)
	at org.netbeans.core.startup.Main.getModuleSystem(Main.java:125)
	at org.netbeans.core.startup.Main.start(Main.java:282)
	at org.netbeans.core.startup.TopThreadGroup.run(TopThreadGroup.java:98)
	at java.base/java.lang.Thread.run(Thread.java:831)
SEVERE [org.openide.util.Exceptions]
java.lang.IllegalAccessException: class org.netbeans.Module cannot access a member of class java.lang.ClassLoader (in module java.base) with modifiers &quot;protected&quot;
	at java.base/jdk.internal.reflect.Reflection.newIllegalAccessException(Reflection.java:385)
	at java.base/java.lang.reflect.AccessibleObject.checkAccess(AccessibleObject.java:687)
	at java.base/java.lang.reflect.Method.invoke(Method.java:559)
[catch] at org.netbeans.Module.findResources(Module.java:570)
	at org.netbeans.core.startup.NbInstaller.loadLayers(NbInstaller.java:605)
	at org.netbeans.core.startup.NbInstaller.loadImpl(NbInstaller.java:332)
	at org.netbeans.core.startup.NbInstaller.access$000(NbInstaller.java:77)
	at org.netbeans.core.startup.NbInstaller$1.run(NbInstaller.java:322)
	at org.openide.filesystems.FileUtil$2.run(FileUtil.java:413)
	at org.openide.filesystems.EventControl.runAtomicAction(EventControl.java:102)
	at org.openide.filesystems.FileSystem.runAtomicAction(FileSystem.java:494)
	at org.openide.filesystems.FileUtil.runAtomicAction(FileUtil.java:397)
	at org.openide.filesystems.FileUtil.runAtomicAction(FileUtil.java:417)
	at org.netbeans.core.startup.NbInstaller.load(NbInstaller.java:319)
	at org.netbeans.ModuleManager.enable(ModuleManager.java:1449)
	at org.netbeans.ModuleManager.enable(ModuleManager.java:1254)
	at org.netbeans.core.startup.ModuleList.installNew(ModuleList.java:315)
	at org.netbeans.core.startup.ModuleList.trigger(ModuleList.java:251)
	at org.netbeans.core.startup.ModuleSystem.restore(ModuleSystem.java:298)
	at org.netbeans.core.startup.Main.getModuleSystem(Main.java:156)
	at org.netbeans.core.startup.Main.getModuleSystem(Main.java:125)
	at org.netbeans.core.startup.Main.start(Main.java:282)
	at org.netbeans.core.startup.TopThreadGroup.run(TopThreadGroup.java:98)
	at java.base/java.lang.Thread.run(Thread.java:831)
SEVERE [org.openide.util.Exceptions]
java.lang.IllegalAccessException: class org.netbeans.Module cannot access a member of class java.lang.ClassLoader (in module java.base) with modifiers &quot;protected&quot;
	at java.base/jdk.internal.reflect.Reflection.newIllegalAccessException(Reflection.java:385)
	at java.base/java.lang.reflect.AccessibleObject.checkAccess(AccessibleObject.java:687)
	at java.base/java.lang.reflect.Method.invoke(Method.java:559)
[catch] at org.netbeans.Module.findResources(Module.java:570)
	at org.netbeans.core.startup.NbInstaller.loadLayers(NbInstaller.java:605)
	at org.netbeans.core.startup.NbInstaller.loadImpl(NbInstaller.java:332)
	at org.netbeans.core.startup.NbInstaller.access$000(NbInstaller.java:77)
	at org.netbeans.core.startup.NbInstaller$1.run(NbInstaller.java:322)
	at org.openide.filesystems.FileUtil$2.run(FileUtil.java:413)
	at org.openide.filesystems.EventControl.runAtomicAction(EventControl.java:102)
	at org.openide.filesystems.FileSystem.runAtomicAction(FileSystem.java:494)
	at org.openide.filesystems.FileUtil.runAtomicAction(FileUtil.java:397)
	at org.openide.filesystems.FileUtil.runAtomicAction(FileUtil.java:417)
	at org.netbeans.core.startup.NbInstaller.load(NbInstaller.java:319)
	at org.netbeans.ModuleManager.enable(ModuleManager.java:1449)
	at org.netbeans.ModuleManager.enable(ModuleManager.java:1254)
	at org.netbeans.core.startup.ModuleList.installNew(ModuleList.java:315)
	at org.netbeans.core.startup.ModuleList.trigger(ModuleList.java:251)
	at org.netbeans.core.startup.ModuleSystem.restore(ModuleSystem.java:298)
	at org.netbeans.core.startup.Main.getModuleSystem(Main.java:156)
	at org.netbeans.core.startup.Main.getModuleSystem(Main.java:125)
	at org.netbeans.core.startup.Main.start(Main.java:282)
	at org.netbeans.core.startup.TopThreadGroup.run(TopThreadGroup.java:98)
	at java.base/java.lang.Thread.run(Thread.java:831)
SEVERE [org.openide.util.Exceptions]
java.lang.IllegalAccessException: class org.netbeans.Module cannot access a member of class java.lang.ClassLoader (in module java.base) with modifiers &quot;protected&quot;
	at java.base/jdk.internal.reflect.Reflection.newIllegalAccessException(Reflection.java:385)
	at java.base/java.lang.reflect.AccessibleObject.checkAccess(AccessibleObject.java:687)
	at java.base/java.lang.reflect.Method.invoke(Method.java:559)
[catch] at org.netbeans.Module.findResources(Module.java:570)
	at org.netbeans.core.startup.NbInstaller.loadLayers(NbInstaller.java:605)
	at org.netbeans.core.startup.NbInstaller.loadImpl(NbInstaller.java:332)
	at org.netbeans.core.startup.NbInstaller.access$000(NbInstaller.java:77)
	at org.netbeans.core.startup.NbInstaller$1.run(NbInstaller.java:322)
	at org.openide.filesystems.FileUtil$2.run(FileUtil.java:413)
	at org.openide.filesystems.EventControl.runAtomicAction(EventControl.java:102)
	at org.openide.filesystems.FileSystem.runAtomicAction(FileSystem.java:494)
	at org.openide.filesystems.FileUtil.runAtomicAction(FileUtil.java:397)
	at org.openide.filesystems.FileUtil.runAtomicAction(FileUtil.java:417)
	at org.netbeans.core.startup.NbInstaller.load(NbInstaller.java:319)
	at org.netbeans.ModuleManager.enable(ModuleManager.java:1449)
	at org.netbeans.ModuleManager.enable(ModuleManager.java:1254)
	at org.netbeans.core.startup.ModuleList.installNew(ModuleList.java:315)
	at org.netbeans.core.startup.ModuleList.trigger(ModuleList.java:251)
	at org.netbeans.core.startup.ModuleSystem.restore(ModuleSystem.java:298)
	at org.netbeans.core.startup.Main.getModuleSystem(Main.java:156)
	at org.netbeans.core.startup.Main.getModuleSystem(Main.java:125)
	at org.netbeans.core.startup.Main.start(Main.java:282)
	at org.netbeans.core.startup.TopThreadGroup.run(TopThreadGroup.java:98)
	at java.base/java.lang.Thread.run(Thread.java:831)
SEVERE [org.openide.util.Exceptions]
java.lang.IllegalAccessException: class org.netbeans.Module cannot access a member of class java.lang.ClassLoader (in module java.base) with modifiers &quot;protected&quot;
	at java.base/jdk.internal.reflect.Reflection.newIllegalAccessException(Reflection.java:385)
	at java.base/java.lang.reflect.AccessibleObject.checkAccess(AccessibleObject.java:687)
	at java.base/java.lang.reflect.Method.invoke(Method.java:559)
[catch] at org.netbeans.Module.findResources(Module.java:570)
	at org.netbeans.core.startup.NbInstaller.loadLayers(NbInstaller.java:605)
	at org.netbeans.core.startup.NbInstaller.loadImpl(NbInstaller.java:332)
	at org.netbeans.core.startup.NbInstaller.access$000(NbInstaller.java:77)
	at org.netbeans.core.startup.NbInstaller$1.run(NbInstaller.java:322)
	at org.openide.filesystems.FileUtil$2.run(FileUtil.java:413)
	at org.openide.filesystems.EventControl.runAtomicAction(EventControl.java:102)
	at org.openide.filesystems.FileSystem.runAtomicAction(FileSystem.java:494)
	at org.openide.filesystems.FileUtil.runAtomicAction(FileUtil.java:397)
	at org.openide.filesystems.FileUtil.runAtomicAction(FileUtil.java:417)
	at org.netbeans.core.startup.NbInstaller.load(NbInstaller.java:319)
	at org.netbeans.ModuleManager.enable(ModuleManager.java:1449)
	at org.netbeans.ModuleManager.enable(ModuleManager.java:1254)
	at org.netbeans.core.startup.ModuleList.installNew(ModuleList.java:315)
	at org.netbeans.core.startup.ModuleList.trigger(ModuleList.java:251)
	at org.netbeans.core.startup.ModuleSystem.restore(ModuleSystem.java:298)
	at org.netbeans.core.startup.Main.getModuleSystem(Main.java:156)
	at org.netbeans.core.startup.Main.getModuleSystem(Main.java:125)
	at org.netbeans.core.startup.Main.start(Main.java:282)
	at org.netbeans.core.startup.TopThreadGroup.run(TopThreadGroup.java:98)
	at java.base/java.lang.Thread.run(Thread.java:831)
SEVERE [org.openide.util.Exceptions]
java.lang.IllegalAccessException: class org.netbeans.Module cannot access a member of class java.lang.ClassLoader (in module java.base) with modifiers &quot;protected&quot;
	at java.base/jdk.internal.reflect.Reflection.newIllegalAccessException(Reflection.java:385)
	at java.base/java.lang.reflect.AccessibleObject.checkAccess(AccessibleObject.java:687)
	at java.base/java.lang.reflect.Method.invoke(Method.java:559)
[catch] at org.netbeans.Module.findResources(Module.java:570)
	at org.netbeans.core.startup.NbInstaller.loadLayers(NbInstaller.java:605)
	at org.netbeans.core.startup.NbInstaller.loadImpl(NbInstaller.java:332)
	at org.netbeans.core.startup.NbInstaller.access$000(NbInstaller.java:77)
	at org.netbeans.core.startup.NbInstaller$1.run(NbInstaller.java:322)
	at org.openide.filesystems.FileUtil$2.run(FileUtil.java:413)
	at org.openide.filesystems.EventControl.runAtomicAction(EventControl.java:102)
	at org.openide.filesystems.FileSystem.runAtomicAction(FileSystem.java:494)
	at org.openide.filesystems.FileUtil.runAtomicAction(FileUtil.java:397)
	at org.openide.filesystems.FileUtil.runAtomicAction(FileUtil.java:417)
	at org.netbeans.core.startup.NbInstaller.load(NbInstaller.java:319)
	at org.netbeans.ModuleManager.enable(ModuleManager.java:1449)
	at org.netbeans.ModuleManager.enable(ModuleManager.java:1254)
	at org.netbeans.core.startup.ModuleList.installNew(ModuleList.java:315)
	at org.netbeans.core.startup.ModuleList.trigger(ModuleList.java:251)
	at org.netbeans.core.startup.ModuleSystem.restore(ModuleSystem.java:298)
	at org.netbeans.core.startup.Main.getModuleSystem(Main.java:156)
	at org.netbeans.core.startup.Main.getModuleSystem(Main.java:125)
	at org.netbeans.core.startup.Main.start(Main.java:282)
	at org.netbeans.core.startup.TopThreadGroup.run(TopThreadGroup.java:98)
	at java.base/java.lang.Thread.run(Thread.java:831)
SEVERE [org.openide.util.Exceptions]
java.lang.IllegalAccessException: class org.netbeans.Module cannot access a member of class java.lang.ClassLoader (in module java.base) with modifiers &quot;protected&quot;
	at java.base/jdk.internal.reflect.Reflection.newIllegalAccessException(Reflection.java:385)
	at java.base/java.lang.reflect.AccessibleObject.checkAccess(AccessibleObject.java:687)
	at java.base/java.lang.reflect.Method.invoke(Method.java:559)
[catch] at org.netbeans.Module.findResources(Module.java:570)
	at org.netbeans.core.startup.NbInstaller.loadLayers(NbInstaller.java:605)
	at org.netbeans.core.startup.NbInstaller.loadImpl(NbInstaller.java:332)
	at org.netbeans.core.startup.NbInstaller.access$000(NbInstaller.java:77)
	at org.netbeans.core.startup.NbInstaller$1.run(NbInstaller.java:322)
	at org.openide.filesystems.FileUtil$2.run(FileUtil.java:413)
	at org.openide.filesystems.EventControl.runAtomicAction(EventControl.java:102)
	at org.openide.filesystems.FileSystem.runAtomicAction(FileSystem.java:494)
	at org.openide.filesystems.FileUtil.runAtomicAction(FileUtil.java:397)
	at org.openide.filesystems.FileUtil.runAtomicAction(FileUtil.java:417)
	at org.netbeans.core.startup.NbInstaller.load(NbInstaller.java:319)
	at org.netbeans.ModuleManager.enable(ModuleManager.java:1449)
	at org.netbeans.ModuleManager.enable(ModuleManager.java:1254)
	at org.netbeans.core.startup.ModuleList.installNew(ModuleList.java:315)
	at org.netbeans.core.startup.ModuleList.trigger(ModuleList.java:251)
	at org.netbeans.core.startup.ModuleSystem.restore(ModuleSystem.java:298)
	at org.netbeans.core.startup.Main.getModuleSystem(Main.java:156)
	at org.netbeans.core.startup.Main.getModuleSystem(Main.java:125)
	at org.netbeans.core.startup.Main.start(Main.java:282)
	at org.netbeans.core.startup.TopThreadGroup.run(TopThreadGroup.java:98)
	at java.base/java.lang.Thread.run(Thread.java:831)
SEVERE [org.openide.util.Exceptions]
java.lang.IllegalAccessException: class org.netbeans.Module cannot access a member of class java.lang.ClassLoader (in module java.base) with modifiers &quot;protected&quot;
	at java.base/jdk.internal.reflect.Reflection.newIllegalAccessException(Reflection.java:385)
	at java.base/java.lang.reflect.AccessibleObject.checkAccess(AccessibleObject.java:687)
	at java.base/java.lang.reflect.Method.invoke(Method.java:559)
[catch] at org.netbeans.Module.findResources(Module.java:570)
	at org.netbeans.core.startup.NbInstaller.loadLayers(NbInstaller.java:587)
	at org.netbeans.core.startup.NbInstaller.loadImpl(NbInstaller.java:332)
	at org.netbeans.core.startup.NbInstaller.access$000(NbInstaller.java:77)
	at org.netbeans.core.startup.NbInstaller$1.run(NbInstaller.java:322)
	at org.openide.filesystems.FileUtil$2.run(FileUtil.java:413)
	at org.openide.filesystems.EventControl.runAtomicAction(EventControl.java:102)
	at org.openide.filesystems.FileSystem.runAtomicAction(FileSystem.java:494)
	at org.openide.filesystems.FileUtil.runAtomicAction(FileUtil.java:397)
	at org.openide.filesystems.FileUtil.runAtomicAction(FileUtil.java:417)
	at org.netbeans.core.startup.NbInstaller.load(NbInstaller.java:319)
	at org.netbeans.ModuleManager.enable(ModuleManager.java:1449)
	at org.netbeans.ModuleManager.enable(ModuleManager.java:1254)
	at org.netbeans.core.startup.ModuleList.installNew(ModuleList.java:315)
	at org.netbeans.core.startup.ModuleList.trigger(ModuleList.java:251)
	at org.netbeans.core.startup.ModuleSystem.restore(ModuleSystem.java:298)
	at org.netbeans.core.startup.Main.getModuleSystem(Main.java:156)
	at org.netbeans.core.startup.Main.getModuleSystem(Main.java:125)
	at org.netbeans.core.startup.Main.start(Main.java:282)
	at org.netbeans.core.startup.TopThreadGroup.run(TopThreadGroup.java:98)
	at java.base/java.lang.Thread.run(Thread.java:831)
SEVERE [org.openide.util.Exceptions]
java.lang.IllegalAccessException: class org.netbeans.Module cannot access a member of class java.lang.ClassLoader (in module java.base) with modifiers &quot;protected&quot;
	at java.base/jdk.internal.reflect.Reflection.newIllegalAccessException(Reflection.java:385)
	at java.base/java.lang.reflect.AccessibleObject.checkAccess(AccessibleObject.java:687)
	at java.base/java.lang.reflect.Method.invoke(Method.java:559)
[catch] at org.netbeans.Module.findResources(Module.java:570)
	at org.netbeans.core.startup.NbInstaller.loadLayers(NbInstaller.java:587)
	at org.netbeans.core.startup.NbInstaller.loadImpl(NbInstaller.java:332)
	at org.netbeans.core.startup.NbInstaller.access$000(NbInstaller.java:77)
	at org.netbeans.core.startup.NbInstaller$1.run(NbInstaller.java:322)
	at org.openide.filesystems.FileUtil$2.run(FileUtil.java:413)
	at org.openide.filesystems.EventControl.runAtomicAction(EventControl.java:102)
	at org.openide.filesystems.FileSystem.runAtomicAction(FileSystem.java:494)
	at org.openide.filesystems.FileUtil.runAtomicAction(FileUtil.java:397)
	at org.openide.filesystems.FileUtil.runAtomicAction(FileUtil.java:417)
	at org.netbeans.core.startup.NbInstaller.load(NbInstaller.java:319)
	at org.netbeans.ModuleManager.enable(ModuleManager.java:1449)
	at org.netbeans.ModuleManager.enable(ModuleManager.java:1254)
	at org.netbeans.core.startup.ModuleList.installNew(ModuleList.java:315)
	at org.netbeans.core.startup.ModuleList.trigger(ModuleList.java:251)
	at org.netbeans.core.startup.ModuleSystem.restore(ModuleSystem.java:298)
	at org.netbeans.core.startup.Main.getModuleSystem(Main.java:156)
	at org.netbeans.core.startup.Main.getModuleSystem(Main.java:125)
	at org.netbeans.core.startup.Main.start(Main.java:282)
	at org.netbeans.core.startup.TopThreadGroup.run(TopThreadGroup.java:98)
	at java.base/java.lang.Thread.run(Thread.java:831)
SEVERE [org.openide.util.Exceptions]
java.lang.IllegalAccessException: class org.netbeans.Module cannot access a member of class java.lang.ClassLoader (in module java.base) with modifiers &quot;protected&quot;
	at java.base/jdk.internal.reflect.Reflection.newIllegalAccessException(Reflection.java:385)
	at java.base/java.lang.reflect.AccessibleObject.checkAccess(AccessibleObject.java:687)
	at java.base/java.lang.reflect.Method.invoke(Method.java:559)
[catch] at org.netbeans.Module.findResources(Module.java:570)
	at org.netbeans.core.startup.NbInstaller.loadLayers(NbInstaller.java:587)
	at org.netbeans.core.startup.NbInstaller.loadImpl(NbInstaller.java:332)
	at org.netbeans.core.startup.NbInstaller.access$000(NbInstaller.java:77)
	at org.netbeans.core.startup.NbInstaller$1.run(NbInstaller.java:322)
	at org.openide.filesystems.FileUtil$2.run(FileUtil.java:413)
	at org.openide.filesystems.EventControl.runAtomicAction(EventControl.java:102)
	at org.openide.filesystems.FileSystem.runAtomicAction(FileSystem.java:494)
	at org.openide.filesystems.FileUtil.runAtomicAction(FileUtil.java:397)
	at org.openide.filesystems.FileUtil.runAtomicAction(FileUtil.java:417)
	at org.netbeans.core.startup.NbInstaller.load(NbInstaller.java:319)
	at org.netbeans.ModuleManager.enable(ModuleManager.java:1449)
	at org.netbeans.ModuleManager.enable(ModuleManager.java:1254)
	at org.netbeans.core.startup.ModuleList.installNew(ModuleList.java:315)
	at org.netbeans.core.startup.ModuleList.trigger(ModuleList.java:251)
	at org.netbeans.core.startup.ModuleSystem.restore(ModuleSystem.java:298)
	at org.netbeans.core.startup.Main.getModuleSystem(Main.java:156)
	at org.netbeans.core.startup.Main.getModuleSystem(Main.java:125)
	at org.netbeans.core.startup.Main.start(Main.java:282)
	at org.netbeans.core.startup.TopThreadGroup.run(TopThreadGroup.java:98)
	at java.base/java.lang.Thread.run(Thread.java:831)
SEVERE [org.openide.util.Exceptions]
java.lang.IllegalAccessException: class org.netbeans.Module cannot access a member of class java.lang.ClassLoader (in module java.base) with modifiers &quot;protected&quot;
	at java.base/jdk.internal.reflect.Reflection.newIllegalAccessException(Reflection.java:385)
	at java.base/java.lang.reflect.AccessibleObject.checkAccess(AccessibleObject.java:687)
	at java.base/java.lang.reflect.Method.invoke(Method.java:559)
[catch] at org.netbeans.Module.findResources(Module.java:570)
	at org.netbeans.core.startup.NbInstaller.loadLayers(NbInstaller.java:587)
	at org.netbeans.core.startup.NbInstaller.loadImpl(NbInstaller.java:332)
	at org.netbeans.core.startup.NbInstaller.access$000(NbInstaller.java:77)
	at org.netbeans.core.startup.NbInstaller$1.run(NbInstaller.java:322)
	at org.openide.filesystems.FileUtil$2.run(FileUtil.java:413)
	at org.openide.filesystems.EventControl.runAtomicAction(EventControl.java:102)
	at org.openide.filesystems.FileSystem.runAtomicAction(FileSystem.java:494)
	at org.openide.filesystems.FileUtil.runAtomicAction(FileUtil.java:397)
	at org.openide.filesystems.FileUtil.runAtomicAction(FileUtil.java:417)
	at org.netbeans.core.startup.NbInstaller.load(NbInstaller.java:319)
	at org.netbeans.ModuleManager.enable(ModuleManager.java:1449)
	at org.netbeans.ModuleManager.enable(ModuleManager.java:1254)
	at org.netbeans.core.startup.ModuleList.installNew(ModuleList.java:315)
	at org.netbeans.core.startup.ModuleList.trigger(ModuleList.java:251)
	at org.netbeans.core.startup.ModuleSystem.restore(ModuleSystem.java:298)
	at org.netbeans.core.startup.Main.getModuleSystem(Main.java:156)
	at org.netbeans.core.startup.Main.getModuleSystem(Main.java:125)
	at org.netbeans.core.startup.Main.start(Main.java:282)
	at org.netbeans.core.startup.TopThreadGroup.run(TopThreadGroup.java:98)
	at java.base/java.lang.Thread.run(Thread.java:831)
SEVERE [org.openide.util.Exceptions]
java.lang.IllegalAccessException: class org.netbeans.Module cannot access a member of class java.lang.ClassLoader (in module java.base) with modifiers &quot;protected&quot;
	at java.base/jdk.internal.reflect.Reflection.newIllegalAccessException(Reflection.java:385)
	at java.base/java.lang.reflect.AccessibleObject.checkAccess(AccessibleObject.java:687)
	at java.base/java.lang.reflect.Method.invoke(Method.java:559)
[catch] at org.netbeans.Module.findResources(Module.java:570)
	at org.netbeans.core.startup.NbInstaller.loadLayers(NbInstaller.java:587)
	at org.netbeans.core.startup.NbInstaller.loadImpl(NbInstaller.java:332)
	at org.netbeans.core.startup.NbInstaller.access$000(NbInstaller.java:77)
	at org.netbeans.core.startup.NbInstaller$1.run(NbInstaller.java:322)
	at org.openide.filesystems.FileUtil$2.run(FileUtil.java:413)
	at org.openide.filesystems.EventControl.runAtomicAction(EventControl.java:102)
	at org.openide.filesystems.FileSystem.runAtomicAction(FileSystem.java:494)
	at org.openide.filesystems.FileUtil.runAtomicAction(FileUtil.java:397)
	at org.openide.filesystems.FileUtil.runAtomicAction(FileUtil.java:417)
	at org.netbeans.core.startup.NbInstaller.load(NbInstaller.java:319)
	at org.netbeans.ModuleManager.enable(ModuleManager.java:1449)
	at org.netbeans.ModuleManager.enable(ModuleManager.java:1254)
	at org.netbeans.core.startup.ModuleList.installNew(ModuleList.java:315)
	at org.netbeans.core.startup.ModuleList.trigger(ModuleList.java:251)
	at org.netbeans.core.startup.ModuleSystem.restore(ModuleSystem.java:298)
	at org.netbeans.core.startup.Main.getModuleSystem(Main.java:156)
	at org.netbeans.core.startup.Main.getModuleSystem(Main.java:125)
	at org.netbeans.core.startup.Main.start(Main.java:282)
	at org.netbeans.core.startup.TopThreadGroup.run(TopThreadGroup.java:98)
	at java.base/java.lang.Thread.run(Thread.java:831)
SEVERE [org.openide.util.Exceptions]
java.lang.IllegalAccessException: class org.netbeans.Module cannot access a member of class java.lang.ClassLoader (in module java.base) with modifiers &quot;protected&quot;
[...]
  org.netbeans.Module.findResources(Module.java:570)
  org.netbeans.core.startup.NbInstaller.loadLayers(NbInstaller.java:587)
  org.netbeans.core.startup.NbInstaller.loadImpl(NbInstaller.java:332)
  org.netbeans.core.startup.NbInstaller.access$000(NbInstaller.java:77)
  org.netbeans.core.startup.NbInstaller$1.run(NbInstaller.java:322)
  org.openide.filesystems.FileUtil$2.run(FileUtil.java:413)
  org.openide.filesystems.EventControl.runAtomicAction(EventControl.java:102)
  org.openide.filesystems.FileSystem.runAtomicAction(FileSystem.java:494)
  org.openide.filesystems.FileUtil.runAtomicAction(FileUtil.java:397)
  org.openide.filesystems.FileUtil.runAtomicAction(FileUtil.java:417)
  org.netbeans.core.startup.NbInstaller.load(NbInstaller.java:319)
  org.netbeans.ModuleManager.enable(ModuleManager.java:1449)
  org.netbeans.ModuleManager.enable(ModuleManager.java:1254)
  org.netbeans.core.startup.ModuleList.installNew(ModuleList.java:315)
  org.netbeans.core.startup.ModuleList.trigger(ModuleList.java:251)
  org.netbeans.core.startup.ModuleSystem.restore(ModuleSystem.java:298)
  org.netbeans.core.startup.Main.getModuleSystem(Main.java:156)
  org.netbeans.core.startup.Main.getModuleSystem(Main.java:125)
  org.netbeans.core.startup.Main.start(Main.java:282)
  org.netbeans.core.startup.TopThreadGroup.run(TopThreadGroup.java:98)
  java.base/java.lang.Thread.run(Thread.java:831)

[org.openide.util.Exceptions] THREAD: main MSG: null
java.lang.IllegalAccessException: class org.netbeans.Module cannot access a member of class java.lang.ClassLoader (in module java.base) with modifiers &quot;protected&quot;
  java.base/jdk.internal.reflect.Reflection.newIllegalAccessException(Reflection.java:385)
  java.base/java.lang.reflect.AccessibleObject.checkAccess(AccessibleObject.java:687)
  java.base/java.lang.reflect.Method.invoke(Method.java:559)
  org.netbeans.Module.findResources(Module.java:570)
  org.netbeans.core.startup.NbInstaller.loadLayers(NbInstaller.java:587)
  org.netbeans.core.startup.NbInstaller.loadImpl(NbInstaller.java:332)
  org.netbeans.core.startup.NbInstaller.access$000(NbInstaller.java:77)
  org.netbeans.core.startup.NbInstaller$1.run(NbInstaller.java:322)
  org.openide.filesystems.FileUtil$2.run(FileUtil.java:413)
  org.openide.filesystems.EventControl.runAtomicAction(EventControl.java:102)
  org.openide.filesystems.FileSystem.runAtomicAction(FileSystem.java:494)
  org.openide.filesystems.FileUtil.runAtomicAction(FileUtil.java:397)
  org.openide.filesystems.FileUtil.runAtomicAction(FileUtil.java:417)
  org.netbeans.core.startup.NbInstaller.load(NbInstaller.java:319)
  org.netbeans.ModuleManager.enable(ModuleManager.java:1449)
  org.netbeans.ModuleManager.enable(ModuleManager.java:1254)
  org.netbeans.core.startup.ModuleList.installNew(ModuleList.java:315)
  org.netbeans.core.startup.ModuleList.trigger(ModuleList.java:251)
  org.netbeans.core.startup.ModuleSystem.restore(ModuleSystem.java:298)
  org.netbeans.core.startup.Main.getModuleSystem(Main.java:156)
  org.netbeans.core.startup.Main.getModuleSystem(Main.java:125)
  org.netbeans.core.startup.Main.start(Main.java:282)
  org.netbeans.core.startup.TopThreadGroup.run(TopThreadGroup.java:98)
  java.base/java.lang.Thread.run(Thread.java:831)

[org.openide.util.Exceptions] THREAD: main MSG: null
java.lang.IllegalAccessException: class org.netbeans.Module cannot access a member of class java.lang.ClassLoader (in module java.base) with modifiers &quot;protected&quot;
  java.base/jdk.internal.reflect.Reflection.newIllegalAccessException(Reflection.java:385)
  java.base/java.lang.reflect.AccessibleObject.checkAccess(AccessibleObject.java:687)
  java.base/java.lang.reflect.Method.invoke(Method.java:559)
  org.netbeans.Module.findResources(Module.java:570)
  org.netbeans.core.startup.NbInstaller.loadLayers(NbInstaller.java:587)
  org.netbeans.core.startup.NbInstaller.loadImpl(NbInstaller.java:332)
  org.netbeans.core.startup.NbInstaller.access$000(NbInstaller.java:77)
  org.netbeans.core.startup.NbInstaller$1.run(NbInstaller.java:322)
  org.openide.filesystems.FileUtil$2.run(FileUtil.java:413)
  org.openide.filesystems.EventControl.runAtomicAction(EventControl.java:102)
  org.openide.filesystems.FileSystem.runAtomicAction(FileSystem.java:494)
  org.openide.filesystems.FileUtil.runAtomicAction(FileUtil.java:397)
  org.openide.filesystems.FileUtil.runAtomicAction(FileUtil.java:417)
  org.netbeans.core.startup.NbInstaller.load(NbInstaller.java:319)
  org.netbeans.ModuleManager.enable(ModuleManager.java:1449)
  org.netbeans.ModuleManager.enable(ModuleManager.java:1254)
  org.netbeans.core.startup.ModuleList.installNew(ModuleList.java:315)
  org.netbeans.core.startup.ModuleList.trigger(ModuleList.java:251)
  org.netbeans.core.startup.ModuleSystem.restore(ModuleSystem.java:298)
  org.netbeans.core.startup.Main.getModuleSystem(Main.java:156)
  org.netbeans.core.startup.Main.getModuleSystem(Main.java:125)
  org.netbeans.core.startup.Main.start(Main.java:282)
  org.netbeans.core.startup.TopThreadGroup.run(TopThreadGroup.java:98)
  java.base/java.lang.Thread.run(Thread.java:831)

[org.openide.util.Exceptions] THREAD: main MSG: null
java.lang.IllegalAccessException: class org.netbeans.Module cannot access a member of class java.lang.ClassLoader (in module java.base) with modifiers &quot;protected&quot;
  java.base/jdk.internal.reflect.Reflection.newIllegalAccessException(Reflection.java:385)
  java.base/java.lang.reflect.AccessibleObject.checkAccess(AccessibleObject.java:687)
  java.base/java.lang.reflect.Method.invoke(Method.java:559)
  org.netbeans.Module.findResources(Module.java:570)
  org.netbeans.core.startup.NbInstaller.loadLayers(NbInstaller.java:587)
  org.netbeans.core.startup.NbInstaller.loadImpl(NbInstaller.java:332)
  org.netbeans.core.startup.NbInstaller.access$000(NbInstaller.java:77)
  org.netbeans.core.startup.NbInstaller$1.run(NbInstaller.java:322)
  org.openide.filesystems.FileUtil$2.run(FileUtil.java:413)
  org.openide.filesystems.EventControl.runAtomicAction(EventControl.java:102)
  org.openide.filesystems.FileSystem.runAtomicAction(FileSystem.java:494)
  org.openide.filesystems.FileUtil.runAtomicAction(FileUtil.java:397)
  org.openide.filesystems.FileUtil.runAtomicAction(FileUtil.java:417)
  org.netbeans.core.startup.NbInstaller.load(NbInstaller.java:319)
  org.netbeans.ModuleManager.enable(ModuleManager.java:1449)
  org.netbeans.ModuleManager.enable(ModuleManager.java:1254)
  org.netbeans.core.startup.ModuleList.installNew(ModuleList.java:315)
  org.netbeans.core.startup.ModuleList.trigger(ModuleList.java:251)
  org.netbeans.core.startup.ModuleSystem.restore(ModuleSystem.java:298)
  org.netbeans.core.startup.Main.getModuleSystem(Main.java:156)
  org.netbeans.core.startup.Main.getModuleSystem(Main.java:125)
  org.netbeans.core.startup.Main.start(Main.java:282)
  org.netbeans.core.startup.TopThreadGroup.run(TopThreadGroup.java:98)
  java.base/java.lang.Thread.run(Thread.java:831)

[org.openide.util.Exceptions] THREAD: main MSG: null
java.lang.IllegalAccessException: class org.netbeans.Module cannot access a member of class java.lang.ClassLoader (in module java.base) with modifiers &quot;protected&quot;
  java.base/jdk.internal.reflect.Reflection.newIllegalAccessException(Reflection.java:385)
  java.base/java.lang.reflect.AccessibleObject.checkAccess(AccessibleObject.java:687)
  java.base/java.lang.reflect.Method.invoke(Method.java:559)
  org.netbeans.Module.findResources(Module.java:570)
  org.netbeans.core.startup.NbInstaller.loadLayers(NbInstaller.java:587)
  org.netbeans.core.startup.NbInstaller.loadImpl(NbInstaller.java:332)
  org.netbeans.core.startup.NbInstaller.access$000(NbInstaller.java:77)
  org.netbeans.core.startup.NbInstaller$1.run(NbInstaller.java:322)
  org.openide.filesystems.FileUtil$2.run(FileUtil.java:413)
  org.openide.filesystems.EventControl.runAtomicAction(EventControl.java:102)
  org.openide.filesystems.FileSystem.runAtomicAction(FileSystem.java:494)
  org.openide.filesystems.FileUtil.runAtomicAction(FileUtil.java:397)
  org.openide.filesystems.FileUtil.runAtomicAction(FileUtil.java:417)
  org.netbeans.core.startup.NbInstaller.load(NbInstaller.java:319)
  org.netbeans.ModuleManager.enable(ModuleManager.java:1449)
  org.netbeans.ModuleManager.enable(ModuleManager.java:1254)
  org.netbeans.core.startup.ModuleList.installNew(ModuleList.java:315)
  org.netbeans.core.startup.ModuleList.trigger(ModuleList.java:251)
  org.netbeans.core.startup.ModuleSystem.restore(ModuleSystem.java:298)
  org.netbeans.core.startup.Main.getModuleSystem(Main.java:156)
  org.netbeans.core.startup.Main.getModuleSystem(Main.java:125)
  org.netbeans.core.startup.Main.start(Main.java:282)
  org.netbeans.core.startup.TopThreadGroup.run(TopThreadGroup.java:98)
  java.base/java.lang.Thread.run(Thread.java:831)

[org.openide.util.Exceptions] THREAD: main MSG: null
java.lang.IllegalAccessException: class org.netbeans.Module cannot access a member of class java.lang.ClassLoader (in module java.base) with modifiers &quot;protected&quot;
  java.base/jdk.internal.reflect.Reflection.newIllegalAccessException(Reflection.java:385)
  java.base/java.lang.reflect.AccessibleObject.checkAccess(AccessibleObject.java:687)
  java.base/java.lang.reflect.Method.invoke(Method.java:559)
  org.netbeans.Module.findResources(Module.java:570)
  org.netbeans.core.startup.NbInstaller.loadLayers(NbInstaller.java:605)
  org.netbeans.core.startup.NbInstaller.loadImpl(NbInstaller.java:332)
  org.netbeans.core.startup.NbInstaller.access$000(NbInstaller.java:77)
  org.netbeans.core.startup.NbInstaller$1.run(NbInstaller.java:322)
  org.openide.filesystems.FileUtil$2.run(FileUtil.java:413)
  org.openide.filesystems.EventControl.runAtomicAction(EventControl.java:102)
  org.openide.filesystems.FileSystem.runAtomicAction(FileSystem.java:494)
  org.openide.filesystems.FileUtil.runAtomicAction(FileUtil.java:397)
  org.openide.filesystems.FileUtil.runAtomicAction(FileUtil.java:417)
  org.netbeans.core.startup.NbInstaller.load(NbInstaller.java:319)
  org.netbeans.ModuleManager.enable(ModuleManager.java:1449)
  org.netbeans.ModuleManager.enable(ModuleManager.java:1254)
  org.netbeans.core.startup.ModuleList.installNew(ModuleList.java:315)
  org.netbeans.core.startup.ModuleList.trigger(ModuleList.java:251)
  org.netbeans.core.startup.ModuleSystem.restore(ModuleSystem.java:298)
  org.netbeans.core.startup.Main.getModuleSystem(Main.java:156)
  org.netbeans.core.startup.Main.getModuleSystem(Main.java:125)
  org.netbeans.core.startup.Main.start(Main.java:282)
  org.netbeans.core.startup.TopThreadGroup.run(TopThreadGroup.java:98)
  java.base/java.lang.Thread.run(Thread.java:831)

[org.openide.util.Exceptions] THREAD: main MSG: null
java.lang.IllegalAccessException: class org.netbeans.Module cannot access a member of class java.lang.ClassLoader (in module java.base) with modifiers &quot;protected&quot;
  java.base/jdk.internal.reflect.Reflection.newIllegalAccessException(Reflection.java:385)
  java.base/java.lang.reflect.AccessibleObject.checkAccess(AccessibleObject.java:687)
  java.base/java.lang.reflect.Method.invoke(Method.java:559)
  org.netbeans.Module.findResources(Module.java:570)
  org.netbeans.core.startup.NbInstaller.loadLayers(NbInstaller.java:605)
  org.netbeans.core.startup.NbInstaller.loadImpl(NbInstaller.java:332)
  org.netbeans.core.startup.NbInstaller.access$000(NbInstaller.java:77)
  org.netbeans.core.startup.NbInstaller$1.run(NbInstaller.java:322)
  org.openide.filesystems.FileUtil$2.run(FileUtil.java:413)
  org.openide.filesystems.EventControl.runAtomicAction(EventControl.java:102)
  org.openide.filesystems.FileSystem.runAtomicAction(FileSystem.java:494)
  org.openide.filesystems.FileUtil.runAtomicAction(FileUtil.java:397)
  org.openide.filesystems.FileUtil.runAtomicAction(FileUtil.java:417)
  org.netbeans.core.startup.NbInstaller.load(NbInstaller.java:319)
  org.netbeans.ModuleManager.enable(ModuleManager.java:1449)
  org.netbeans.ModuleManager.enable(ModuleManager.java:1254)
  org.netbeans.core.startup.ModuleList.installNew(ModuleList.java:315)
  org.netbeans.core.startup.ModuleList.trigger(ModuleList.java:251)
  org.netbeans.core.startup.ModuleSystem.restore(ModuleSystem.java:298)
  org.netbeans.core.startup.Main.getModuleSystem(Main.java:156)
  org.netbeans.core.startup.Main.getModuleSystem(Main.java:125)
  org.netbeans.core.startup.Main.start(Main.java:282)
  org.netbeans.core.startup.TopThreadGroup.run(TopThreadGroup.java:98)
  java.base/java.lang.Thread.run(Thread.java:831)

[org.openide.util.Exceptions] THREAD: main MSG: null
java.lang.IllegalAccessException: class org.netbeans.Module cannot access a member of class java.lang.ClassLoader (in module java.base) with modifiers &quot;protected&quot;
  java.base/jdk.internal.reflect.Reflection.newIllegalAccessException(Reflection.java:385)
  java.base/java.lang.reflect.AccessibleObject.checkAccess(AccessibleObject.java:687)
  java.base/java.lang.reflect.Method.invoke(Method.java:559)
  org.netbeans.Module.findResources(Module.java:570)
  org.netbeans.core.startup.NbInstaller.loadLayers(NbInstaller.java:605)
  org.netbeans.core.startup.NbInstaller.loadImpl(NbInstaller.java:332)
  org.netbeans.core.startup.NbInstaller.access$000(NbInstaller.java:77)
  org.netbeans.core.startup.NbInstaller$1.run(NbInstaller.java:322)
  org.openide.filesystems.FileUtil$2.run(FileUtil.java:413)
  org.openide.filesystems.EventControl.runAtomicAction(EventControl.java:102)
  org.openide.filesystems.FileSystem.runAtomicAction(FileSystem.java:494)
  org.openide.filesystems.FileUtil.runAtomicAction(FileUtil.java:397)
  org.openide.filesystems.FileUtil.runAtomicAction(FileUtil.java:417)
  org.netbeans.core.startup.NbInstaller.load(NbInstaller.java:319)
  org.netbeans.ModuleManager.enable(ModuleManager.java:1449)
  org.netbeans.ModuleManager.enable(ModuleManager.java:1254)
  org.netbeans.core.startup.ModuleList.installNew(ModuleList.java:315)
  org.netbeans.core.startup.ModuleList.trigger(ModuleList.java:251)
  org.netbeans.core.startup.ModuleSystem.restore(ModuleSystem.java:298)
  org.netbeans.core.startup.Main.getModuleSystem(Main.java:156)
  org.netbeans.core.startup.Main.getModuleSystem(Main.java:125)
  org.netbeans.core.startup.Main.start(Main.java:282)
  org.netbeans.core.startup.TopThreadGroup.run(TopThreadGroup.java:98)
  java.base/java.lang.Thread.run(Thread.java:831)

[org.openide.util.Exceptions] THREAD: main MSG: null
java.lang.IllegalAccessException: class org.netbeans.Module cannot access a member of class java.lang.ClassLoader (in module java.base) with modifiers &quot;protected&quot;
  java.base/jdk.internal.reflect.Reflection.newIllegalAccessException(Reflection.java:385)
  java.base/java.lang.reflect.AccessibleObject.checkAccess(AccessibleObject.java:687)
  java.base/java.lang.reflect.Method.invoke(Method.java:559)
  org.netbeans.Module.findResources(Module.java:570)
  org.netbeans.core.startup.NbInstaller.loadLayers(NbInstaller.java:605)
  org.netbeans.core.startup.NbInstaller.loadImpl(NbInstaller.java:332)
  org.netbeans.core.startup.NbInstaller.access$000(NbInstaller.java:77)
  org.netbeans.core.startup.NbInstaller$1.run(NbInstaller.java:322)
  org.openide.filesystems.FileUtil$2.run(FileUtil.java:413)
  org.openide.filesystems.EventControl.runAtomicAction(EventControl.java:102)
  org.openide.filesystems.FileSystem.runAtomicAction(FileSystem.java:494)
  org.openide.filesystems.FileUtil.runAtomicAction(FileUtil.java:397)
  org.openide.filesystems.FileUtil.runAtomicAction(FileUtil.java:417)
  org.netbeans.core.startup.NbInstaller.load(NbInstaller.java:319)
  org.netbeans.ModuleManager.enable(ModuleManager.java:1449)
  org.netbeans.ModuleManager.enable(ModuleManager.java:1254)
  org.netbeans.core.startup.ModuleList.installNew(ModuleList.java:315)
  org.netbeans.core.startup.ModuleList.trigger(ModuleList.java:251)
  org.netbeans.core.startup.ModuleSystem.restore(ModuleSystem.java:298)
  org.netbeans.core.startup.Main.getModuleSystem(Main.java:156)
  org.netbeans.core.startup.Main.getModuleSystem(Main.java:125)
  org.netbeans.core.startup.Main.start(Main.java:282)
  org.netbeans.core.startup.TopThreadGroup.run(TopThreadGroup.java:98)
  java.base/java.lang.Thread.run(Thread.java:831)

[org.openide.util.Exceptions] THREAD: main MSG: null
java.lang.IllegalAccessException: class org.netbeans.Module cannot access a member of class java.lang.ClassLoader (in module java.base) with modifiers &quot;protected&quot;
  java.base/jdk.internal.reflect.Reflection.newIllegalAccessException(Reflection.java:385)
  java.base/java.lang.reflect.AccessibleObject.checkAccess(AccessibleObject.java:687)
  java.base/java.lang.reflect.Method.invoke(Method.java:559)
  org.netbeans.Module.findResources(Module.java:570)
  org.netbeans.core.startup.NbInstaller.loadLayers(NbInstaller.java:605)
  org.netbeans.core.startup.NbInstaller.loadImpl(NbInstaller.java:332)
  org.netbeans.core.startup.NbInstaller.access$000(NbInstaller.java:77)
  org.netbeans.core.startup.NbInstaller$1.run(NbInstaller.java:322)
  org.openide.filesystems.FileUtil$2.run(FileUtil.java:413)
  org.openide.filesystems.EventControl.runAtomicAction(EventControl.java:102)
  org.openide.filesystems.FileSystem.runAtomicAction(FileSystem.java:494)
  org.openide.filesystems.FileUtil.runAtomicAction(FileUtil.java:397)
  org.openide.filesystems.FileUtil.runAtomicAction(FileUtil.java:417)
  org.netbeans.core.startup.NbInstaller.load(NbInstaller.java:319)
  org.netbeans.ModuleManager.enable(ModuleManager.java:1449)
  org.netbeans.ModuleManager.enable(ModuleManager.java:1254)
  org.netbeans.core.startup.ModuleList.installNew(ModuleList.java:315)
  org.netbeans.core.startup.ModuleList.trigger(ModuleList.java:251)
  org.netbeans.core.startup.ModuleSystem.restore(ModuleSystem.java:298)
  org.netbeans.core.startup.Main.getModuleSystem(Main.java:156)
  org.netbeans.core.startup.Main.getModuleSystem(Main.java:125)
  org.netbeans.core.startup.Main.start(Main.java:282)
  org.netbeans.core.startup.TopThreadGroup.run(TopThreadGroup.java:98)
  java.base/java.lang.Thread.run(Thread.java:831)


	at org.netbeans.junit.internal.NbModuleLogHandler.checkFailures(NbModuleLogHandler.java:200)
	at org.netbeans.junit.internal.NbModuleLogHandler$FailOnException.run(NbModuleLogHandler.java:222)
	at junit.framework.TestSuite.runTest(TestSuite.java:252)
	at junit.framework.TestSuite.run(TestSuite.java:247)
	at org.netbeans.junit.NbModuleSuite$S.runInRuntimeContainer(NbModuleSuite.java:939)
	at org.netbeans.junit.NbModuleSuite$S.access$100(NbModuleSuite.java:660)
	at org.netbeans.junit.NbModuleSuite$S$1.protect(NbModuleSuite.java:681)
	at junit.framework.TestResult.runProtected(TestResult.java:142)
	at org.netbeans.junit.NbModuleSuite$S.run(NbModuleSuite.java:677)
	at org.junit.internal.runners.JUnit38ClassRunner.run(JUnit38ClassRunner.java:86)
	at org.apache.maven.surefire.junit4.JUnit4Provider.execute(JUnit4Provider.java:252)
	at org.apache.maven.surefire.junit4.JUnit4Provider.executeTestSet(JUnit4Provider.java:141)
	at org.apache.maven.surefire.junit4.JUnit4Provider.invoke(JUnit4Provider.java:112)
	at java.base/jdk.internal.reflect.NativeMethodAccessorImpl.invoke0(Native Method)
	at java.base/jdk.internal.reflect.NativeMethodAccessorImpl.invoke(NativeMethodAccessorImpl.java:78)
	at java.base/jdk.internal.reflect.DelegatingMethodAccessorImpl.invoke(DelegatingMethodAccessorImpl.java:43)
	at java.base/java.lang.reflect.Method.invoke(Method.java:567)
	at org.apache.maven.surefire.util.ReflectionUtils.invokeMethodWithArray(ReflectionUtils.java:189)
	at org.apache.maven.surefire.booter.ProviderFactory$ProviderProxy.invoke(ProviderFactory.java:165)
	at org.apache.maven.surefire.booter.ProviderFactory.invokeProvider(ProviderFactory.java:85)
	at org.apache.maven.surefire.booter.ForkedBooter.runSuitesInProcess(ForkedBooter.java:113)
	at org.apache.maven.surefire.booter.ForkedBooter.main(ForkedBooter.java:75)
</failure>
  </testcase>
</testsuite>