<?xml version="1.0" encoding="UTF-8" ?>
<testsuite tests="1" failures="0" name="dk.sdu.mmmi.cbse.asteroidsnetbeansmodules.ApplicationTest" time="1.026" errors="1" skipped="0">
  <properties>
[...]
</properties>
  <testcase classname="dk.sdu.mmmi.cbse.asteroidsnetbeansmodules.ApplicationTest" name="testApplication" time="1.026">
    <error message="/Users/jcs/Workspace/GitHub/SB4-KOM-F20/AsteroidsNetbeansModules/application/src/test/resources/enemy/updates.xml" type="java.nio.file.NoSuchFileException">java.nio.file.NoSuchFileException: /Users/jcs/Workspace/GitHub/SB4-KOM-F20/AsteroidsNetbeansModules/application/src/test/resources/enemy/updates.xml
	at sun.nio.fs.UnixException.translateToIOException(UnixException.java:86)
	at sun.nio.fs.UnixException.rethrowAsIOException(UnixException.java:102)
	at sun.nio.fs.UnixException.rethrowAsIOException(UnixException.java:107)
	at sun.nio.fs.UnixCopyFile.copy(UnixCopyFile.java:526)
	at sun.nio.fs.UnixFileSystemProvider.copy(UnixFileSystemProvider.java:253)
	at java.nio.file.Files.copy(Files.java:1274)
	at dk.sdu.mmmi.cbse.asteroidsnetbeansmodules.ApplicationTest.testApplication(ApplicationTest.java:52)
	at sun.reflect.NativeMethodAccessorImpl.invoke0(Native Method)
	at sun.reflect.NativeMethodAccessorImpl.invoke(NativeMethodAccessorImpl.java:62)
	at sun.reflect.DelegatingMethodAccessorImpl.invoke(DelegatingMethodAccessorImpl.java:43)
	at java.lang.reflect.Method.invoke(Method.java:498)
	at junit.framework.TestCase.runTest(TestCase.java:176)
	at org.netbeans.junit.NbTestCase.access$200(NbTestCase.java:77)
	at org.netbeans.junit.NbTestCase$2.doSomething(NbTestCase.java:460)
	at org.netbeans.junit.NbTestCase$1Guard.run(NbTestCase.java:386)
	at org.netbeans.junit.NbTestCase.runBare(NbTestCase.java:479)
	at junit.framework.TestResult$1.protect(TestResult.java:122)
	at junit.framework.TestResult.runProtected(TestResult.java:142)
	at junit.framework.TestResult.run(TestResult.java:125)
	at junit.framework.TestCase.run(TestCase.java:129)
	at org.netbeans.junit.NbTestCase.run(NbTestCase.java:275)
	at junit.framework.TestSuite.runTest(TestSuite.java:252)
	at org.netbeans.junit.NbModuleSuite$NbTestSuiteLogCheck.runTest(NbModuleSuite.java:1608)
	at junit.framework.TestSuite.run(TestSuite.java:247)
	at junit.framework.TestSuite.runTest(TestSuite.java:252)
	at junit.framework.TestSuite.run(TestSuite.java:247)
	at org.netbeans.junit.NbModuleSuite$S.runInRuntimeContainer(NbModuleSuite.java:939)
	at org.netbeans.junit.NbModuleSuite$S.access$100(NbModuleSuite.java:660)
	at org.netbeans.junit.NbModuleSuite$S$1.protect(NbModuleSuite.java:681)
	at junit.framework.TestResult.runProtected(TestResult.java:142)
	at org.netbeans.junit.NbModuleSuite$S.run(NbModuleSuite.java:677)
	at org.junit.internal.runners.JUnit38ClassRunner.run(JUnit38ClassRunner.java:86)
	at org.apache.maven.surefire.junit4.JUnit4Provider.execute(JUnit4Provider.java:252)
	at org.apache.maven.surefire.junit4.JUnit4Provider.executeTestSet(JUnit4Provider.java:141)
	at org.apache.maven.surefire.junit4.JUnit4Provider.invoke(JUnit4Provider.java:112)
	at sun.reflect.NativeMethodAccessorImpl.invoke0(Native Method)
	at sun.reflect.NativeMethodAccessorImpl.invoke(NativeMethodAccessorImpl.java:62)
	at sun.reflect.DelegatingMethodAccessorImpl.invoke(DelegatingMethodAccessorImpl.java:43)
	at java.lang.reflect.Method.invoke(Method.java:498)
	at org.apache.maven.surefire.util.ReflectionUtils.invokeMethodWithArray(ReflectionUtils.java:189)
	at org.apache.maven.surefire.booter.ProviderFactory$ProviderProxy.invoke(ProviderFactory.java:165)
	at org.apache.maven.surefire.booter.ProviderFactory.invokeProvider(ProviderFactory.java:85)
	at org.apache.maven.surefire.booter.ForkedBooter.runSuitesInProcess(ForkedBooter.java:113)
	at org.apache.maven.surefire.booter.ForkedBooter.main(ForkedBooter.java:75)
</error>
    <system-err>System class loader patches: /Users/sk/Documents/Uni/SoftwareEngineering/4Semester/Component-Based-Systems-SE-Semester4-f22/assignments/Assignment1/NetBeansLab2/AsteroidsNetbeansModules/application/target/test-classes
-------------------------------------------------------------------------------
&gt;Log Session: Saturday, April 9, 2022 5:18:37 PM CEST
&gt;System Info: 
  Product Version         = Apache NetBeans Platform Dev (Build 11.2-d04fb24027334c4b6fd8397b5d0cdd33187a8f54)
  Operating System        = Mac OS X version 10.16 running on x86_64
  Java; VM; Vendor        = 1.8.0_281; Java HotSpot(TM) 64-Bit Server VM 25.281-b09; Oracle Corporation
  Runtime                 = Java(TM) SE Runtime Environment 1.8.0_281-b09
  Java Home               = /Library/Java/JavaVirtualMachines/jdk1.8.0_281.jdk/Contents/Home/jre
  System Locale; Encoding = en_US (asteroidsnetbeansmodules); UTF-8
  Home Directory          = /Users/sk
  Current Directory       = /Users/sk/Documents/Uni/SoftwareEngineering/4Semester/Component-Based-Systems-SE-Semester4-f22/assignments/Assignment1/NetBeansLab2/AsteroidsNetbeansModules/application
  User Directory          = /var/folders/54/76vjfwl5301f54g2791yjj5m0000gn/T/tests-sk/userdir0
  Cache Directory         = /var/folders/54/76vjfwl5301f54g2791yjj5m0000gn/T/tests-sk/userdir0/var/cache
  Installation            = /Users/sk/Documents/Uni/SoftwareEngineering/4Semester/Component-Based-Systems-SE-Semester4-f22/assignments/Assignment1/NetBeansLab2/AsteroidsNetbeansModules/application/target/asteroidsnetbeansmodules/asteroidsnetbeansmodules
                            /Users/sk/Documents/Uni/SoftwareEngineering/4Semester/Component-Based-Systems-SE-Semester4-f22/assignments/Assignment1/NetBeansLab2/AsteroidsNetbeansModules/application/target/asteroidsnetbeansmodules/platform
  Boot &amp; Ext. Classpath   = /Library/Java/JavaVirtualMachines/jdk1.8.0_281.jdk/Contents/Home/jre/lib/resources.jar:/Library/Java/JavaVirtualMachines/jdk1.8.0_281.jdk/Contents/Home/jre/lib/rt.jar:/Library/Java/JavaVirtualMachines/jdk1.8.0_281.jdk/Contents/Home/jre/lib/sunrsasign.jar:/Library/Java/JavaVirtualMachines/jdk1.8.0_281.jdk/Contents/Home/jre/lib/jsse.jar:/Library/Java/JavaVirtualMachines/jdk1.8.0_281.jdk/Contents/Home/jre/lib/jce.jar:/Library/Java/JavaVirtualMachines/jdk1.8.0_281.jdk/Contents/Home/jre/lib/charsets.jar:/Library/Java/JavaVirtualMachines/jdk1.8.0_281.jdk/Contents/Home/jre/lib/jfr.jar:/Library/Java/JavaVirtualMachines/jdk1.8.0_281.jdk/Contents/Home/jre/classes:/Library/Java/JavaVirtualMachines/jdk1.8.0_281.jdk/Contents/Home/jre/lib/ext/sunec.jar:/Library/Java/JavaVirtualMachines/jdk1.8.0_281.jdk/Contents/Home/jre/lib/ext/nashorn.jar:/Library/Java/JavaVirtualMachines/jdk1.8.0_281.jdk/Contents/Home/jre/lib/ext/cldrdata.jar:/Library/Java/JavaVirtualMachines/jdk1.8.0_281.jdk/Contents/Home/jre/lib/ext/jfxrt.jar:/Library/Java/JavaVirtualMachines/jdk1.8.0_281.jdk/Contents/Home/jre/lib/ext/dnsns.jar:/Library/Java/JavaVirtualMachines/jdk1.8.0_281.jdk/Contents/Home/jre/lib/ext/localedata.jar:/Library/Java/JavaVirtualMachines/jdk1.8.0_281.jdk/Contents/Home/jre/lib/ext/sunjce_provider.jar:/Library/Java/JavaVirtualMachines/jdk1.8.0_281.jdk/Contents/Home/jre/lib/ext/sunpkcs11.jar:/Library/Java/JavaVirtualMachines/jdk1.8.0_281.jdk/Contents/Home/jre/lib/ext/jaccess.jar:/Library/Java/JavaVirtualMachines/jdk1.8.0_281.jdk/Contents/Home/jre/lib/ext/zipfs.jar
  Application Classpath   = loaded by URLClassLoader file:/Users/sk/Documents/Uni/SoftwareEngineering/4Semester/Component-Based-Systems-SE-Semester4-f22/assignments/Assignment1/NetBeansLab2/AsteroidsNetbeansModules/application/target/asteroidsnetbeansmodules/platform/lib/org-openide-util-lookup.jar file:/Users/sk/Documents/Uni/SoftwareEngineering/4Semester/Component-Based-Systems-SE-Semester4-f22/assignments/Assignment1/NetBeansLab2/AsteroidsNetbeansModules/application/target/asteroidsnetbeansmodules/platform/lib/org-openide-modules.jar file:/Users/sk/Documents/Uni/SoftwareEngineering/4Semester/Component-Based-Systems-SE-Semester4-f22/assignments/Assignment1/NetBeansLab2/AsteroidsNetbeansModules/application/target/asteroidsnetbeansmodules/platform/lib/org-openide-util-ui.jar file:/Users/sk/Documents/Uni/SoftwareEngineering/4Semester/Component-Based-Systems-SE-Semester4-f22/assignments/Assignment1/NetBeansLab2/AsteroidsNetbeansModules/application/target/asteroidsnetbeansmodules/platform/lib/boot.jar file:/Users/sk/Documents/Uni/SoftwareEngineering/4Semester/Component-Based-Systems-SE-Semester4-f22/assignments/Assignment1/NetBeansLab2/AsteroidsNetbeansModules/application/target/asteroidsnetbeansmodules/platform/lib/org-openide-util.jar file:/Library/Java/JavaVirtualMachines/jdk1.8.0_281.jdk/Contents/Home/lib/jconsole.jar file:/Library/Java/JavaVirtualMachines/jdk1.8.0_281.jdk/Contents/Home/lib/tools.jar file:/Library/Java/JavaVirtualMachines/jdk1.8.0_281.jdk/Contents/Home/lib/ant-javafx.jar file:/Library/Java/JavaVirtualMachines/jdk1.8.0_281.jdk/Contents/Home/lib/javafx-mx.jar file:/Library/Java/JavaVirtualMachines/jdk1.8.0_281.jdk/Contents/Home/lib/packager.jar file:/Library/Java/JavaVirtualMachines/jdk1.8.0_281.jdk/Contents/Home/lib/dt.jar file:/Library/Java/JavaVirtualMachines/jdk1.8.0_281.jdk/Contents/Home/lib/sa-jdi.jar
  Startup Classpath       = /Users/sk/Documents/Uni/SoftwareEngineering/4Semester/Component-Based-Systems-SE-Semester4-f22/assignments/Assignment1/NetBeansLab2/AsteroidsNetbeansModules/application/target/asteroidsnetbeansmodules/platform/core/org-netbeans-libs-asm.jar:/Users/sk/Documents/Uni/SoftwareEngineering/4Semester/Component-Based-Systems-SE-Semester4-f22/assignments/Assignment1/NetBeansLab2/AsteroidsNetbeansModules/application/target/asteroidsnetbeansmodules/platform/core/asm-all-5.0.1.jar:/Users/sk/Documents/Uni/SoftwareEngineering/4Semester/Component-Based-Systems-SE-Semester4-f22/assignments/Assignment1/NetBeansLab2/AsteroidsNetbeansModules/application/target/asteroidsnetbeansmodules/platform/core/org-openide-filesystems.jar:/Users/sk/Documents/Uni/SoftwareEngineering/4Semester/Component-Based-Systems-SE-Semester4-f22/assignments/Assignment1/NetBeansLab2/AsteroidsNetbeansModules/application/target/asteroidsnetbeansmodules/platform/core/core.jar:/Users/sk/Documents/Uni/SoftwareEngineering/4Semester/Component-Based-Systems-SE-Semester4-f22/assignments/Assignment1/NetBeansLab2/AsteroidsNetbeansModules/application/target/asteroidsnetbeansmodules/platform/core/core-base.jar
-------------------------------------------------------------------------------
INFO [org.netbeans.core.startup.NbEvents]: Turning on modules:
	org.openide.util.lookup [8.39 11.2-d04fb24027334c4b6fd8397b5d0cdd33187a8f54]
	org.openide.util [9.13 11.2-d04fb24027334c4b6fd8397b5d0cdd33187a8f54]
	org.openide.util.ui [9.14 11.2-d04fb24027334c4b6fd8397b5d0cdd33187a8f54]
	org.openide.modules [7.54 11.2-d04fb24027334c4b6fd8397b5d0cdd33187a8f54]
	org.netbeans.api.annotations.common/1 [1.33 11.2-d04fb24027334c4b6fd8397b5d0cdd33187a8f54]
	org.openide.filesystems [9.16 11.2-d04fb24027334c4b6fd8397b5d0cdd33187a8f54]
	org.netbeans.api.intent [1.8 11.2-d04fb24027334c4b6fd8397b5d0cdd33187a8f54]
	org.netbeans.api.io [1.9 11.2-d04fb24027334c4b6fd8397b5d0cdd33187a8f54]
	org.openide.io [1.55 11.2-d04fb24027334c4b6fd8397b5d0cdd33187a8f54]
	org.openide.awt [7.74 11.2-d04fb24027334c4b6fd8397b5d0cdd33187a8f54]
	org.netbeans.libs.asm [5.9 11.2-d04fb24027334c4b6fd8397b5d0cdd33187a8f54]
	org.netbeans.bootstrap/1 [2.84 11.2-d04fb24027334c4b6fd8397b5d0cdd33187a8f54]
	org.netbeans.core.startup.base [1.68.0.1 1 11.2-d04fb24027334c4b6fd8397b5d0cdd33187a8f54]
	org.netbeans.core.startup/1 [1.68.0.1 11.2-d04fb24027334c4b6fd8397b5d0cdd33187a8f54]
	org.netbeans.libs.osgi [1.28 11.2-d04fb24027334c4b6fd8397b5d0cdd33187a8f54]
	org.netbeans.core.netigso [1.37 11.2-d04fb24027334c4b6fd8397b5d0cdd33187a8f54]
	org.netbeans.modules.netbinox [1.47 11.2-d04fb24027334c4b6fd8397b5d0cdd33187a8f54]
	org.netbeans.api.progress/1 [1.53 11.2-d04fb24027334c4b6fd8397b5d0cdd33187a8f54]
	org.netbeans.api.progress.nb [1.53 11.2-d04fb24027334c4b6fd8397b5d0cdd33187a8f54]
	org.netbeans.modules.autoupdate.services [1.59 11.2-d04fb24027334c4b6fd8397b5d0cdd33187a8f54]
	dk.sdu.mmmi.cbse.SilentUpdate [1.0 1.0-20220408 202204081124]
	dk.sdu.mmmi.cbse.Common [1.0 1.0-20220408 202204081124]
</system-err>
  </testcase>
</testsuite>